vti_encoding:SR|utf8-nl
vti_extenderversion:SR|3.0.2.1330
vti_timelastmodified:TR|21 Dec 1998 23:04:12 -0000
98.12.21 23:04 B D:\\FrontPage Webs\\Content\\meinweb\\_fpclass\\_vti_cnf\\fphoverx.class --> www.homepages.de /_fpclass/_vti_cnf fphoverx.class
99.01.05 08:27 B D:\FrontPage Webs\Content\meinweb\_fpclass\_vti_cnf\fphover.class --> www.addr.com /usr/home/awolf/_fpclass/_vti_cnf fphover.class
99.01.05 08:27 B D:\FrontPage Webs\Content\meinweb\_fpclass\_vti_cnf\fphoverx.class --> www.addr.com /usr/home/awolf/_fpclass/_vti_cnf fphoverx.class
99.01.05 08:27 B D:\FrontPage Webs\Content\meinweb\_fpclass\_vti_cnf\WS_FTP.LOG --> www.addr.com /usr/home/awolf/_fpclass/_vti_cnf WS_FTP.LOG
99.01.05 21:30 B D:\FrontPage Webs\Content\meinweb\_fpclass\_vti_cnf\fphover.class --> www.addr.com /usr/home/awolf/_fpclass/_vti_cnf fphover.class
99.01.05 21:30 B D:\FrontPage Webs\Content\meinweb\_fpclass\_vti_cnf\fphoverx.class --> www.addr.com /usr/home/awolf/_fpclass/_vti_cnf fphoverx.class
99.01.05 21:30 B D:\FrontPage Webs\Content\meinweb\_fpclass\_vti_cnf\WS_FTP.LOG --> www.addr.com /usr/home/awolf/_fpclass/_vti_cnf WS_FTP.LOG
99.01.06 10:31 B D:\FrontPage Webs\Content\meinweb\_fpclass\_vti_cnf\fphover.class --> www.addr.com /usr/home/awolf/public_html/_fpclass/_vti_cnf fphover.class
99.01.06 10:31 B D:\FrontPage Webs\Content\meinweb\_fpclass\_vti_cnf\fphoverx.class --> www.addr.com /usr/home/awolf/public_html/_fpclass/_vti_cnf fphoverx.class
99.01.06 10:31 B D:\FrontPage Webs\Content\meinweb\_fpclass\_vti_cnf\WS_FTP.LOG --> www.addr.com /usr/home/awolf/public_html/_fpclass/_vti_cnf WS_FTP.LOG
99.01.12 19:39 B D:\FrontPage Webs\Content\meinweb\_fpclass\_vti_cnf\fphover.class --> www.addr.com /usr/home/awolf/public_html/_fpclass/_vti_cnf fphover.class
99.01.12 19:39 B D:\FrontPage Webs\Content\meinweb\_fpclass\_vti_cnf\fphoverx.class --> www.addr.com /usr/home/awolf/public_html/_fpclass/_vti_cnf fphoverx.class
99.01.12 19:39 B D:\FrontPage Webs\Content\meinweb\_fpclass\_vti_cnf\WS_FTP.LOG --> www.addr.com /usr/home/awolf/public_html/_fpclass/_vti_cnf WS_FTP.LOG
99.01.13 08:30 B D:\FrontPage Webs\Content\meinweb\_fpclass\_vti_cnf\fphover.class --> www.addr.com /usr/home/awolf/public_html/_fpclass/_vti_cnf fphover.class
99.01.13 08:30 B D:\FrontPage Webs\Content\meinweb\_fpclass\_vti_cnf\fphoverx.class --> www.addr.com /usr/home/awolf/public_html/_fpclass/_vti_cnf fphoverx.class
99.01.13 08:30 B D:\FrontPage Webs\Content\meinweb\_fpclass\_vti_cnf\WS_FTP.LOG --> www.addr.com /usr/home/awolf/public_html/_fpclass/_vti_cnf WS_FTP.LOG
99.01.16 18:06 B D:\FrontPage Webs\Content\meinweb\_fpclass\_vti_cnf\fphover.class --> www.addr.com /usr/home/awolf/public_html/_fpclass/_vti_cnf fphover.class
99.01.16 18:06 B D:\FrontPage Webs\Content\meinweb\_fpclass\_vti_cnf\fphoverx.class --> www.addr.com /usr/home/awolf/public_html/_fpclass/_vti_cnf fphoverx.class
99.01.16 18:06 B D:\FrontPage Webs\Content\meinweb\_fpclass\_vti_cnf\WS_FTP.LOG --> www.addr.com /usr/home/awolf/public_html/_fpclass/_vti_cnf WS_FTP.LOG
99.01.16 18:58 B D:\FrontPage Webs\Content\meinweb\_fpclass\_vti_cnf\fphover.class --> www.addr.com /usr/home/awolf/public_html/_fpclass/_vti_cnf fphover.class
99.01.16 18:58 B D:\FrontPage Webs\Content\meinweb\_fpclass\_vti_cnf\fphoverx.class --> www.addr.com /usr/home/awolf/public_html/_fpclass/_vti_cnf fphoverx.class
99.01.16 18:58 B D:\FrontPage Webs\Content\meinweb\_fpclass\_vti_cnf\WS_FTP.LOG --> www.addr.com /usr/home/awolf/public_html/_fpclass/_vti_cnf WS_FTP.LOG
99.03.16 21:14 B D:\FrontPage Webs\Content\meinweb\_fpclass\_vti_cnf\fphover.class --> www.addr.com /usr/home/awolf/public_html/_fpclass/_vti_cnf fphover.class
99.03.16 21:14 B D:\FrontPage Webs\Content\meinweb\_fpclass\_vti_cnf\fphoverx.class --> www.addr.com /usr/home/awolf/public_html/_fpclass/_vti_cnf fphoverx.class
99.03.16 21:14 B D:\FrontPage Webs\Content\meinweb\_fpclass\_vti_cnf\WS_FTP.LOG --> www.addr.com /usr/home/awolf/public_html/_fpclass/_vti_cnf WS_FTP.LOG
99.03.16 22:16 B D:\FrontPage Webs\Content\meinweb\_fpclass\_vti_cnf\fphover.class --> www.addr.com /usr/home/awolf/public_html/_fpclass/_vti_cnf fphover.class
99.03.16 22:16 B D:\FrontPage Webs\Content\meinweb\_fpclass\_vti_cnf\fphoverx.class --> www.addr.com /usr/home/awolf/public_html/_fpclass/_vti_cnf fphoverx.class
99.03.16 22:16 B D:\FrontPage Webs\Content\meinweb\_fpclass\_vti_cnf\WS_FTP.LOG --> www.addr.com /usr/home/awolf/public_html/_fpclass/_vti_cnf WS_FTP.LOG
99.03.24 23:35 B D:\FrontPage Webs\Content\meinweb\_fpclass\_vti_cnf\fphover.class --> www.addr.com /usr/home/awolf/public_html/_fpclass/_vti_cnf fphover.class
99.03.24 23:35 B D:\FrontPage Webs\Content\meinweb\_fpclass\_vti_cnf\fphoverx.class --> www.addr.com /usr/home/awolf/public_html/_fpclass/_vti_cnf fphoverx.class
99.03.24 23:36 B D:\FrontPage Webs\Content\meinweb\_fpclass\_vti_cnf\WS_FTP.LOG --> www.addr.com /usr/home/awolf/public_html/_fpclass/_vti_cnf WS_FTP.LOG
1999.10.23 09:29 B D:\FrontPage Webs\Content\meinweb\_fpclass\_vti_cnf\WS_FTP.LOG <-- www.jeans-land.com /usr6/home/awolf/public_html/_fpclass/_vti_cnf WS_FTP.LOG
