99.01.05 08:30 B D:\FrontPage Webs\Content\meinweb\_themes\clearday\color0.css --> www.addr.com /usr/home/awolf/_themes/clearday color0.css
99.01.05 08:30 B D:\FrontPage Webs\Content\meinweb\_themes\clearday\color1.css --> www.addr.com /usr/home/awolf/_themes/clearday color1.css
99.01.05 08:30 B D:\FrontPage Webs\Content\meinweb\_themes\clearday\graph0.css --> www.addr.com /usr/home/awolf/_themes/clearday graph0.css
99.01.05 08:30 B D:\FrontPage Webs\Content\meinweb\_themes\clearday\graph1.css --> www.addr.com /usr/home/awolf/_themes/clearday graph1.css
99.01.05 08:30 B D:\FrontPage Webs\Content\meinweb\_themes\clearday\theme.css --> www.addr.com /usr/home/awolf/_themes/clearday theme.css
99.01.05 08:30 B D:\FrontPage Webs\Content\meinweb\_themes\clearday\acdbnr.gif --> www.addr.com /usr/home/awolf/_themes/clearday acdbnr.gif
99.01.05 08:30 B D:\FrontPage Webs\Content\meinweb\_themes\clearday\acdbull1.gif --> www.addr.com /usr/home/awolf/_themes/clearday acdbull1.gif
99.01.05 08:30 B D:\FrontPage Webs\Content\meinweb\_themes\clearday\acdbull2.gif --> www.addr.com /usr/home/awolf/_themes/clearday acdbull2.gif
99.01.05 08:30 B D:\FrontPage Webs\Content\meinweb\_themes\clearday\acdbull3.gif --> www.addr.com /usr/home/awolf/_themes/clearday acdbull3.gif
99.01.05 08:30 B D:\FrontPage Webs\Content\meinweb\_themes\clearday\acdhb.gif --> www.addr.com /usr/home/awolf/_themes/clearday acdhb.gif
99.01.05 08:30 B D:\FrontPage Webs\Content\meinweb\_themes\clearday\acdhbh.gif --> www.addr.com /usr/home/awolf/_themes/clearday acdhbh.gif
99.01.05 08:30 B D:\FrontPage Webs\Content\meinweb\_themes\clearday\acdhbs.gif --> www.addr.com /usr/home/awolf/_themes/clearday acdhbs.gif
99.01.05 08:30 B D:\FrontPage Webs\Content\meinweb\_themes\clearday\acdhome.gif --> www.addr.com /usr/home/awolf/_themes/clearday acdhome.gif
99.01.05 08:30 B D:\FrontPage Webs\Content\meinweb\_themes\clearday\acdhomeh.gif --> www.addr.com /usr/home/awolf/_themes/clearday acdhomeh.gif
99.01.05 08:30 B D:\FrontPage Webs\Content\meinweb\_themes\clearday\acdhomes.gif --> www.addr.com /usr/home/awolf/_themes/clearday acdhomes.gif
99.01.05 08:30 B D:\FrontPage Webs\Content\meinweb\_themes\clearday\acdnext.gif --> www.addr.com /usr/home/awolf/_themes/clearday acdnext.gif
99.01.05 08:30 B D:\FrontPage Webs\Content\meinweb\_themes\clearday\acdnexth.gif --> www.addr.com /usr/home/awolf/_themes/clearday acdnexth.gif
99.01.05 08:30 B D:\FrontPage Webs\Content\meinweb\_themes\clearday\acdnexts.gif --> www.addr.com /usr/home/awolf/_themes/clearday acdnexts.gif
99.01.05 08:30 B D:\FrontPage Webs\Content\meinweb\_themes\clearday\acdprev.gif --> www.addr.com /usr/home/awolf/_themes/clearday acdprev.gif
99.01.05 08:30 B D:\FrontPage Webs\Content\meinweb\_themes\clearday\acdprevh.gif --> www.addr.com /usr/home/awolf/_themes/clearday acdprevh.gif
99.01.05 08:30 B D:\FrontPage Webs\Content\meinweb\_themes\clearday\acdprevs.gif --> www.addr.com /usr/home/awolf/_themes/clearday acdprevs.gif
99.01.05 08:30 B D:\FrontPage Webs\Content\meinweb\_themes\clearday\acdrule.gif --> www.addr.com /usr/home/awolf/_themes/clearday acdrule.gif
99.01.05 08:30 B D:\FrontPage Webs\Content\meinweb\_themes\clearday\acdup.gif --> www.addr.com /usr/home/awolf/_themes/clearday acdup.gif
99.01.05 08:30 B D:\FrontPage Webs\Content\meinweb\_themes\clearday\acduph.gif --> www.addr.com /usr/home/awolf/_themes/clearday acduph.gif
99.01.05 08:30 B D:\FrontPage Webs\Content\meinweb\_themes\clearday\acdups.gif --> www.addr.com /usr/home/awolf/_themes/clearday acdups.gif
99.01.05 08:30 B D:\FrontPage Webs\Content\meinweb\_themes\clearday\acdvb.gif --> www.addr.com /usr/home/awolf/_themes/clearday acdvb.gif
99.01.05 08:30 B D:\FrontPage Webs\Content\meinweb\_themes\clearday\acdvbh.gif --> www.addr.com /usr/home/awolf/_themes/clearday acdvbh.gif
99.01.05 08:30 B D:\FrontPage Webs\Content\meinweb\_themes\clearday\acdvbs.gif --> www.addr.com /usr/home/awolf/_themes/clearday acdvbs.gif
99.01.05 08:30 B D:\FrontPage Webs\Content\meinweb\_themes\clearday\cdbkgnd.gif --> www.addr.com /usr/home/awolf/_themes/clearday cdbkgnd.gif
99.01.05 08:30 B D:\FrontPage Webs\Content\meinweb\_themes\clearday\cdbnr.gif --> www.addr.com /usr/home/awolf/_themes/clearday cdbnr.gif
99.01.05 08:30 B D:\FrontPage Webs\Content\meinweb\_themes\clearday\cdbull1.gif --> www.addr.com /usr/home/awolf/_themes/clearday cdbull1.gif
99.01.05 08:30 B D:\FrontPage Webs\Content\meinweb\_themes\clearday\cdbull2.gif --> www.addr.com /usr/home/awolf/_themes/clearday cdbull2.gif
99.01.05 08:30 B D:\FrontPage Webs\Content\meinweb\_themes\clearday\cdbull3.gif --> www.addr.com /usr/home/awolf/_themes/clearday cdbull3.gif
99.01.05 08:30 B D:\FrontPage Webs\Content\meinweb\_themes\clearday\cdglb.gif --> www.addr.com /usr/home/awolf/_themes/clearday cdglb.gif
99.01.05 08:30 B D:\FrontPage Webs\Content\meinweb\_themes\clearday\cdhb.gif --> www.addr.com /usr/home/awolf/_themes/clearday cdhb.gif
99.01.05 08:30 B D:\FrontPage Webs\Content\meinweb\_themes\clearday\cdhome.gif --> www.addr.com /usr/home/awolf/_themes/clearday cdhome.gif
99.01.05 08:30 B D:\FrontPage Webs\Content\meinweb\_themes\clearday\cdnext.gif --> www.addr.com /usr/home/awolf/_themes/clearday cdnext.gif
99.01.05 08:30 B D:\FrontPage Webs\Content\meinweb\_themes\clearday\cdprev.gif --> www.addr.com /usr/home/awolf/_themes/clearday cdprev.gif
99.01.05 08:30 B D:\FrontPage Webs\Content\meinweb\_themes\clearday\cdrule.gif --> www.addr.com /usr/home/awolf/_themes/clearday cdrule.gif
99.01.05 08:30 B D:\FrontPage Webs\Content\meinweb\_themes\clearday\cdshb.gif --> www.addr.com /usr/home/awolf/_themes/clearday cdshb.gif
99.01.05 08:30 B D:\FrontPage Webs\Content\meinweb\_themes\clearday\cdsvb.gif --> www.addr.com /usr/home/awolf/_themes/clearday cdsvb.gif
99.01.05 08:30 B D:\FrontPage Webs\Content\meinweb\_themes\clearday\cdup.gif --> www.addr.com /usr/home/awolf/_themes/clearday cdup.gif
99.01.05 08:30 B D:\FrontPage Webs\Content\meinweb\_themes\clearday\cdvb.gif --> www.addr.com /usr/home/awolf/_themes/clearday cdvb.gif
99.01.05 08:30 B D:\FrontPage Webs\Content\meinweb\_themes\clearday\clearday.inf --> www.addr.com /usr/home/awolf/_themes/clearday clearday.inf
99.01.05 08:30 B D:\FrontPage Webs\Content\meinweb\_themes\clearday\clearday.utf8 --> www.addr.com /usr/home/awolf/_themes/clearday clearday.utf8
99.01.05 21:35 B D:\FrontPage Webs\Content\meinweb\_themes\clearday\color0.css --> www.addr.com /usr/home/awolf/_themes/clearday color0.css
99.01.05 21:35 B D:\FrontPage Webs\Content\meinweb\_themes\clearday\color1.css --> www.addr.com /usr/home/awolf/_themes/clearday color1.css
99.01.05 21:35 B D:\FrontPage Webs\Content\meinweb\_themes\clearday\graph0.css --> www.addr.com /usr/home/awolf/_themes/clearday graph0.css
99.01.05 21:35 B D:\FrontPage Webs\Content\meinweb\_themes\clearday\graph1.css --> www.addr.com /usr/home/awolf/_themes/clearday graph1.css
99.01.05 21:35 B D:\FrontPage Webs\Content\meinweb\_themes\clearday\theme.css --> www.addr.com /usr/home/awolf/_themes/clearday theme.css
99.01.05 21:35 B D:\FrontPage Webs\Content\meinweb\_themes\clearday\acdbnr.gif --> www.addr.com /usr/home/awolf/_themes/clearday acdbnr.gif
99.01.05 21:35 B D:\FrontPage Webs\Content\meinweb\_themes\clearday\acdbull1.gif --> www.addr.com /usr/home/awolf/_themes/clearday acdbull1.gif
99.01.05 21:35 B D:\FrontPage Webs\Content\meinweb\_themes\clearday\acdbull2.gif --> www.addr.com /usr/home/awolf/_themes/clearday acdbull2.gif
99.01.05 21:35 B D:\FrontPage Webs\Content\meinweb\_themes\clearday\acdbull3.gif --> www.addr.com /usr/home/awolf/_themes/clearday acdbull3.gif
99.01.05 21:35 B D:\FrontPage Webs\Content\meinweb\_themes\clearday\acdhb.gif --> www.addr.com /usr/home/awolf/_themes/clearday acdhb.gif
99.01.05 21:36 B D:\FrontPage Webs\Content\meinweb\_themes\clearday\acdhbh.gif --> www.addr.com /usr/home/awolf/_themes/clearday acdhbh.gif
99.01.05 21:36 B D:\FrontPage Webs\Content\meinweb\_themes\clearday\acdhbs.gif --> www.addr.com /usr/home/awolf/_themes/clearday acdhbs.gif
99.01.05 21:36 B D:\FrontPage Webs\Content\meinweb\_themes\clearday\acdhome.gif --> www.addr.com /usr/home/awolf/_themes/clearday acdhome.gif
99.01.05 21:36 B D:\FrontPage Webs\Content\meinweb\_themes\clearday\acdhomeh.gif --> www.addr.com /usr/home/awolf/_themes/clearday acdhomeh.gif
99.01.05 21:36 B D:\FrontPage Webs\Content\meinweb\_themes\clearday\acdhomes.gif --> www.addr.com /usr/home/awolf/_themes/clearday acdhomes.gif
99.01.05 21:36 B D:\FrontPage Webs\Content\meinweb\_themes\clearday\acdnext.gif --> www.addr.com /usr/home/awolf/_themes/clearday acdnext.gif
99.01.05 21:36 B D:\FrontPage Webs\Content\meinweb\_themes\clearday\acdnexth.gif --> www.addr.com /usr/home/awolf/_themes/clearday acdnexth.gif
99.01.05 21:36 B D:\FrontPage Webs\Content\meinweb\_themes\clearday\acdnexts.gif --> www.addr.com /usr/home/awolf/_themes/clearday acdnexts.gif
99.01.05 21:36 B D:\FrontPage Webs\Content\meinweb\_themes\clearday\acdprev.gif --> www.addr.com /usr/home/awolf/_themes/clearday acdprev.gif
99.01.05 21:36 B D:\FrontPage Webs\Content\meinweb\_themes\clearday\acdprevh.gif --> www.addr.com /usr/home/awolf/_themes/clearday acdprevh.gif
99.01.05 21:36 B D:\FrontPage Webs\Content\meinweb\_themes\clearday\acdprevs.gif --> www.addr.com /usr/home/awolf/_themes/clearday acdprevs.gif
99.01.05 21:36 B D:\FrontPage Webs\Content\meinweb\_themes\clearday\acdrule.gif --> www.addr.com /usr/home/awolf/_themes/clearday acdrule.gif
99.01.05 21:36 B D:\FrontPage Webs\Content\meinweb\_themes\clearday\acdup.gif --> www.addr.com /usr/home/awolf/_themes/clearday acdup.gif
99.01.05 21:36 B D:\FrontPage Webs\Content\meinweb\_themes\clearday\acduph.gif --> www.addr.com /usr/home/awolf/_themes/clearday acduph.gif
99.01.05 21:36 B D:\FrontPage Webs\Content\meinweb\_themes\clearday\acdups.gif --> www.addr.com /usr/home/awolf/_themes/clearday acdups.gif
99.01.05 21:36 B D:\FrontPage Webs\Content\meinweb\_themes\clearday\acdvb.gif --> www.addr.com /usr/home/awolf/_themes/clearday acdvb.gif
99.01.05 21:36 B D:\FrontPage Webs\Content\meinweb\_themes\clearday\acdvbh.gif --> www.addr.com /usr/home/awolf/_themes/clearday acdvbh.gif
99.01.05 21:36 B D:\FrontPage Webs\Content\meinweb\_themes\clearday\acdvbs.gif --> www.addr.com /usr/home/awolf/_themes/clearday acdvbs.gif
99.01.05 21:36 B D:\FrontPage Webs\Content\meinweb\_themes\clearday\cdbkgnd.gif --> www.addr.com /usr/home/awolf/_themes/clearday cdbkgnd.gif
99.01.05 21:36 B D:\FrontPage Webs\Content\meinweb\_themes\clearday\cdbnr.gif --> www.addr.com /usr/home/awolf/_themes/clearday cdbnr.gif
99.01.05 21:36 B D:\FrontPage Webs\Content\meinweb\_themes\clearday\cdbull1.gif --> www.addr.com /usr/home/awolf/_themes/clearday cdbull1.gif
99.01.05 21:36 B D:\FrontPage Webs\Content\meinweb\_themes\clearday\cdbull2.gif --> www.addr.com /usr/home/awolf/_themes/clearday cdbull2.gif
99.01.05 21:36 B D:\FrontPage Webs\Content\meinweb\_themes\clearday\cdbull3.gif --> www.addr.com /usr/home/awolf/_themes/clearday cdbull3.gif
99.01.05 21:36 B D:\FrontPage Webs\Content\meinweb\_themes\clearday\cdglb.gif --> www.addr.com /usr/home/awolf/_themes/clearday cdglb.gif
99.01.05 21:36 B D:\FrontPage Webs\Content\meinweb\_themes\clearday\cdhb.gif --> www.addr.com /usr/home/awolf/_themes/clearday cdhb.gif
99.01.05 21:36 B D:\FrontPage Webs\Content\meinweb\_themes\clearday\cdhome.gif --> www.addr.com /usr/home/awolf/_themes/clearday cdhome.gif
99.01.05 21:36 B D:\FrontPage Webs\Content\meinweb\_themes\clearday\cdnext.gif --> www.addr.com /usr/home/awolf/_themes/clearday cdnext.gif
99.01.05 21:36 B D:\FrontPage Webs\Content\meinweb\_themes\clearday\cdprev.gif --> www.addr.com /usr/home/awolf/_themes/clearday cdprev.gif
99.01.05 21:36 B D:\FrontPage Webs\Content\meinweb\_themes\clearday\cdrule.gif --> www.addr.com /usr/home/awolf/_themes/clearday cdrule.gif
99.01.05 21:36 B D:\FrontPage Webs\Content\meinweb\_themes\clearday\cdshb.gif --> www.addr.com /usr/home/awolf/_themes/clearday cdshb.gif
99.01.05 21:36 B D:\FrontPage Webs\Content\meinweb\_themes\clearday\cdsvb.gif --> www.addr.com /usr/home/awolf/_themes/clearday cdsvb.gif
99.01.05 21:36 B D:\FrontPage Webs\Content\meinweb\_themes\clearday\cdup.gif --> www.addr.com /usr/home/awolf/_themes/clearday cdup.gif
99.01.05 21:36 B D:\FrontPage Webs\Content\meinweb\_themes\clearday\cdvb.gif --> www.addr.com /usr/home/awolf/_themes/clearday cdvb.gif
99.01.05 21:36 B D:\FrontPage Webs\Content\meinweb\_themes\clearday\clearday.inf --> www.addr.com /usr/home/awolf/_themes/clearday clearday.inf
99.01.05 21:37 B D:\FrontPage Webs\Content\meinweb\_themes\clearday\WS_FTP.LOG --> www.addr.com /usr/home/awolf/_themes/clearday WS_FTP.LOG
99.01.05 21:37 B D:\FrontPage Webs\Content\meinweb\_themes\clearday\clearday.utf8 --> www.addr.com /usr/home/awolf/_themes/clearday clearday.utf8
99.01.06 10:34 B D:\FrontPage Webs\Content\meinweb\_themes\clearday\color0.css --> www.addr.com /usr/home/awolf/public_html/_themes/clearday color0.css
99.01.06 10:34 B D:\FrontPage Webs\Content\meinweb\_themes\clearday\color1.css --> www.addr.com /usr/home/awolf/public_html/_themes/clearday color1.css
99.01.06 10:34 B D:\FrontPage Webs\Content\meinweb\_themes\clearday\graph0.css --> www.addr.com /usr/home/awolf/public_html/_themes/clearday graph0.css
99.01.06 10:34 B D:\FrontPage Webs\Content\meinweb\_themes\clearday\graph1.css --> www.addr.com /usr/home/awolf/public_html/_themes/clearday graph1.css
99.01.06 10:34 B D:\FrontPage Webs\Content\meinweb\_themes\clearday\theme.css --> www.addr.com /usr/home/awolf/public_html/_themes/clearday theme.css
99.01.06 10:34 B D:\FrontPage Webs\Content\meinweb\_themes\clearday\acdbnr.gif --> www.addr.com /usr/home/awolf/public_html/_themes/clearday acdbnr.gif
99.01.06 10:34 B D:\FrontPage Webs\Content\meinweb\_themes\clearday\acdbull1.gif --> www.addr.com /usr/home/awolf/public_html/_themes/clearday acdbull1.gif
99.01.06 10:34 B D:\FrontPage Webs\Content\meinweb\_themes\clearday\acdbull2.gif --> www.addr.com /usr/home/awolf/public_html/_themes/clearday acdbull2.gif
99.01.06 10:34 B D:\FrontPage Webs\Content\meinweb\_themes\clearday\acdbull3.gif --> www.addr.com /usr/home/awolf/public_html/_themes/clearday acdbull3.gif
99.01.06 10:34 B D:\FrontPage Webs\Content\meinweb\_themes\clearday\acdhb.gif --> www.addr.com /usr/home/awolf/public_html/_themes/clearday acdhb.gif
99.01.06 10:34 B D:\FrontPage Webs\Content\meinweb\_themes\clearday\acdhbh.gif --> www.addr.com /usr/home/awolf/public_html/_themes/clearday acdhbh.gif
99.01.06 10:34 B D:\FrontPage Webs\Content\meinweb\_themes\clearday\acdhbs.gif --> www.addr.com /usr/home/awolf/public_html/_themes/clearday acdhbs.gif
99.01.06 10:34 B D:\FrontPage Webs\Content\meinweb\_themes\clearday\acdhome.gif --> www.addr.com /usr/home/awolf/public_html/_themes/clearday acdhome.gif
99.01.06 10:34 B D:\FrontPage Webs\Content\meinweb\_themes\clearday\acdhomeh.gif --> www.addr.com /usr/home/awolf/public_html/_themes/clearday acdhomeh.gif
99.01.06 10:34 B D:\FrontPage Webs\Content\meinweb\_themes\clearday\acdhomes.gif --> www.addr.com /usr/home/awolf/public_html/_themes/clearday acdhomes.gif
99.01.06 10:34 B D:\FrontPage Webs\Content\meinweb\_themes\clearday\acdnext.gif --> www.addr.com /usr/home/awolf/public_html/_themes/clearday acdnext.gif
99.01.06 10:34 B D:\FrontPage Webs\Content\meinweb\_themes\clearday\acdnexth.gif --> www.addr.com /usr/home/awolf/public_html/_themes/clearday acdnexth.gif
99.01.06 10:34 B D:\FrontPage Webs\Content\meinweb\_themes\clearday\acdnexts.gif --> www.addr.com /usr/home/awolf/public_html/_themes/clearday acdnexts.gif
99.01.06 10:34 B D:\FrontPage Webs\Content\meinweb\_themes\clearday\acdprev.gif --> www.addr.com /usr/home/awolf/public_html/_themes/clearday acdprev.gif
99.01.06 10:34 B D:\FrontPage Webs\Content\meinweb\_themes\clearday\acdprevh.gif --> www.addr.com /usr/home/awolf/public_html/_themes/clearday acdprevh.gif
99.01.06 10:34 B D:\FrontPage Webs\Content\meinweb\_themes\clearday\acdprevs.gif --> www.addr.com /usr/home/awolf/public_html/_themes/clearday acdprevs.gif
99.01.06 10:34 B D:\FrontPage Webs\Content\meinweb\_themes\clearday\acdrule.gif --> www.addr.com /usr/home/awolf/public_html/_themes/clearday acdrule.gif
99.01.06 10:34 B D:\FrontPage Webs\Content\meinweb\_themes\clearday\acdup.gif --> www.addr.com /usr/home/awolf/public_html/_themes/clearday acdup.gif
99.01.06 10:34 B D:\FrontPage Webs\Content\meinweb\_themes\clearday\acduph.gif --> www.addr.com /usr/home/awolf/public_html/_themes/clearday acduph.gif
99.01.06 10:34 B D:\FrontPage Webs\Content\meinweb\_themes\clearday\acdups.gif --> www.addr.com /usr/home/awolf/public_html/_themes/clearday acdups.gif
99.01.06 10:34 B D:\FrontPage Webs\Content\meinweb\_themes\clearday\acdvb.gif --> www.addr.com /usr/home/awolf/public_html/_themes/clearday acdvb.gif
99.01.06 10:34 B D:\FrontPage Webs\Content\meinweb\_themes\clearday\acdvbh.gif --> www.addr.com /usr/home/awolf/public_html/_themes/clearday acdvbh.gif
99.01.06 10:34 B D:\FrontPage Webs\Content\meinweb\_themes\clearday\acdvbs.gif --> www.addr.com /usr/home/awolf/public_html/_themes/clearday acdvbs.gif
99.01.06 10:34 B D:\FrontPage Webs\Content\meinweb\_themes\clearday\cdbkgnd.gif --> www.addr.com /usr/home/awolf/public_html/_themes/clearday cdbkgnd.gif
99.01.06 10:34 B D:\FrontPage Webs\Content\meinweb\_themes\clearday\cdbnr.gif --> www.addr.com /usr/home/awolf/public_html/_themes/clearday cdbnr.gif
99.01.06 10:34 B D:\FrontPage Webs\Content\meinweb\_themes\clearday\cdbull1.gif --> www.addr.com /usr/home/awolf/public_html/_themes/clearday cdbull1.gif
99.01.06 10:34 B D:\FrontPage Webs\Content\meinweb\_themes\clearday\cdbull2.gif --> www.addr.com /usr/home/awolf/public_html/_themes/clearday cdbull2.gif
99.01.06 10:34 B D:\FrontPage Webs\Content\meinweb\_themes\clearday\cdbull3.gif --> www.addr.com /usr/home/awolf/public_html/_themes/clearday cdbull3.gif
99.01.06 10:34 B D:\FrontPage Webs\Content\meinweb\_themes\clearday\cdglb.gif --> www.addr.com /usr/home/awolf/public_html/_themes/clearday cdglb.gif
99.01.06 10:34 B D:\FrontPage Webs\Content\meinweb\_themes\clearday\cdhb.gif --> www.addr.com /usr/home/awolf/public_html/_themes/clearday cdhb.gif
99.01.06 10:34 B D:\FrontPage Webs\Content\meinweb\_themes\clearday\cdhome.gif --> www.addr.com /usr/home/awolf/public_html/_themes/clearday cdhome.gif
99.01.06 10:34 B D:\FrontPage Webs\Content\meinweb\_themes\clearday\cdnext.gif --> www.addr.com /usr/home/awolf/public_html/_themes/clearday cdnext.gif
99.01.06 10:34 B D:\FrontPage Webs\Content\meinweb\_themes\clearday\cdprev.gif --> www.addr.com /usr/home/awolf/public_html/_themes/clearday cdprev.gif
99.01.06 10:34 B D:\FrontPage Webs\Content\meinweb\_themes\clearday\cdrule.gif --> www.addr.com /usr/home/awolf/public_html/_themes/clearday cdrule.gif
99.01.06 10:35 B D:\FrontPage Webs\Content\meinweb\_themes\clearday\cdshb.gif --> www.addr.com /usr/home/awolf/public_html/_themes/clearday cdshb.gif
99.01.06 10:35 B D:\FrontPage Webs\Content\meinweb\_themes\clearday\cdsvb.gif --> www.addr.com /usr/home/awolf/public_html/_themes/clearday cdsvb.gif
99.01.06 10:35 B D:\FrontPage Webs\Content\meinweb\_themes\clearday\cdup.gif --> www.addr.com /usr/home/awolf/public_html/_themes/clearday cdup.gif
99.01.06 10:35 B D:\FrontPage Webs\Content\meinweb\_themes\clearday\cdvb.gif --> www.addr.com /usr/home/awolf/public_html/_themes/clearday cdvb.gif
99.01.06 10:35 B D:\FrontPage Webs\Content\meinweb\_themes\clearday\clearday.inf --> www.addr.com /usr/home/awolf/public_html/_themes/clearday clearday.inf
99.01.06 10:35 B D:\FrontPage Webs\Content\meinweb\_themes\clearday\WS_FTP.LOG --> www.addr.com /usr/home/awolf/public_html/_themes/clearday WS_FTP.LOG
99.01.06 10:35 B D:\FrontPage Webs\Content\meinweb\_themes\clearday\clearday.utf8 --> www.addr.com /usr/home/awolf/public_html/_themes/clearday clearday.utf8
99.01.12 19:43 B D:\FrontPage Webs\Content\meinweb\_themes\clearday\color0.css --> www.addr.com /usr/home/awolf/public_html/_themes/clearday color0.css
99.01.12 19:43 B D:\FrontPage Webs\Content\meinweb\_themes\clearday\color1.css --> www.addr.com /usr/home/awolf/public_html/_themes/clearday color1.css
99.01.12 19:43 B D:\FrontPage Webs\Content\meinweb\_themes\clearday\graph0.css --> www.addr.com /usr/home/awolf/public_html/_themes/clearday graph0.css
99.01.12 19:43 B D:\FrontPage Webs\Content\meinweb\_themes\clearday\graph1.css --> www.addr.com /usr/home/awolf/public_html/_themes/clearday graph1.css
99.01.12 19:43 B D:\FrontPage Webs\Content\meinweb\_themes\clearday\theme.css --> www.addr.com /usr/home/awolf/public_html/_themes/clearday theme.css
99.01.12 19:43 B D:\FrontPage Webs\Content\meinweb\_themes\clearday\acdbnr.gif --> www.addr.com /usr/home/awolf/public_html/_themes/clearday acdbnr.gif
99.01.12 19:43 B D:\FrontPage Webs\Content\meinweb\_themes\clearday\acdbull1.gif --> www.addr.com /usr/home/awolf/public_html/_themes/clearday acdbull1.gif
99.01.12 19:43 B D:\FrontPage Webs\Content\meinweb\_themes\clearday\acdbull2.gif --> www.addr.com /usr/home/awolf/public_html/_themes/clearday acdbull2.gif
99.01.12 19:43 B D:\FrontPage Webs\Content\meinweb\_themes\clearday\acdbull3.gif --> www.addr.com /usr/home/awolf/public_html/_themes/clearday acdbull3.gif
99.01.12 19:43 B D:\FrontPage Webs\Content\meinweb\_themes\clearday\acdhb.gif --> www.addr.com /usr/home/awolf/public_html/_themes/clearday acdhb.gif
99.01.12 19:43 B D:\FrontPage Webs\Content\meinweb\_themes\clearday\acdhbh.gif --> www.addr.com /usr/home/awolf/public_html/_themes/clearday acdhbh.gif
99.01.12 19:43 B D:\FrontPage Webs\Content\meinweb\_themes\clearday\acdhbs.gif --> www.addr.com /usr/home/awolf/public_html/_themes/clearday acdhbs.gif
99.01.12 19:43 B D:\FrontPage Webs\Content\meinweb\_themes\clearday\acdhome.gif --> www.addr.com /usr/home/awolf/public_html/_themes/clearday acdhome.gif
99.01.12 19:43 B D:\FrontPage Webs\Content\meinweb\_themes\clearday\acdhomeh.gif --> www.addr.com /usr/home/awolf/public_html/_themes/clearday acdhomeh.gif
99.01.12 19:43 B D:\FrontPage Webs\Content\meinweb\_themes\clearday\acdhomes.gif --> www.addr.com /usr/home/awolf/public_html/_themes/clearday acdhomes.gif
99.01.12 19:43 B D:\FrontPage Webs\Content\meinweb\_themes\clearday\acdnext.gif --> www.addr.com /usr/home/awolf/public_html/_themes/clearday acdnext.gif
99.01.12 19:43 B D:\FrontPage Webs\Content\meinweb\_themes\clearday\acdnexth.gif --> www.addr.com /usr/home/awolf/public_html/_themes/clearday acdnexth.gif
99.01.12 19:43 B D:\FrontPage Webs\Content\meinweb\_themes\clearday\acdnexts.gif --> www.addr.com /usr/home/awolf/public_html/_themes/clearday acdnexts.gif
99.01.12 19:43 B D:\FrontPage Webs\Content\meinweb\_themes\clearday\acdprev.gif --> www.addr.com /usr/home/awolf/public_html/_themes/clearday acdprev.gif
99.01.12 19:43 B D:\FrontPage Webs\Content\meinweb\_themes\clearday\acdprevh.gif --> www.addr.com /usr/home/awolf/public_html/_themes/clearday acdprevh.gif
99.01.12 19:43 B D:\FrontPage Webs\Content\meinweb\_themes\clearday\acdprevs.gif --> www.addr.com /usr/home/awolf/public_html/_themes/clearday acdprevs.gif
99.01.12 19:43 B D:\FrontPage Webs\Content\meinweb\_themes\clearday\acdrule.gif --> www.addr.com /usr/home/awolf/public_html/_themes/clearday acdrule.gif
99.01.12 19:43 B D:\FrontPage Webs\Content\meinweb\_themes\clearday\acdup.gif --> www.addr.com /usr/home/awolf/public_html/_themes/clearday acdup.gif
99.01.12 19:43 B D:\FrontPage Webs\Content\meinweb\_themes\clearday\acduph.gif --> www.addr.com /usr/home/awolf/public_html/_themes/clearday acduph.gif
99.01.12 19:43 B D:\FrontPage Webs\Content\meinweb\_themes\clearday\acdups.gif --> www.addr.com /usr/home/awolf/public_html/_themes/clearday acdups.gif
99.01.12 19:43 B D:\FrontPage Webs\Content\meinweb\_themes\clearday\acdvb.gif --> www.addr.com /usr/home/awolf/public_html/_themes/clearday acdvb.gif
99.01.12 19:43 B D:\FrontPage Webs\Content\meinweb\_themes\clearday\acdvbh.gif --> www.addr.com /usr/home/awolf/public_html/_themes/clearday acdvbh.gif
99.01.12 19:43 B D:\FrontPage Webs\Content\meinweb\_themes\clearday\acdvbs.gif --> www.addr.com /usr/home/awolf/public_html/_themes/clearday acdvbs.gif
99.01.12 19:43 B D:\FrontPage Webs\Content\meinweb\_themes\clearday\cdbkgnd.gif --> www.addr.com /usr/home/awolf/public_html/_themes/clearday cdbkgnd.gif
99.01.12 19:43 B D:\FrontPage Webs\Content\meinweb\_themes\clearday\cdbnr.gif --> www.addr.com /usr/home/awolf/public_html/_themes/clearday cdbnr.gif
99.01.12 19:43 B D:\FrontPage Webs\Content\meinweb\_themes\clearday\cdbull1.gif --> www.addr.com /usr/home/awolf/public_html/_themes/clearday cdbull1.gif
99.01.12 19:43 B D:\FrontPage Webs\Content\meinweb\_themes\clearday\cdbull2.gif --> www.addr.com /usr/home/awolf/public_html/_themes/clearday cdbull2.gif
99.01.12 19:43 B D:\FrontPage Webs\Content\meinweb\_themes\clearday\cdbull3.gif --> www.addr.com /usr/home/awolf/public_html/_themes/clearday cdbull3.gif
99.01.12 19:43 B D:\FrontPage Webs\Content\meinweb\_themes\clearday\cdglb.gif --> www.addr.com /usr/home/awolf/public_html/_themes/clearday cdglb.gif
99.01.12 19:43 B D:\FrontPage Webs\Content\meinweb\_themes\clearday\cdhb.gif --> www.addr.com /usr/home/awolf/public_html/_themes/clearday cdhb.gif
99.01.12 19:43 B D:\FrontPage Webs\Content\meinweb\_themes\clearday\cdhome.gif --> www.addr.com /usr/home/awolf/public_html/_themes/clearday cdhome.gif
99.01.12 19:43 B D:\FrontPage Webs\Content\meinweb\_themes\clearday\cdnext.gif --> www.addr.com /usr/home/awolf/public_html/_themes/clearday cdnext.gif
99.01.12 19:44 B D:\FrontPage Webs\Content\meinweb\_themes\clearday\cdprev.gif --> www.addr.com /usr/home/awolf/public_html/_themes/clearday cdprev.gif
99.01.12 19:44 B D:\FrontPage Webs\Content\meinweb\_themes\clearday\cdrule.gif --> www.addr.com /usr/home/awolf/public_html/_themes/clearday cdrule.gif
99.01.12 19:44 B D:\FrontPage Webs\Content\meinweb\_themes\clearday\cdshb.gif --> www.addr.com /usr/home/awolf/public_html/_themes/clearday cdshb.gif
99.01.12 19:44 B D:\FrontPage Webs\Content\meinweb\_themes\clearday\cdsvb.gif --> www.addr.com /usr/home/awolf/public_html/_themes/clearday cdsvb.gif
99.01.12 19:44 B D:\FrontPage Webs\Content\meinweb\_themes\clearday\cdup.gif --> www.addr.com /usr/home/awolf/public_html/_themes/clearday cdup.gif
99.01.12 19:44 B D:\FrontPage Webs\Content\meinweb\_themes\clearday\cdvb.gif --> www.addr.com /usr/home/awolf/public_html/_themes/clearday cdvb.gif
99.01.12 19:44 B D:\FrontPage Webs\Content\meinweb\_themes\clearday\clearday.inf --> www.addr.com /usr/home/awolf/public_html/_themes/clearday clearday.inf
99.01.12 19:44 B D:\FrontPage Webs\Content\meinweb\_themes\clearday\WS_FTP.LOG --> www.addr.com /usr/home/awolf/public_html/_themes/clearday WS_FTP.LOG
99.01.12 19:44 B D:\FrontPage Webs\Content\meinweb\_themes\clearday\clearday.utf8 --> www.addr.com /usr/home/awolf/public_html/_themes/clearday clearday.utf8
99.01.13 08:37 B D:\FrontPage Webs\Content\meinweb\_themes\clearday\color0.css --> www.addr.com /usr/home/awolf/public_html/_themes/clearday color0.css
99.01.13 08:37 B D:\FrontPage Webs\Content\meinweb\_themes\clearday\color1.css --> www.addr.com /usr/home/awolf/public_html/_themes/clearday color1.css
99.01.13 08:37 B D:\FrontPage Webs\Content\meinweb\_themes\clearday\graph0.css --> www.addr.com /usr/home/awolf/public_html/_themes/clearday graph0.css
99.01.13 08:37 B D:\FrontPage Webs\Content\meinweb\_themes\clearday\graph1.css --> www.addr.com /usr/home/awolf/public_html/_themes/clearday graph1.css
99.01.13 08:37 B D:\FrontPage Webs\Content\meinweb\_themes\clearday\theme.css --> www.addr.com /usr/home/awolf/public_html/_themes/clearday theme.css
99.01.13 08:37 B D:\FrontPage Webs\Content\meinweb\_themes\clearday\acdbnr.gif --> www.addr.com /usr/home/awolf/public_html/_themes/clearday acdbnr.gif
99.01.13 08:37 B D:\FrontPage Webs\Content\meinweb\_themes\clearday\acdbull1.gif --> www.addr.com /usr/home/awolf/public_html/_themes/clearday acdbull1.gif
99.01.13 08:37 B D:\FrontPage Webs\Content\meinweb\_themes\clearday\acdbull2.gif --> www.addr.com /usr/home/awolf/public_html/_themes/clearday acdbull2.gif
99.01.13 08:37 B D:\FrontPage Webs\Content\meinweb\_themes\clearday\acdbull3.gif --> www.addr.com /usr/home/awolf/public_html/_themes/clearday acdbull3.gif
99.01.13 08:37 B D:\FrontPage Webs\Content\meinweb\_themes\clearday\acdhb.gif --> www.addr.com /usr/home/awolf/public_html/_themes/clearday acdhb.gif
99.01.13 08:37 B D:\FrontPage Webs\Content\meinweb\_themes\clearday\acdhbh.gif --> www.addr.com /usr/home/awolf/public_html/_themes/clearday acdhbh.gif
99.01.13 08:37 B D:\FrontPage Webs\Content\meinweb\_themes\clearday\acdhbs.gif --> www.addr.com /usr/home/awolf/public_html/_themes/clearday acdhbs.gif
99.01.13 08:37 B D:\FrontPage Webs\Content\meinweb\_themes\clearday\acdhome.gif --> www.addr.com /usr/home/awolf/public_html/_themes/clearday acdhome.gif
99.01.13 08:37 B D:\FrontPage Webs\Content\meinweb\_themes\clearday\acdhomeh.gif --> www.addr.com /usr/home/awolf/public_html/_themes/clearday acdhomeh.gif
99.01.13 08:37 B D:\FrontPage Webs\Content\meinweb\_themes\clearday\acdhomes.gif --> www.addr.com /usr/home/awolf/public_html/_themes/clearday acdhomes.gif
99.01.13 08:37 B D:\FrontPage Webs\Content\meinweb\_themes\clearday\acdnext.gif --> www.addr.com /usr/home/awolf/public_html/_themes/clearday acdnext.gif
99.01.13 08:37 B D:\FrontPage Webs\Content\meinweb\_themes\clearday\acdnexth.gif --> www.addr.com /usr/home/awolf/public_html/_themes/clearday acdnexth.gif
99.01.13 08:37 B D:\FrontPage Webs\Content\meinweb\_themes\clearday\acdnexts.gif --> www.addr.com /usr/home/awolf/public_html/_themes/clearday acdnexts.gif
99.01.13 08:37 B D:\FrontPage Webs\Content\meinweb\_themes\clearday\acdprev.gif --> www.addr.com /usr/home/awolf/public_html/_themes/clearday acdprev.gif
99.01.13 08:37 B D:\FrontPage Webs\Content\meinweb\_themes\clearday\acdprevh.gif --> www.addr.com /usr/home/awolf/public_html/_themes/clearday acdprevh.gif
99.01.13 08:37 B D:\FrontPage Webs\Content\meinweb\_themes\clearday\acdprevs.gif --> www.addr.com /usr/home/awolf/public_html/_themes/clearday acdprevs.gif
99.01.13 08:37 B D:\FrontPage Webs\Content\meinweb\_themes\clearday\acdrule.gif --> www.addr.com /usr/home/awolf/public_html/_themes/clearday acdrule.gif
99.01.13 08:37 B D:\FrontPage Webs\Content\meinweb\_themes\clearday\acdup.gif --> www.addr.com /usr/home/awolf/public_html/_themes/clearday acdup.gif
99.01.13 08:37 B D:\FrontPage Webs\Content\meinweb\_themes\clearday\acduph.gif --> www.addr.com /usr/home/awolf/public_html/_themes/clearday acduph.gif
99.01.13 08:37 B D:\FrontPage Webs\Content\meinweb\_themes\clearday\acdups.gif --> www.addr.com /usr/home/awolf/public_html/_themes/clearday acdups.gif
99.01.13 08:37 B D:\FrontPage Webs\Content\meinweb\_themes\clearday\acdvb.gif --> www.addr.com /usr/home/awolf/public_html/_themes/clearday acdvb.gif
99.01.13 08:37 B D:\FrontPage Webs\Content\meinweb\_themes\clearday\acdvbh.gif --> www.addr.com /usr/home/awolf/public_html/_themes/clearday acdvbh.gif
99.01.13 08:37 B D:\FrontPage Webs\Content\meinweb\_themes\clearday\acdvbs.gif --> www.addr.com /usr/home/awolf/public_html/_themes/clearday acdvbs.gif
99.01.13 08:37 B D:\FrontPage Webs\Content\meinweb\_themes\clearday\cdbkgnd.gif --> www.addr.com /usr/home/awolf/public_html/_themes/clearday cdbkgnd.gif
99.01.13 08:37 B D:\FrontPage Webs\Content\meinweb\_themes\clearday\cdbnr.gif --> www.addr.com /usr/home/awolf/public_html/_themes/clearday cdbnr.gif
99.01.13 08:37 B D:\FrontPage Webs\Content\meinweb\_themes\clearday\cdbull1.gif --> www.addr.com /usr/home/awolf/public_html/_themes/clearday cdbull1.gif
99.01.13 08:37 B D:\FrontPage Webs\Content\meinweb\_themes\clearday\cdbull2.gif --> www.addr.com /usr/home/awolf/public_html/_themes/clearday cdbull2.gif
99.01.13 08:37 B D:\FrontPage Webs\Content\meinweb\_themes\clearday\cdbull3.gif --> www.addr.com /usr/home/awolf/public_html/_themes/clearday cdbull3.gif
99.01.13 08:37 B D:\FrontPage Webs\Content\meinweb\_themes\clearday\cdglb.gif --> www.addr.com /usr/home/awolf/public_html/_themes/clearday cdglb.gif
99.01.13 08:37 B D:\FrontPage Webs\Content\meinweb\_themes\clearday\cdhb.gif --> www.addr.com /usr/home/awolf/public_html/_themes/clearday cdhb.gif
99.01.13 08:37 B D:\FrontPage Webs\Content\meinweb\_themes\clearday\cdhome.gif --> www.addr.com /usr/home/awolf/public_html/_themes/clearday cdhome.gif
99.01.13 08:37 B D:\FrontPage Webs\Content\meinweb\_themes\clearday\cdnext.gif --> www.addr.com /usr/home/awolf/public_html/_themes/clearday cdnext.gif
99.01.13 08:37 B D:\FrontPage Webs\Content\meinweb\_themes\clearday\cdprev.gif --> www.addr.com /usr/home/awolf/public_html/_themes/clearday cdprev.gif
99.01.13 08:37 B D:\FrontPage Webs\Content\meinweb\_themes\clearday\cdrule.gif --> www.addr.com /usr/home/awolf/public_html/_themes/clearday cdrule.gif
99.01.13 08:37 B D:\FrontPage Webs\Content\meinweb\_themes\clearday\cdshb.gif --> www.addr.com /usr/home/awolf/public_html/_themes/clearday cdshb.gif
99.01.13 08:37 B D:\FrontPage Webs\Content\meinweb\_themes\clearday\cdsvb.gif --> www.addr.com /usr/home/awolf/public_html/_themes/clearday cdsvb.gif
99.01.13 08:37 B D:\FrontPage Webs\Content\meinweb\_themes\clearday\cdup.gif --> www.addr.com /usr/home/awolf/public_html/_themes/clearday cdup.gif
99.01.13 08:37 B D:\FrontPage Webs\Content\meinweb\_themes\clearday\cdvb.gif --> www.addr.com /usr/home/awolf/public_html/_themes/clearday cdvb.gif
99.01.13 08:37 B D:\FrontPage Webs\Content\meinweb\_themes\clearday\clearday.inf --> www.addr.com /usr/home/awolf/public_html/_themes/clearday clearday.inf
99.01.13 08:37 B D:\FrontPage Webs\Content\meinweb\_themes\clearday\WS_FTP.LOG --> www.addr.com /usr/home/awolf/public_html/_themes/clearday WS_FTP.LOG
99.01.13 08:37 B D:\FrontPage Webs\Content\meinweb\_themes\clearday\clearday.utf8 --> www.addr.com /usr/home/awolf/public_html/_themes/clearday clearday.utf8
99.01.16 18:09 B D:\FrontPage Webs\Content\meinweb\_themes\clearday\color0.css --> www.addr.com /usr/home/awolf/public_html/_themes/clearday color0.css
99.01.16 18:09 B D:\FrontPage Webs\Content\meinweb\_themes\clearday\color1.css --> www.addr.com /usr/home/awolf/public_html/_themes/clearday color1.css
99.01.16 18:09 B D:\FrontPage Webs\Content\meinweb\_themes\clearday\graph0.css --> www.addr.com /usr/home/awolf/public_html/_themes/clearday graph0.css
99.01.16 18:09 B D:\FrontPage Webs\Content\meinweb\_themes\clearday\graph1.css --> www.addr.com /usr/home/awolf/public_html/_themes/clearday graph1.css
99.01.16 18:10 B D:\FrontPage Webs\Content\meinweb\_themes\clearday\theme.css --> www.addr.com /usr/home/awolf/public_html/_themes/clearday theme.css
99.01.16 18:10 B D:\FrontPage Webs\Content\meinweb\_themes\clearday\acdbnr.gif --> www.addr.com /usr/home/awolf/public_html/_themes/clearday acdbnr.gif
99.01.16 18:10 B D:\FrontPage Webs\Content\meinweb\_themes\clearday\acdbull1.gif --> www.addr.com /usr/home/awolf/public_html/_themes/clearday acdbull1.gif
99.01.16 18:10 B D:\FrontPage Webs\Content\meinweb\_themes\clearday\acdbull2.gif --> www.addr.com /usr/home/awolf/public_html/_themes/clearday acdbull2.gif
99.01.16 18:10 B D:\FrontPage Webs\Content\meinweb\_themes\clearday\acdbull3.gif --> www.addr.com /usr/home/awolf/public_html/_themes/clearday acdbull3.gif
99.01.16 18:10 B D:\FrontPage Webs\Content\meinweb\_themes\clearday\acdhb.gif --> www.addr.com /usr/home/awolf/public_html/_themes/clearday acdhb.gif
99.01.16 18:10 B D:\FrontPage Webs\Content\meinweb\_themes\clearday\acdhbh.gif --> www.addr.com /usr/home/awolf/public_html/_themes/clearday acdhbh.gif
99.01.16 18:10 B D:\FrontPage Webs\Content\meinweb\_themes\clearday\acdhbs.gif --> www.addr.com /usr/home/awolf/public_html/_themes/clearday acdhbs.gif
99.01.16 18:10 B D:\FrontPage Webs\Content\meinweb\_themes\clearday\acdhome.gif --> www.addr.com /usr/home/awolf/public_html/_themes/clearday acdhome.gif
99.01.16 18:10 B D:\FrontPage Webs\Content\meinweb\_themes\clearday\acdhomeh.gif --> www.addr.com /usr/home/awolf/public_html/_themes/clearday acdhomeh.gif
99.01.16 18:10 B D:\FrontPage Webs\Content\meinweb\_themes\clearday\acdhomes.gif --> www.addr.com /usr/home/awolf/public_html/_themes/clearday acdhomes.gif
99.01.16 18:10 B D:\FrontPage Webs\Content\meinweb\_themes\clearday\acdnext.gif --> www.addr.com /usr/home/awolf/public_html/_themes/clearday acdnext.gif
99.01.16 18:10 B D:\FrontPage Webs\Content\meinweb\_themes\clearday\acdnexth.gif --> www.addr.com /usr/home/awolf/public_html/_themes/clearday acdnexth.gif
99.01.16 18:10 B D:\FrontPage Webs\Content\meinweb\_themes\clearday\acdnexts.gif --> www.addr.com /usr/home/awolf/public_html/_themes/clearday acdnexts.gif
99.01.16 18:10 B D:\FrontPage Webs\Content\meinweb\_themes\clearday\acdprev.gif --> www.addr.com /usr/home/awolf/public_html/_themes/clearday acdprev.gif
99.01.16 18:10 B D:\FrontPage Webs\Content\meinweb\_themes\clearday\acdprevh.gif --> www.addr.com /usr/home/awolf/public_html/_themes/clearday acdprevh.gif
99.01.16 18:10 B D:\FrontPage Webs\Content\meinweb\_themes\clearday\acdprevs.gif --> www.addr.com /usr/home/awolf/public_html/_themes/clearday acdprevs.gif
99.01.16 18:10 B D:\FrontPage Webs\Content\meinweb\_themes\clearday\acdrule.gif --> www.addr.com /usr/home/awolf/public_html/_themes/clearday acdrule.gif
99.01.16 18:10 B D:\FrontPage Webs\Content\meinweb\_themes\clearday\acdup.gif --> www.addr.com /usr/home/awolf/public_html/_themes/clearday acdup.gif
99.01.16 18:10 B D:\FrontPage Webs\Content\meinweb\_themes\clearday\acduph.gif --> www.addr.com /usr/home/awolf/public_html/_themes/clearday acduph.gif
99.01.16 18:10 B D:\FrontPage Webs\Content\meinweb\_themes\clearday\acdups.gif --> www.addr.com /usr/home/awolf/public_html/_themes/clearday acdups.gif
99.01.16 18:10 B D:\FrontPage Webs\Content\meinweb\_themes\clearday\acdvb.gif --> www.addr.com /usr/home/awolf/public_html/_themes/clearday acdvb.gif
99.01.16 18:10 B D:\FrontPage Webs\Content\meinweb\_themes\clearday\acdvbh.gif --> www.addr.com /usr/home/awolf/public_html/_themes/clearday acdvbh.gif
99.01.16 18:10 B D:\FrontPage Webs\Content\meinweb\_themes\clearday\acdvbs.gif --> www.addr.com /usr/home/awolf/public_html/_themes/clearday acdvbs.gif
99.01.16 18:11 B D:\FrontPage Webs\Content\meinweb\_themes\clearday\cdbkgnd.gif --> www.addr.com /usr/home/awolf/public_html/_themes/clearday cdbkgnd.gif
99.01.16 18:11 B D:\FrontPage Webs\Content\meinweb\_themes\clearday\cdbnr.gif --> www.addr.com /usr/home/awolf/public_html/_themes/clearday cdbnr.gif
99.01.16 18:11 B D:\FrontPage Webs\Content\meinweb\_themes\clearday\cdbull1.gif --> www.addr.com /usr/home/awolf/public_html/_themes/clearday cdbull1.gif
99.01.16 18:11 B D:\FrontPage Webs\Content\meinweb\_themes\clearday\cdbull2.gif --> www.addr.com /usr/home/awolf/public_html/_themes/clearday cdbull2.gif
99.01.16 18:11 B D:\FrontPage Webs\Content\meinweb\_themes\clearday\cdbull3.gif --> www.addr.com /usr/home/awolf/public_html/_themes/clearday cdbull3.gif
99.01.16 18:11 B D:\FrontPage Webs\Content\meinweb\_themes\clearday\cdglb.gif --> www.addr.com /usr/home/awolf/public_html/_themes/clearday cdglb.gif
99.01.16 18:11 B D:\FrontPage Webs\Content\meinweb\_themes\clearday\cdhb.gif --> www.addr.com /usr/home/awolf/public_html/_themes/clearday cdhb.gif
99.01.16 18:11 B D:\FrontPage Webs\Content\meinweb\_themes\clearday\cdhome.gif --> www.addr.com /usr/home/awolf/public_html/_themes/clearday cdhome.gif
99.01.16 18:11 B D:\FrontPage Webs\Content\meinweb\_themes\clearday\cdnext.gif --> www.addr.com /usr/home/awolf/public_html/_themes/clearday cdnext.gif
99.01.16 18:11 B D:\FrontPage Webs\Content\meinweb\_themes\clearday\cdprev.gif --> www.addr.com /usr/home/awolf/public_html/_themes/clearday cdprev.gif
99.01.16 18:11 B D:\FrontPage Webs\Content\meinweb\_themes\clearday\cdrule.gif --> www.addr.com /usr/home/awolf/public_html/_themes/clearday cdrule.gif
99.01.16 18:11 B D:\FrontPage Webs\Content\meinweb\_themes\clearday\cdshb.gif --> www.addr.com /usr/home/awolf/public_html/_themes/clearday cdshb.gif
99.01.16 18:11 B D:\FrontPage Webs\Content\meinweb\_themes\clearday\cdsvb.gif --> www.addr.com /usr/home/awolf/public_html/_themes/clearday cdsvb.gif
99.01.16 18:11 B D:\FrontPage Webs\Content\meinweb\_themes\clearday\cdup.gif --> www.addr.com /usr/home/awolf/public_html/_themes/clearday cdup.gif
99.01.16 18:11 B D:\FrontPage Webs\Content\meinweb\_themes\clearday\cdvb.gif --> www.addr.com /usr/home/awolf/public_html/_themes/clearday cdvb.gif
99.01.16 18:11 B D:\FrontPage Webs\Content\meinweb\_themes\clearday\clearday.inf --> www.addr.com /usr/home/awolf/public_html/_themes/clearday clearday.inf
99.01.16 18:11 B D:\FrontPage Webs\Content\meinweb\_themes\clearday\WS_FTP.LOG --> www.addr.com /usr/home/awolf/public_html/_themes/clearday WS_FTP.LOG
99.01.16 18:11 B D:\FrontPage Webs\Content\meinweb\_themes\clearday\clearday.utf8 --> www.addr.com /usr/home/awolf/public_html/_themes/clearday clearday.utf8
99.01.16 19:02 B D:\FrontPage Webs\Content\meinweb\_themes\clearday\color0.css --> www.addr.com /usr/home/awolf/public_html/_themes/clearday color0.css
99.01.16 19:02 B D:\FrontPage Webs\Content\meinweb\_themes\clearday\color1.css --> www.addr.com /usr/home/awolf/public_html/_themes/clearday color1.css
99.01.16 19:02 B D:\FrontPage Webs\Content\meinweb\_themes\clearday\graph0.css --> www.addr.com /usr/home/awolf/public_html/_themes/clearday graph0.css
99.01.16 19:02 B D:\FrontPage Webs\Content\meinweb\_themes\clearday\graph1.css --> www.addr.com /usr/home/awolf/public_html/_themes/clearday graph1.css
99.01.16 19:02 B D:\FrontPage Webs\Content\meinweb\_themes\clearday\theme.css --> www.addr.com /usr/home/awolf/public_html/_themes/clearday theme.css
99.01.16 19:02 B D:\FrontPage Webs\Content\meinweb\_themes\clearday\acdbnr.gif --> www.addr.com /usr/home/awolf/public_html/_themes/clearday acdbnr.gif
99.01.16 19:02 B D:\FrontPage Webs\Content\meinweb\_themes\clearday\acdbull1.gif --> www.addr.com /usr/home/awolf/public_html/_themes/clearday acdbull1.gif
99.01.16 19:02 B D:\FrontPage Webs\Content\meinweb\_themes\clearday\acdbull2.gif --> www.addr.com /usr/home/awolf/public_html/_themes/clearday acdbull2.gif
99.01.16 19:02 B D:\FrontPage Webs\Content\meinweb\_themes\clearday\acdbull3.gif --> www.addr.com /usr/home/awolf/public_html/_themes/clearday acdbull3.gif
99.01.16 19:02 B D:\FrontPage Webs\Content\meinweb\_themes\clearday\acdhb.gif --> www.addr.com /usr/home/awolf/public_html/_themes/clearday acdhb.gif
99.01.16 19:02 B D:\FrontPage Webs\Content\meinweb\_themes\clearday\acdhbh.gif --> www.addr.com /usr/home/awolf/public_html/_themes/clearday acdhbh.gif
99.01.16 19:02 B D:\FrontPage Webs\Content\meinweb\_themes\clearday\acdhbs.gif --> www.addr.com /usr/home/awolf/public_html/_themes/clearday acdhbs.gif
99.01.16 19:02 B D:\FrontPage Webs\Content\meinweb\_themes\clearday\acdhome.gif --> www.addr.com /usr/home/awolf/public_html/_themes/clearday acdhome.gif
99.01.16 19:02 B D:\FrontPage Webs\Content\meinweb\_themes\clearday\acdhomeh.gif --> www.addr.com /usr/home/awolf/public_html/_themes/clearday acdhomeh.gif
99.01.16 19:02 B D:\FrontPage Webs\Content\meinweb\_themes\clearday\acdhomes.gif --> www.addr.com /usr/home/awolf/public_html/_themes/clearday acdhomes.gif
99.01.16 19:02 B D:\FrontPage Webs\Content\meinweb\_themes\clearday\acdnext.gif --> www.addr.com /usr/home/awolf/public_html/_themes/clearday acdnext.gif
99.01.16 19:02 B D:\FrontPage Webs\Content\meinweb\_themes\clearday\acdnexth.gif --> www.addr.com /usr/home/awolf/public_html/_themes/clearday acdnexth.gif
99.01.16 19:02 B D:\FrontPage Webs\Content\meinweb\_themes\clearday\acdnexts.gif --> www.addr.com /usr/home/awolf/public_html/_themes/clearday acdnexts.gif
99.01.16 19:02 B D:\FrontPage Webs\Content\meinweb\_themes\clearday\acdprev.gif --> www.addr.com /usr/home/awolf/public_html/_themes/clearday acdprev.gif
99.01.16 19:02 B D:\FrontPage Webs\Content\meinweb\_themes\clearday\acdprevh.gif --> www.addr.com /usr/home/awolf/public_html/_themes/clearday acdprevh.gif
99.01.16 19:02 B D:\FrontPage Webs\Content\meinweb\_themes\clearday\acdprevs.gif --> www.addr.com /usr/home/awolf/public_html/_themes/clearday acdprevs.gif
99.01.16 19:02 B D:\FrontPage Webs\Content\meinweb\_themes\clearday\acdrule.gif --> www.addr.com /usr/home/awolf/public_html/_themes/clearday acdrule.gif
99.01.16 19:02 B D:\FrontPage Webs\Content\meinweb\_themes\clearday\acdup.gif --> www.addr.com /usr/home/awolf/public_html/_themes/clearday acdup.gif
99.01.16 19:02 B D:\FrontPage Webs\Content\meinweb\_themes\clearday\acduph.gif --> www.addr.com /usr/home/awolf/public_html/_themes/clearday acduph.gif
99.01.16 19:02 B D:\FrontPage Webs\Content\meinweb\_themes\clearday\acdups.gif --> www.addr.com /usr/home/awolf/public_html/_themes/clearday acdups.gif
99.01.16 19:02 B D:\FrontPage Webs\Content\meinweb\_themes\clearday\acdvb.gif --> www.addr.com /usr/home/awolf/public_html/_themes/clearday acdvb.gif
99.01.16 19:02 B D:\FrontPage Webs\Content\meinweb\_themes\clearday\acdvbh.gif --> www.addr.com /usr/home/awolf/public_html/_themes/clearday acdvbh.gif
99.01.16 19:03 B D:\FrontPage Webs\Content\meinweb\_themes\clearday\acdvbs.gif --> www.addr.com /usr/home/awolf/public_html/_themes/clearday acdvbs.gif
99.01.16 19:03 B D:\FrontPage Webs\Content\meinweb\_themes\clearday\cdbkgnd.gif --> www.addr.com /usr/home/awolf/public_html/_themes/clearday cdbkgnd.gif
99.01.16 19:03 B D:\FrontPage Webs\Content\meinweb\_themes\clearday\cdbnr.gif --> www.addr.com /usr/home/awolf/public_html/_themes/clearday cdbnr.gif
99.01.16 19:03 B D:\FrontPage Webs\Content\meinweb\_themes\clearday\cdbull1.gif --> www.addr.com /usr/home/awolf/public_html/_themes/clearday cdbull1.gif
99.01.16 19:03 B D:\FrontPage Webs\Content\meinweb\_themes\clearday\cdbull2.gif --> www.addr.com /usr/home/awolf/public_html/_themes/clearday cdbull2.gif
99.01.16 19:03 B D:\FrontPage Webs\Content\meinweb\_themes\clearday\cdbull3.gif --> www.addr.com /usr/home/awolf/public_html/_themes/clearday cdbull3.gif
99.01.16 19:03 B D:\FrontPage Webs\Content\meinweb\_themes\clearday\cdglb.gif --> www.addr.com /usr/home/awolf/public_html/_themes/clearday cdglb.gif
99.01.16 19:03 B D:\FrontPage Webs\Content\meinweb\_themes\clearday\cdhb.gif --> www.addr.com /usr/home/awolf/public_html/_themes/clearday cdhb.gif
99.01.16 19:03 B D:\FrontPage Webs\Content\meinweb\_themes\clearday\cdhome.gif --> www.addr.com /usr/home/awolf/public_html/_themes/clearday cdhome.gif
99.01.16 19:03 B D:\FrontPage Webs\Content\meinweb\_themes\clearday\cdnext.gif --> www.addr.com /usr/home/awolf/public_html/_themes/clearday cdnext.gif
99.01.16 19:03 B D:\FrontPage Webs\Content\meinweb\_themes\clearday\cdprev.gif --> www.addr.com /usr/home/awolf/public_html/_themes/clearday cdprev.gif
99.01.16 19:03 B D:\FrontPage Webs\Content\meinweb\_themes\clearday\cdrule.gif --> www.addr.com /usr/home/awolf/public_html/_themes/clearday cdrule.gif
99.01.16 19:03 B D:\FrontPage Webs\Content\meinweb\_themes\clearday\cdshb.gif --> www.addr.com /usr/home/awolf/public_html/_themes/clearday cdshb.gif
99.01.16 19:03 B D:\FrontPage Webs\Content\meinweb\_themes\clearday\cdsvb.gif --> www.addr.com /usr/home/awolf/public_html/_themes/clearday cdsvb.gif
99.01.16 19:03 B D:\FrontPage Webs\Content\meinweb\_themes\clearday\cdup.gif --> www.addr.com /usr/home/awolf/public_html/_themes/clearday cdup.gif
99.01.16 19:03 B D:\FrontPage Webs\Content\meinweb\_themes\clearday\cdvb.gif --> www.addr.com /usr/home/awolf/public_html/_themes/clearday cdvb.gif
99.01.16 19:03 B D:\FrontPage Webs\Content\meinweb\_themes\clearday\clearday.inf --> www.addr.com /usr/home/awolf/public_html/_themes/clearday clearday.inf
99.01.16 19:03 B D:\FrontPage Webs\Content\meinweb\_themes\clearday\WS_FTP.LOG --> www.addr.com /usr/home/awolf/public_html/_themes/clearday WS_FTP.LOG
99.01.16 19:03 B D:\FrontPage Webs\Content\meinweb\_themes\clearday\clearday.utf8 --> www.addr.com /usr/home/awolf/public_html/_themes/clearday clearday.utf8
99.03.16 21:18 B D:\FrontPage Webs\Content\meinweb\_themes\clearday\color0.css --> www.addr.com /usr/home/awolf/public_html/_themes/clearday color0.css
99.03.16 21:18 B D:\FrontPage Webs\Content\meinweb\_themes\clearday\color1.css --> www.addr.com /usr/home/awolf/public_html/_themes/clearday color1.css
99.03.16 21:18 B D:\FrontPage Webs\Content\meinweb\_themes\clearday\graph0.css --> www.addr.com /usr/home/awolf/public_html/_themes/clearday graph0.css
99.03.16 21:18 B D:\FrontPage Webs\Content\meinweb\_themes\clearday\graph1.css --> www.addr.com /usr/home/awolf/public_html/_themes/clearday graph1.css
99.03.16 21:18 B D:\FrontPage Webs\Content\meinweb\_themes\clearday\theme.css --> www.addr.com /usr/home/awolf/public_html/_themes/clearday theme.css
99.03.16 21:18 B D:\FrontPage Webs\Content\meinweb\_themes\clearday\acdbnr.gif --> www.addr.com /usr/home/awolf/public_html/_themes/clearday acdbnr.gif
99.03.16 21:18 B D:\FrontPage Webs\Content\meinweb\_themes\clearday\acdbull1.gif --> www.addr.com /usr/home/awolf/public_html/_themes/clearday acdbull1.gif
99.03.16 21:18 B D:\FrontPage Webs\Content\meinweb\_themes\clearday\acdbull2.gif --> www.addr.com /usr/home/awolf/public_html/_themes/clearday acdbull2.gif
99.03.16 21:18 B D:\FrontPage Webs\Content\meinweb\_themes\clearday\acdbull3.gif --> www.addr.com /usr/home/awolf/public_html/_themes/clearday acdbull3.gif
99.03.16 21:18 B D:\FrontPage Webs\Content\meinweb\_themes\clearday\acdhb.gif --> www.addr.com /usr/home/awolf/public_html/_themes/clearday acdhb.gif
99.03.16 21:18 B D:\FrontPage Webs\Content\meinweb\_themes\clearday\acdhbh.gif --> www.addr.com /usr/home/awolf/public_html/_themes/clearday acdhbh.gif
99.03.16 21:18 B D:\FrontPage Webs\Content\meinweb\_themes\clearday\acdhbs.gif --> www.addr.com /usr/home/awolf/public_html/_themes/clearday acdhbs.gif
99.03.16 21:18 B D:\FrontPage Webs\Content\meinweb\_themes\clearday\acdhome.gif --> www.addr.com /usr/home/awolf/public_html/_themes/clearday acdhome.gif
99.03.16 21:18 B D:\FrontPage Webs\Content\meinweb\_themes\clearday\acdhomeh.gif --> www.addr.com /usr/home/awolf/public_html/_themes/clearday acdhomeh.gif
99.03.16 21:18 B D:\FrontPage Webs\Content\meinweb\_themes\clearday\acdhomes.gif --> www.addr.com /usr/home/awolf/public_html/_themes/clearday acdhomes.gif
99.03.16 21:18 B D:\FrontPage Webs\Content\meinweb\_themes\clearday\acdnext.gif --> www.addr.com /usr/home/awolf/public_html/_themes/clearday acdnext.gif
99.03.16 21:18 B D:\FrontPage Webs\Content\meinweb\_themes\clearday\acdnexth.gif --> www.addr.com /usr/home/awolf/public_html/_themes/clearday acdnexth.gif
99.03.16 21:18 B D:\FrontPage Webs\Content\meinweb\_themes\clearday\acdnexts.gif --> www.addr.com /usr/home/awolf/public_html/_themes/clearday acdnexts.gif
99.03.16 21:18 B D:\FrontPage Webs\Content\meinweb\_themes\clearday\acdprev.gif --> www.addr.com /usr/home/awolf/public_html/_themes/clearday acdprev.gif
99.03.16 21:18 B D:\FrontPage Webs\Content\meinweb\_themes\clearday\acdprevh.gif --> www.addr.com /usr/home/awolf/public_html/_themes/clearday acdprevh.gif
99.03.16 21:18 B D:\FrontPage Webs\Content\meinweb\_themes\clearday\acdprevs.gif --> www.addr.com /usr/home/awolf/public_html/_themes/clearday acdprevs.gif
99.03.16 21:18 B D:\FrontPage Webs\Content\meinweb\_themes\clearday\acdrule.gif --> www.addr.com /usr/home/awolf/public_html/_themes/clearday acdrule.gif
99.03.16 21:18 B D:\FrontPage Webs\Content\meinweb\_themes\clearday\acdup.gif --> www.addr.com /usr/home/awolf/public_html/_themes/clearday acdup.gif
99.03.16 21:18 B D:\FrontPage Webs\Content\meinweb\_themes\clearday\acduph.gif --> www.addr.com /usr/home/awolf/public_html/_themes/clearday acduph.gif
99.03.16 21:18 B D:\FrontPage Webs\Content\meinweb\_themes\clearday\acdups.gif --> www.addr.com /usr/home/awolf/public_html/_themes/clearday acdups.gif
99.03.16 21:18 B D:\FrontPage Webs\Content\meinweb\_themes\clearday\acdvb.gif --> www.addr.com /usr/home/awolf/public_html/_themes/clearday acdvb.gif
99.03.16 21:18 B D:\FrontPage Webs\Content\meinweb\_themes\clearday\acdvbh.gif --> www.addr.com /usr/home/awolf/public_html/_themes/clearday acdvbh.gif
99.03.16 21:18 B D:\FrontPage Webs\Content\meinweb\_themes\clearday\acdvbs.gif --> www.addr.com /usr/home/awolf/public_html/_themes/clearday acdvbs.gif
99.03.16 21:18 B D:\FrontPage Webs\Content\meinweb\_themes\clearday\cdbkgnd.gif --> www.addr.com /usr/home/awolf/public_html/_themes/clearday cdbkgnd.gif
99.03.16 21:18 B D:\FrontPage Webs\Content\meinweb\_themes\clearday\cdbnr.gif --> www.addr.com /usr/home/awolf/public_html/_themes/clearday cdbnr.gif
99.03.16 21:19 B D:\FrontPage Webs\Content\meinweb\_themes\clearday\cdbull1.gif --> www.addr.com /usr/home/awolf/public_html/_themes/clearday cdbull1.gif
99.03.16 21:19 B D:\FrontPage Webs\Content\meinweb\_themes\clearday\cdbull2.gif --> www.addr.com /usr/home/awolf/public_html/_themes/clearday cdbull2.gif
99.03.16 21:19 B D:\FrontPage Webs\Content\meinweb\_themes\clearday\cdbull3.gif --> www.addr.com /usr/home/awolf/public_html/_themes/clearday cdbull3.gif
99.03.16 21:19 B D:\FrontPage Webs\Content\meinweb\_themes\clearday\cdglb.gif --> www.addr.com /usr/home/awolf/public_html/_themes/clearday cdglb.gif
99.03.16 21:19 B D:\FrontPage Webs\Content\meinweb\_themes\clearday\cdhb.gif --> www.addr.com /usr/home/awolf/public_html/_themes/clearday cdhb.gif
99.03.16 21:19 B D:\FrontPage Webs\Content\meinweb\_themes\clearday\cdhome.gif --> www.addr.com /usr/home/awolf/public_html/_themes/clearday cdhome.gif
99.03.16 21:19 B D:\FrontPage Webs\Content\meinweb\_themes\clearday\cdnext.gif --> www.addr.com /usr/home/awolf/public_html/_themes/clearday cdnext.gif
99.03.16 21:19 B D:\FrontPage Webs\Content\meinweb\_themes\clearday\cdprev.gif --> www.addr.com /usr/home/awolf/public_html/_themes/clearday cdprev.gif
99.03.16 21:19 B D:\FrontPage Webs\Content\meinweb\_themes\clearday\cdrule.gif --> www.addr.com /usr/home/awolf/public_html/_themes/clearday cdrule.gif
99.03.16 21:19 B D:\FrontPage Webs\Content\meinweb\_themes\clearday\cdshb.gif --> www.addr.com /usr/home/awolf/public_html/_themes/clearday cdshb.gif
99.03.16 21:19 B D:\FrontPage Webs\Content\meinweb\_themes\clearday\cdsvb.gif --> www.addr.com /usr/home/awolf/public_html/_themes/clearday cdsvb.gif
99.03.16 21:19 B D:\FrontPage Webs\Content\meinweb\_themes\clearday\cdup.gif --> www.addr.com /usr/home/awolf/public_html/_themes/clearday cdup.gif
99.03.16 21:19 B D:\FrontPage Webs\Content\meinweb\_themes\clearday\cdvb.gif --> www.addr.com /usr/home/awolf/public_html/_themes/clearday cdvb.gif
99.03.16 21:19 B D:\FrontPage Webs\Content\meinweb\_themes\clearday\clearday.inf --> www.addr.com /usr/home/awolf/public_html/_themes/clearday clearday.inf
99.03.16 21:19 B D:\FrontPage Webs\Content\meinweb\_themes\clearday\WS_FTP.LOG --> www.addr.com /usr/home/awolf/public_html/_themes/clearday WS_FTP.LOG
99.03.16 21:19 B D:\FrontPage Webs\Content\meinweb\_themes\clearday\clearday.utf8 --> www.addr.com /usr/home/awolf/public_html/_themes/clearday clearday.utf8
99.03.16 22:22 B D:\FrontPage Webs\Content\meinweb\_themes\clearday\color0.css --> www.addr.com /usr/home/awolf/public_html/_themes/clearday color0.css
99.03.16 22:22 B D:\FrontPage Webs\Content\meinweb\_themes\clearday\color1.css --> www.addr.com /usr/home/awolf/public_html/_themes/clearday color1.css
99.03.16 22:22 B D:\FrontPage Webs\Content\meinweb\_themes\clearday\graph0.css --> www.addr.com /usr/home/awolf/public_html/_themes/clearday graph0.css
99.03.16 22:22 B D:\FrontPage Webs\Content\meinweb\_themes\clearday\graph1.css --> www.addr.com /usr/home/awolf/public_html/_themes/clearday graph1.css
99.03.16 22:22 B D:\FrontPage Webs\Content\meinweb\_themes\clearday\theme.css --> www.addr.com /usr/home/awolf/public_html/_themes/clearday theme.css
99.03.16 22:22 B D:\FrontPage Webs\Content\meinweb\_themes\clearday\acdbnr.gif --> www.addr.com /usr/home/awolf/public_html/_themes/clearday acdbnr.gif
99.03.16 22:22 B D:\FrontPage Webs\Content\meinweb\_themes\clearday\acdbull1.gif --> www.addr.com /usr/home/awolf/public_html/_themes/clearday acdbull1.gif
99.03.16 22:22 B D:\FrontPage Webs\Content\meinweb\_themes\clearday\acdbull2.gif --> www.addr.com /usr/home/awolf/public_html/_themes/clearday acdbull2.gif
99.03.16 22:22 B D:\FrontPage Webs\Content\meinweb\_themes\clearday\acdbull3.gif --> www.addr.com /usr/home/awolf/public_html/_themes/clearday acdbull3.gif
99.03.16 22:22 B D:\FrontPage Webs\Content\meinweb\_themes\clearday\acdhb.gif --> www.addr.com /usr/home/awolf/public_html/_themes/clearday acdhb.gif
99.03.16 22:22 B D:\FrontPage Webs\Content\meinweb\_themes\clearday\acdhbh.gif --> www.addr.com /usr/home/awolf/public_html/_themes/clearday acdhbh.gif
99.03.16 22:22 B D:\FrontPage Webs\Content\meinweb\_themes\clearday\acdhbs.gif --> www.addr.com /usr/home/awolf/public_html/_themes/clearday acdhbs.gif
99.03.16 22:22 B D:\FrontPage Webs\Content\meinweb\_themes\clearday\acdhome.gif --> www.addr.com /usr/home/awolf/public_html/_themes/clearday acdhome.gif
99.03.16 22:22 B D:\FrontPage Webs\Content\meinweb\_themes\clearday\acdhomeh.gif --> www.addr.com /usr/home/awolf/public_html/_themes/clearday acdhomeh.gif
99.03.16 22:22 B D:\FrontPage Webs\Content\meinweb\_themes\clearday\acdhomes.gif --> www.addr.com /usr/home/awolf/public_html/_themes/clearday acdhomes.gif
99.03.16 22:23 B D:\FrontPage Webs\Content\meinweb\_themes\clearday\acdnext.gif --> www.addr.com /usr/home/awolf/public_html/_themes/clearday acdnext.gif
99.03.16 22:23 B D:\FrontPage Webs\Content\meinweb\_themes\clearday\acdnexth.gif --> www.addr.com /usr/home/awolf/public_html/_themes/clearday acdnexth.gif
99.03.16 22:23 B D:\FrontPage Webs\Content\meinweb\_themes\clearday\acdnexts.gif --> www.addr.com /usr/home/awolf/public_html/_themes/clearday acdnexts.gif
99.03.16 22:23 B D:\FrontPage Webs\Content\meinweb\_themes\clearday\acdprev.gif --> www.addr.com /usr/home/awolf/public_html/_themes/clearday acdprev.gif
99.03.16 22:23 B D:\FrontPage Webs\Content\meinweb\_themes\clearday\acdprevh.gif --> www.addr.com /usr/home/awolf/public_html/_themes/clearday acdprevh.gif
99.03.16 22:23 B D:\FrontPage Webs\Content\meinweb\_themes\clearday\acdprevs.gif --> www.addr.com /usr/home/awolf/public_html/_themes/clearday acdprevs.gif
99.03.16 22:23 B D:\FrontPage Webs\Content\meinweb\_themes\clearday\acdrule.gif --> www.addr.com /usr/home/awolf/public_html/_themes/clearday acdrule.gif
99.03.16 22:23 B D:\FrontPage Webs\Content\meinweb\_themes\clearday\acdup.gif --> www.addr.com /usr/home/awolf/public_html/_themes/clearday acdup.gif
99.03.16 22:23 B D:\FrontPage Webs\Content\meinweb\_themes\clearday\acduph.gif --> www.addr.com /usr/home/awolf/public_html/_themes/clearday acduph.gif
99.03.16 22:23 B D:\FrontPage Webs\Content\meinweb\_themes\clearday\acdups.gif --> www.addr.com /usr/home/awolf/public_html/_themes/clearday acdups.gif
99.03.16 22:23 B D:\FrontPage Webs\Content\meinweb\_themes\clearday\acdvb.gif --> www.addr.com /usr/home/awolf/public_html/_themes/clearday acdvb.gif
99.03.16 22:23 B D:\FrontPage Webs\Content\meinweb\_themes\clearday\acdvbh.gif --> www.addr.com /usr/home/awolf/public_html/_themes/clearday acdvbh.gif
99.03.16 22:23 B D:\FrontPage Webs\Content\meinweb\_themes\clearday\acdvbs.gif --> www.addr.com /usr/home/awolf/public_html/_themes/clearday acdvbs.gif
99.03.16 22:23 B D:\FrontPage Webs\Content\meinweb\_themes\clearday\cdbkgnd.gif --> www.addr.com /usr/home/awolf/public_html/_themes/clearday cdbkgnd.gif
99.03.16 22:23 B D:\FrontPage Webs\Content\meinweb\_themes\clearday\cdbnr.gif --> www.addr.com /usr/home/awolf/public_html/_themes/clearday cdbnr.gif
99.03.16 22:23 B D:\FrontPage Webs\Content\meinweb\_themes\clearday\cdbull1.gif --> www.addr.com /usr/home/awolf/public_html/_themes/clearday cdbull1.gif
99.03.16 22:23 B D:\FrontPage Webs\Content\meinweb\_themes\clearday\cdbull2.gif --> www.addr.com /usr/home/awolf/public_html/_themes/clearday cdbull2.gif
99.03.16 22:23 B D:\FrontPage Webs\Content\meinweb\_themes\clearday\cdbull3.gif --> www.addr.com /usr/home/awolf/public_html/_themes/clearday cdbull3.gif
99.03.16 22:23 B D:\FrontPage Webs\Content\meinweb\_themes\clearday\cdglb.gif --> www.addr.com /usr/home/awolf/public_html/_themes/clearday cdglb.gif
99.03.16 22:23 B D:\FrontPage Webs\Content\meinweb\_themes\clearday\cdhb.gif --> www.addr.com /usr/home/awolf/public_html/_themes/clearday cdhb.gif
99.03.16 22:23 B D:\FrontPage Webs\Content\meinweb\_themes\clearday\cdhome.gif --> www.addr.com /usr/home/awolf/public_html/_themes/clearday cdhome.gif
99.03.16 22:23 B D:\FrontPage Webs\Content\meinweb\_themes\clearday\cdnext.gif --> www.addr.com /usr/home/awolf/public_html/_themes/clearday cdnext.gif
99.03.16 22:23 B D:\FrontPage Webs\Content\meinweb\_themes\clearday\cdprev.gif --> www.addr.com /usr/home/awolf/public_html/_themes/clearday cdprev.gif
99.03.16 22:23 B D:\FrontPage Webs\Content\meinweb\_themes\clearday\cdrule.gif --> www.addr.com /usr/home/awolf/public_html/_themes/clearday cdrule.gif
99.03.16 22:23 B D:\FrontPage Webs\Content\meinweb\_themes\clearday\cdshb.gif --> www.addr.com /usr/home/awolf/public_html/_themes/clearday cdshb.gif
99.03.16 22:23 B D:\FrontPage Webs\Content\meinweb\_themes\clearday\cdsvb.gif --> www.addr.com /usr/home/awolf/public_html/_themes/clearday cdsvb.gif
99.03.16 22:23 B D:\FrontPage Webs\Content\meinweb\_themes\clearday\cdup.gif --> www.addr.com /usr/home/awolf/public_html/_themes/clearday cdup.gif
99.03.16 22:23 B D:\FrontPage Webs\Content\meinweb\_themes\clearday\cdvb.gif --> www.addr.com /usr/home/awolf/public_html/_themes/clearday cdvb.gif
99.03.16 22:23 B D:\FrontPage Webs\Content\meinweb\_themes\clearday\clearday.inf --> www.addr.com /usr/home/awolf/public_html/_themes/clearday clearday.inf
99.03.16 22:24 B D:\FrontPage Webs\Content\meinweb\_themes\clearday\WS_FTP.LOG --> www.addr.com /usr/home/awolf/public_html/_themes/clearday WS_FTP.LOG
99.03.16 22:24 B D:\FrontPage Webs\Content\meinweb\_themes\clearday\clearday.utf8 --> www.addr.com /usr/home/awolf/public_html/_themes/clearday clearday.utf8
99.03.24 23:39 B D:\FrontPage Webs\Content\meinweb\_themes\clearday\acdbnr.gif --> www.addr.com /usr/home/awolf/public_html/_themes/clearday acdbnr.gif
99.03.24 23:39 B D:\FrontPage Webs\Content\meinweb\_themes\clearday\acdbull1.gif --> www.addr.com /usr/home/awolf/public_html/_themes/clearday acdbull1.gif
99.03.24 23:39 B D:\FrontPage Webs\Content\meinweb\_themes\clearday\acdbull2.gif --> www.addr.com /usr/home/awolf/public_html/_themes/clearday acdbull2.gif
99.03.24 23:39 B D:\FrontPage Webs\Content\meinweb\_themes\clearday\acdbull3.gif --> www.addr.com /usr/home/awolf/public_html/_themes/clearday acdbull3.gif
99.03.24 23:39 B D:\FrontPage Webs\Content\meinweb\_themes\clearday\acdhb.gif --> www.addr.com /usr/home/awolf/public_html/_themes/clearday acdhb.gif
99.03.24 23:39 B D:\FrontPage Webs\Content\meinweb\_themes\clearday\acdhbh.gif --> www.addr.com /usr/home/awolf/public_html/_themes/clearday acdhbh.gif
99.03.24 23:39 B D:\FrontPage Webs\Content\meinweb\_themes\clearday\acdhbs.gif --> www.addr.com /usr/home/awolf/public_html/_themes/clearday acdhbs.gif
99.03.24 23:40 B D:\FrontPage Webs\Content\meinweb\_themes\clearday\acdhome.gif --> www.addr.com /usr/home/awolf/public_html/_themes/clearday acdhome.gif
99.03.24 23:40 B D:\FrontPage Webs\Content\meinweb\_themes\clearday\acdhomeh.gif --> www.addr.com /usr/home/awolf/public_html/_themes/clearday acdhomeh.gif
99.03.24 23:40 B D:\FrontPage Webs\Content\meinweb\_themes\clearday\acdhomes.gif --> www.addr.com /usr/home/awolf/public_html/_themes/clearday acdhomes.gif
99.03.24 23:40 B D:\FrontPage Webs\Content\meinweb\_themes\clearday\acdnext.gif --> www.addr.com /usr/home/awolf/public_html/_themes/clearday acdnext.gif
99.03.24 23:40 B D:\FrontPage Webs\Content\meinweb\_themes\clearday\acdnexth.gif --> www.addr.com /usr/home/awolf/public_html/_themes/clearday acdnexth.gif
99.03.24 23:40 B D:\FrontPage Webs\Content\meinweb\_themes\clearday\acdnexts.gif --> www.addr.com /usr/home/awolf/public_html/_themes/clearday acdnexts.gif
99.03.24 23:40 B D:\FrontPage Webs\Content\meinweb\_themes\clearday\acdprev.gif --> www.addr.com /usr/home/awolf/public_html/_themes/clearday acdprev.gif
99.03.24 23:40 B D:\FrontPage Webs\Content\meinweb\_themes\clearday\acdprevh.gif --> www.addr.com /usr/home/awolf/public_html/_themes/clearday acdprevh.gif
99.03.24 23:40 B D:\FrontPage Webs\Content\meinweb\_themes\clearday\acdprevs.gif --> www.addr.com /usr/home/awolf/public_html/_themes/clearday acdprevs.gif
99.03.24 23:40 B D:\FrontPage Webs\Content\meinweb\_themes\clearday\acdrule.gif --> www.addr.com /usr/home/awolf/public_html/_themes/clearday acdrule.gif
99.03.24 23:40 B D:\FrontPage Webs\Content\meinweb\_themes\clearday\acdup.gif --> www.addr.com /usr/home/awolf/public_html/_themes/clearday acdup.gif
99.03.24 23:40 B D:\FrontPage Webs\Content\meinweb\_themes\clearday\acduph.gif --> www.addr.com /usr/home/awolf/public_html/_themes/clearday acduph.gif
99.03.24 23:40 B D:\FrontPage Webs\Content\meinweb\_themes\clearday\acdups.gif --> www.addr.com /usr/home/awolf/public_html/_themes/clearday acdups.gif
99.03.24 23:40 B D:\FrontPage Webs\Content\meinweb\_themes\clearday\acdvb.gif --> www.addr.com /usr/home/awolf/public_html/_themes/clearday acdvb.gif
99.03.24 23:40 B D:\FrontPage Webs\Content\meinweb\_themes\clearday\acdvbh.gif --> www.addr.com /usr/home/awolf/public_html/_themes/clearday acdvbh.gif
99.03.24 23:40 B D:\FrontPage Webs\Content\meinweb\_themes\clearday\acdvbs.gif --> www.addr.com /usr/home/awolf/public_html/_themes/clearday acdvbs.gif
99.03.24 23:40 B D:\FrontPage Webs\Content\meinweb\_themes\clearday\cdbkgnd.gif --> www.addr.com /usr/home/awolf/public_html/_themes/clearday cdbkgnd.gif
99.03.24 23:40 B D:\FrontPage Webs\Content\meinweb\_themes\clearday\cdbnr.gif --> www.addr.com /usr/home/awolf/public_html/_themes/clearday cdbnr.gif
99.03.24 23:40 B D:\FrontPage Webs\Content\meinweb\_themes\clearday\cdbull1.gif --> www.addr.com /usr/home/awolf/public_html/_themes/clearday cdbull1.gif
99.03.24 23:40 B D:\FrontPage Webs\Content\meinweb\_themes\clearday\cdbull2.gif --> www.addr.com /usr/home/awolf/public_html/_themes/clearday cdbull2.gif
99.03.24 23:40 B D:\FrontPage Webs\Content\meinweb\_themes\clearday\cdbull3.gif --> www.addr.com /usr/home/awolf/public_html/_themes/clearday cdbull3.gif
99.03.24 23:40 B D:\FrontPage Webs\Content\meinweb\_themes\clearday\cdglb.gif --> www.addr.com /usr/home/awolf/public_html/_themes/clearday cdglb.gif
99.03.24 23:40 B D:\FrontPage Webs\Content\meinweb\_themes\clearday\cdhb.gif --> www.addr.com /usr/home/awolf/public_html/_themes/clearday cdhb.gif
99.03.24 23:40 B D:\FrontPage Webs\Content\meinweb\_themes\clearday\cdhome.gif --> www.addr.com /usr/home/awolf/public_html/_themes/clearday cdhome.gif
99.03.24 23:40 B D:\FrontPage Webs\Content\meinweb\_themes\clearday\cdnext.gif --> www.addr.com /usr/home/awolf/public_html/_themes/clearday cdnext.gif
99.03.24 23:40 B D:\FrontPage Webs\Content\meinweb\_themes\clearday\cdprev.gif --> www.addr.com /usr/home/awolf/public_html/_themes/clearday cdprev.gif
99.03.24 23:40 B D:\FrontPage Webs\Content\meinweb\_themes\clearday\cdrule.gif --> www.addr.com /usr/home/awolf/public_html/_themes/clearday cdrule.gif
99.03.24 23:40 B D:\FrontPage Webs\Content\meinweb\_themes\clearday\cdshb.gif --> www.addr.com /usr/home/awolf/public_html/_themes/clearday cdshb.gif
99.03.24 23:40 B D:\FrontPage Webs\Content\meinweb\_themes\clearday\cdsvb.gif --> www.addr.com /usr/home/awolf/public_html/_themes/clearday cdsvb.gif
99.03.24 23:40 B D:\FrontPage Webs\Content\meinweb\_themes\clearday\cdup.gif --> www.addr.com /usr/home/awolf/public_html/_themes/clearday cdup.gif
99.03.24 23:40 B D:\FrontPage Webs\Content\meinweb\_themes\clearday\cdvb.gif --> www.addr.com /usr/home/awolf/public_html/_themes/clearday cdvb.gif
99.03.24 23:40 B D:\FrontPage Webs\Content\meinweb\_themes\clearday\clearday.inf --> www.addr.com /usr/home/awolf/public_html/_themes/clearday clearday.inf
99.03.24 23:40 B D:\FrontPage Webs\Content\meinweb\_themes\clearday\clearday.utf8 --> www.addr.com /usr/home/awolf/public_html/_themes/clearday clearday.utf8
99.03.24 23:40 B D:\FrontPage Webs\Content\meinweb\_themes\clearday\color0.css --> www.addr.com /usr/home/awolf/public_html/_themes/clearday color0.css
99.03.24 23:40 B D:\FrontPage Webs\Content\meinweb\_themes\clearday\color1.css --> www.addr.com /usr/home/awolf/public_html/_themes/clearday color1.css
99.03.24 23:40 B D:\FrontPage Webs\Content\meinweb\_themes\clearday\graph0.css --> www.addr.com /usr/home/awolf/public_html/_themes/clearday graph0.css
99.03.24 23:40 B D:\FrontPage Webs\Content\meinweb\_themes\clearday\graph1.css --> www.addr.com /usr/home/awolf/public_html/_themes/clearday graph1.css
99.03.24 23:40 B D:\FrontPage Webs\Content\meinweb\_themes\clearday\theme.css --> www.addr.com /usr/home/awolf/public_html/_themes/clearday theme.css
99.03.24 23:40 B D:\FrontPage Webs\Content\meinweb\_themes\clearday\WS_FTP.LOG --> www.addr.com /usr/home/awolf/public_html/_themes/clearday WS_FTP.LOG
1999.10.23 09:32 B D:\FrontPage Webs\Content\meinweb\_themes\clearday\WS_FTP.LOG <-- www.jeans-land.com /usr6/home/awolf/public_html/_themes/clearday WS_FTP.LOG
