vti_encoding:SR|utf8-nl
99.01.05 08:34 B D:\\FrontPage Webs\\Content\\meinweb\\images\\_vti_cnf\\undercon.gif --> www.addr.com /usr/home/awolf/images/_vti_cnf undercon.gif
vti_extenderversion:SR|3.0.2.1330
vti_timelastmodified:TR|05 Jan 1999 08:35:03 -0000
99.01.05 21:43 B D:
99.01.06 10:39 B D:
99.01.12 19:48 B D:
99.01.13 09:01 B D:
99.03.24 23:48 B D:
99.08.01 11:08 B D:
1999.10.26 08:57 B D:\FrontPage Webs\Content\meinweb\images\_vti_cnf\prodimg.gif --> www.jeans-land.de /images/_vti_cnf prodimg.gif
1999.10.26 08:57 B D:\FrontPage Webs\Content\meinweb\images\_vti_cnf\undercon.gif --> www.jeans-land.de /images/_vti_cnf undercon.gif
1999.10.26 08:57 B D:\FrontPage Webs\Content\meinweb\images\_vti_cnf\smallnew.gif --> www.jeans-land.de /images/_vti_cnf smallnew.gif
1999.10.26 08:57 B D:\FrontPage Webs\Content\meinweb\images\_vti_cnf\Model-8.JPG --> www.jeans-land.de /images/_vti_cnf Model-8.JPG
1999.10.26 08:57 B D:\FrontPage Webs\Content\meinweb\images\_vti_cnf\Model-7.JPG --> www.jeans-land.de /images/_vti_cnf Model-7.JPG
1999.10.26 08:57 B D:\FrontPage Webs\Content\meinweb\images\_vti_cnf\Model-6.JPG --> www.jeans-land.de /images/_vti_cnf Model-6.JPG
1999.10.26 08:57 B D:\FrontPage Webs\Content\meinweb\images\_vti_cnf\Model-5.JPG --> www.jeans-land.de /images/_vti_cnf Model-5.JPG
1999.10.26 08:57 B D:\FrontPage Webs\Content\meinweb\images\_vti_cnf\Model-4.JPG --> www.jeans-land.de /images/_vti_cnf Model-4.JPG
1999.10.26 08:57 B D:\FrontPage Webs\Content\meinweb\images\_vti_cnf\Model-3.JPG --> www.jeans-land.de /images/_vti_cnf Model-3.JPG
1999.10.26 08:57 B D:\FrontPage Webs\Content\meinweb\images\_vti_cnf\Model-2.JPG --> www.jeans-land.de /images/_vti_cnf Model-2.JPG
1999.10.26 08:57 B D:\FrontPage Webs\Content\meinweb\images\_vti_cnf\Model-1.JPG --> www.jeans-land.de /images/_vti_cnf Model-1.JPG
1999.10.26 08:57 B D:\FrontPage Webs\Content\meinweb\images\_vti_cnf\logo.gif --> www.jeans-land.de /images/_vti_cnf logo.gif
