98.12.21 23:07 B D:\FrontPage Webs\Content\meinweb\_vti_pvt\_vti_cnf\_x_todo.htm --> www.homepages.de /_vti_pvt/_vti_cnf _x_todo.htm
98.12.21 23:07 B D:\FrontPage Webs\Content\meinweb\_vti_pvt\_vti_cnf\_x_todoh.htm --> www.homepages.de /_vti_pvt/_vti_cnf _x_todoh.htm
99.01.05 08:32 B D:\FrontPage Webs\Content\meinweb\_vti_pvt\_vti_cnf\_x_todo.htm --> www.addr.com /usr/home/awolf/_vti_pvt/_vti_cnf _x_todo.htm
99.01.05 08:32 B D:\FrontPage Webs\Content\meinweb\_vti_pvt\_vti_cnf\_x_todoh.htm --> www.addr.com /usr/home/awolf/_vti_pvt/_vti_cnf _x_todoh.htm
99.01.05 08:32 B D:\FrontPage Webs\Content\meinweb\_vti_pvt\_vti_cnf\WS_FTP.LOG --> www.addr.com /usr/home/awolf/_vti_pvt/_vti_cnf WS_FTP.LOG
99.01.05 21:39 B D:\FrontPage Webs\Content\meinweb\_vti_pvt\_vti_cnf\_x_todo.htm --> www.addr.com /usr/home/awolf/_vti_pvt/_vti_cnf _x_todo.htm
99.01.05 21:39 B D:\FrontPage Webs\Content\meinweb\_vti_pvt\_vti_cnf\_x_todoh.htm --> www.addr.com /usr/home/awolf/_vti_pvt/_vti_cnf _x_todoh.htm
99.01.05 21:39 B D:\FrontPage Webs\Content\meinweb\_vti_pvt\_vti_cnf\WS_FTP.LOG --> www.addr.com /usr/home/awolf/_vti_pvt/_vti_cnf WS_FTP.LOG
99.01.06 10:36 B D:\FrontPage Webs\Content\meinweb\_vti_pvt\_vti_cnf\_x_todo.htm --> www.addr.com /usr/home/awolf/public_html/_vti_pvt/_vti_cnf _x_todo.htm
99.01.06 10:36 B D:\FrontPage Webs\Content\meinweb\_vti_pvt\_vti_cnf\_x_todoh.htm --> www.addr.com /usr/home/awolf/public_html/_vti_pvt/_vti_cnf _x_todoh.htm
99.01.06 10:36 B D:\FrontPage Webs\Content\meinweb\_vti_pvt\_vti_cnf\WS_FTP.LOG --> www.addr.com /usr/home/awolf/public_html/_vti_pvt/_vti_cnf WS_FTP.LOG
99.01.12 19:45 B D:\FrontPage Webs\Content\meinweb\_vti_pvt\_vti_cnf\_x_todo.htm --> www.addr.com /usr/home/awolf/public_html/_vti_pvt/_vti_cnf _x_todo.htm
99.01.12 19:46 B D:\FrontPage Webs\Content\meinweb\_vti_pvt\_vti_cnf\_x_todoh.htm --> www.addr.com /usr/home/awolf/public_html/_vti_pvt/_vti_cnf _x_todoh.htm
99.01.12 19:46 B D:\FrontPage Webs\Content\meinweb\_vti_pvt\_vti_cnf\WS_FTP.LOG --> www.addr.com /usr/home/awolf/public_html/_vti_pvt/_vti_cnf WS_FTP.LOG
99.01.13 08:39 B D:\FrontPage Webs\Content\meinweb\_vti_pvt\_vti_cnf\_x_todo.htm --> www.addr.com /usr/home/awolf/public_html/_vti_pvt/_vti_cnf _x_todo.htm
99.01.13 08:39 B D:\FrontPage Webs\Content\meinweb\_vti_pvt\_vti_cnf\_x_todoh.htm --> www.addr.com /usr/home/awolf/public_html/_vti_pvt/_vti_cnf _x_todoh.htm
99.01.13 08:39 B D:\FrontPage Webs\Content\meinweb\_vti_pvt\_vti_cnf\WS_FTP.LOG --> www.addr.com /usr/home/awolf/public_html/_vti_pvt/_vti_cnf WS_FTP.LOG
99.01.16 18:13 B D:\FrontPage Webs\Content\meinweb\_vti_pvt\_vti_cnf\_x_todo.htm --> www.addr.com /usr/home/awolf/public_html/_vti_pvt/_vti_cnf _x_todo.htm
99.01.16 18:13 B D:\FrontPage Webs\Content\meinweb\_vti_pvt\_vti_cnf\_x_todoh.htm --> www.addr.com /usr/home/awolf/public_html/_vti_pvt/_vti_cnf _x_todoh.htm
99.01.16 18:13 B D:\FrontPage Webs\Content\meinweb\_vti_pvt\_vti_cnf\WS_FTP.LOG --> www.addr.com /usr/home/awolf/public_html/_vti_pvt/_vti_cnf WS_FTP.LOG
99.01.16 19:05 B D:\FrontPage Webs\Content\meinweb\_vti_pvt\_vti_cnf\_x_todo.htm --> www.addr.com /usr/home/awolf/public_html/_vti_pvt/_vti_cnf _x_todo.htm
99.01.16 19:05 B D:\FrontPage Webs\Content\meinweb\_vti_pvt\_vti_cnf\_x_todoh.htm --> www.addr.com /usr/home/awolf/public_html/_vti_pvt/_vti_cnf _x_todoh.htm
99.01.16 19:05 B D:\FrontPage Webs\Content\meinweb\_vti_pvt\_vti_cnf\WS_FTP.LOG --> www.addr.com /usr/home/awolf/public_html/_vti_pvt/_vti_cnf WS_FTP.LOG
99.03.16 21:22 B D:\FrontPage Webs\Content\meinweb\_vti_pvt\_vti_cnf\_x_todo.htm --> www.addr.com /usr/home/awolf/public_html/_vti_pvt/_vti_cnf _x_todo.htm
99.03.16 21:22 B D:\FrontPage Webs\Content\meinweb\_vti_pvt\_vti_cnf\_x_todoh.htm --> www.addr.com /usr/home/awolf/public_html/_vti_pvt/_vti_cnf _x_todoh.htm
99.03.16 21:22 B D:\FrontPage Webs\Content\meinweb\_vti_pvt\_vti_cnf\WS_FTP.LOG --> www.addr.com /usr/home/awolf/public_html/_vti_pvt/_vti_cnf WS_FTP.LOG
99.03.16 22:27 B D:\FrontPage Webs\Content\meinweb\_vti_pvt\_vti_cnf\_x_todo.htm --> www.addr.com /usr/home/awolf/public_html/_vti_pvt/_vti_cnf _x_todo.htm
99.03.16 22:27 B D:\FrontPage Webs\Content\meinweb\_vti_pvt\_vti_cnf\_x_todoh.htm --> www.addr.com /usr/home/awolf/public_html/_vti_pvt/_vti_cnf _x_todoh.htm
99.03.16 22:27 B D:\FrontPage Webs\Content\meinweb\_vti_pvt\_vti_cnf\WS_FTP.LOG --> www.addr.com /usr/home/awolf/public_html/_vti_pvt/_vti_cnf WS_FTP.LOG
99.03.24 23:42 B D:\FrontPage Webs\Content\meinweb\_vti_pvt\_vti_cnf\_x_todo.htm --> www.addr.com /usr/home/awolf/public_html/_vti_pvt/_vti_cnf _x_todo.htm
99.03.24 23:42 B D:\FrontPage Webs\Content\meinweb\_vti_pvt\_vti_cnf\_x_todoh.htm --> www.addr.com /usr/home/awolf/public_html/_vti_pvt/_vti_cnf _x_todoh.htm
99.03.24 23:43 B D:\FrontPage Webs\Content\meinweb\_vti_pvt\_vti_cnf\WS_FTP.LOG --> www.addr.com /usr/home/awolf/public_html/_vti_pvt/_vti_cnf WS_FTP.LOG
99.04.15 22:45 B D:\FrontPage Webs\Content\meinweb\_vti_pvt\_vti_cnf\_x_todo.htm --> sslhost.de /_vti_pvt/_vti_cnf _x_todo.htm
99.04.15 22:45 B D:\FrontPage Webs\Content\meinweb\_vti_pvt\_vti_cnf\_x_todoh.htm --> sslhost.de /_vti_pvt/_vti_cnf _x_todoh.htm
99.04.15 22:45 B D:\FrontPage Webs\Content\meinweb\_vti_pvt\_vti_cnf\WS_FTP.LOG --> sslhost.de /_vti_pvt/_vti_cnf WS_FTP.LOG
99.06.11 23:39 B D:\FrontPage Webs\Content\meinweb\_vti_pvt\_vti_cnf\WS_FTP.LOG --> www.addr.com /usr6/home/awolf/public_html/_vti_pvt/_vti_cnf WS_FTP.LOG
99.06.11 23:39 B D:\FrontPage Webs\Content\meinweb\_vti_pvt\_vti_cnf\_x_todoh.htm --> www.addr.com /usr6/home/awolf/public_html/_vti_pvt/_vti_cnf _x_todoh.htm
99.06.11 23:39 B D:\FrontPage Webs\Content\meinweb\_vti_pvt\_vti_cnf\_x_todo.htm --> www.addr.com /usr6/home/awolf/public_html/_vti_pvt/_vti_cnf _x_todo.htm
99.08.01 11:08 B D:\FrontPage Webs\Content\meinweb\_vti_pvt\_vti_cnf\_x_todoh.htm --> www.addr.com /usr6/home/awolf/public_html/_vti_pvt/_vti_cnf _x_todoh.htm
99.08.01 11:08 B D:\FrontPage Webs\Content\meinweb\_vti_pvt\_vti_cnf\_x_todo.htm --> www.addr.com /usr6/home/awolf/public_html/_vti_pvt/_vti_cnf _x_todo.htm
99.08.01 11:08 B D:\FrontPage Webs\Content\meinweb\_vti_pvt\_vti_cnf\WS_FTP.LOG --> www.addr.com /usr6/home/awolf/public_html/_vti_pvt/_vti_cnf WS_FTP.LOG
99.08.04 23:46 B D:\FrontPage Webs\Content\meinweb\_vti_pvt\_vti_cnf\WS_FTP.LOG --> www.addr.com /usr6/home/awolf/public_html/_vti_pvt/_vti_cnf WS_FTP.LOG
99.08.04 23:46 B D:\FrontPage Webs\Content\meinweb\_vti_pvt\_vti_cnf\_x_todoh.htm --> www.addr.com /usr6/home/awolf/public_html/_vti_pvt/_vti_cnf _x_todoh.htm
99.08.04 23:46 B D:\FrontPage Webs\Content\meinweb\_vti_pvt\_vti_cnf\_x_todo.htm --> www.addr.com /usr6/home/awolf/public_html/_vti_pvt/_vti_cnf _x_todo.htm
1999.10.23 00:44 B D:\FrontPage Webs\Content\meinweb\_vti_pvt\_vti_cnf\_x_todo.htm --> www.addr.com /usr6/home/awolf/public_html/_vti_pvt/_vti_cnf _x_todo.htm
1999.10.23 00:44 B D:\FrontPage Webs\Content\meinweb\_vti_pvt\_vti_cnf\WS_FTP.LOG --> www.addr.com /usr6/home/awolf/public_html/_vti_pvt/_vti_cnf WS_FTP.LOG
1999.10.23 00:50 B D:\FrontPage Webs\Content\meinweb\_vti_pvt\_vti_cnf\WS_FTP.LOG --> www.addr.com /usr6/home/awolf/public_html/_vti_pvt/_vti_cnf WS_FTP.LOG
1999.10.23 09:25 B D:\FrontPage Webs\Content\meinweb\_vti_pvt\_vti_cnf\_x_todo.htm <-- www.jeans-land.com /usr6/home/awolf/public_html/_vti_pvt/_vti_cnf _x_todo.htm
1999.10.23 09:25 B D:\FrontPage Webs\Content\meinweb\_vti_pvt\_vti_cnf\_x_todoh.htm <-- www.jeans-land.com /usr6/home/awolf/public_html/_vti_pvt/_vti_cnf _x_todoh.htm
1999.10.26 08:29 B D:\FrontPage Webs\Content\meinweb\_vti_pvt\_vti_cnf\_x_todo.htm --> www.jeans-land.de /_vti_pvt/_vti_cnf _x_todo.htm
1999.10.26 08:29 B D:\FrontPage Webs\Content\meinweb\_vti_pvt\_vti_cnf\WS_FTP.LOG --> www.jeans-land.de /_vti_pvt/_vti_cnf WS_FTP.LOG
1999.10.26 08:29 B D:\FrontPage Webs\Content\meinweb\_vti_pvt\_vti_cnf\_x_todoh.htm --> www.jeans-land.de /_vti_pvt/_vti_cnf _x_todoh.htm
1999.12.17 21:41 B D:\FrontPage Webs\Content\meinweb\_vti_pvt\_vti_cnf\_x_todoh.htm --> home.nikocity.de /_vti_pvt/_vti_cnf _x_todoh.htm
