98.12.21 23:04 B D:\FrontPage Webs\Content\meinweb\_fpclass\fphover.class --> www.homepages.de /_fpclass fphover.class
98.12.21 23:04 B D:\FrontPage Webs\Content\meinweb\_fpclass\fphoverx.class --> www.homepages.de /_fpclass fphoverx.class
99.01.05 08:27 B D:\FrontPage Webs\Content\meinweb\_fpclass\fphover.class --> www.addr.com /usr/home/awolf/_fpclass fphover.class
99.01.05 08:27 B D:\FrontPage Webs\Content\meinweb\_fpclass\fphoverx.class --> www.addr.com /usr/home/awolf/_fpclass fphoverx.class
99.01.05 08:27 B D:\FrontPage Webs\Content\meinweb\_fpclass\WS_FTP.LOG --> www.addr.com /usr/home/awolf/_fpclass WS_FTP.LOG
99.01.05 21:30 B D:\FrontPage Webs\Content\meinweb\_fpclass\fphover.class --> www.addr.com /usr/home/awolf/_fpclass fphover.class
99.01.05 21:30 B D:\FrontPage Webs\Content\meinweb\_fpclass\fphoverx.class --> www.addr.com /usr/home/awolf/_fpclass fphoverx.class
99.01.05 21:30 B D:\FrontPage Webs\Content\meinweb\_fpclass\WS_FTP.LOG --> www.addr.com /usr/home/awolf/_fpclass WS_FTP.LOG
99.01.06 10:31 B D:\FrontPage Webs\Content\meinweb\_fpclass\fphover.class --> www.addr.com /usr/home/awolf/public_html/_fpclass fphover.class
99.01.06 10:31 B D:\FrontPage Webs\Content\meinweb\_fpclass\fphoverx.class --> www.addr.com /usr/home/awolf/public_html/_fpclass fphoverx.class
99.01.06 10:31 B D:\FrontPage Webs\Content\meinweb\_fpclass\WS_FTP.LOG --> www.addr.com /usr/home/awolf/public_html/_fpclass WS_FTP.LOG
99.01.12 19:40 B D:\FrontPage Webs\Content\meinweb\_fpclass\fphover.class --> www.addr.com /usr/home/awolf/public_html/_fpclass fphover.class
99.01.12 19:40 B D:\FrontPage Webs\Content\meinweb\_fpclass\fphoverx.class --> www.addr.com /usr/home/awolf/public_html/_fpclass fphoverx.class
99.01.12 19:40 B D:\FrontPage Webs\Content\meinweb\_fpclass\WS_FTP.LOG --> www.addr.com /usr/home/awolf/public_html/_fpclass WS_FTP.LOG
99.01.13 08:30 B D:\FrontPage Webs\Content\meinweb\_fpclass\fphover.class --> www.addr.com /usr/home/awolf/public_html/_fpclass fphover.class
99.01.13 08:30 B D:\FrontPage Webs\Content\meinweb\_fpclass\fphoverx.class --> www.addr.com /usr/home/awolf/public_html/_fpclass fphoverx.class
99.01.13 08:30 B D:\FrontPage Webs\Content\meinweb\_fpclass\WS_FTP.LOG --> www.addr.com /usr/home/awolf/public_html/_fpclass WS_FTP.LOG
99.01.16 18:06 B D:\FrontPage Webs\Content\meinweb\_fpclass\fphover.class --> www.addr.com /usr/home/awolf/public_html/_fpclass fphover.class
99.01.16 18:06 B D:\FrontPage Webs\Content\meinweb\_fpclass\fphoverx.class --> www.addr.com /usr/home/awolf/public_html/_fpclass fphoverx.class
99.01.16 18:06 B D:\FrontPage Webs\Content\meinweb\_fpclass\WS_FTP.LOG --> www.addr.com /usr/home/awolf/public_html/_fpclass WS_FTP.LOG
99.01.16 18:58 B D:\FrontPage Webs\Content\meinweb\_fpclass\fphover.class --> www.addr.com /usr/home/awolf/public_html/_fpclass fphover.class
99.01.16 18:58 B D:\FrontPage Webs\Content\meinweb\_fpclass\fphoverx.class --> www.addr.com /usr/home/awolf/public_html/_fpclass fphoverx.class
99.01.16 18:58 B D:\FrontPage Webs\Content\meinweb\_fpclass\WS_FTP.LOG --> www.addr.com /usr/home/awolf/public_html/_fpclass WS_FTP.LOG
99.03.16 21:14 B D:\FrontPage Webs\Content\meinweb\_fpclass\fphover.class --> www.addr.com /usr/home/awolf/public_html/_fpclass fphover.class
99.03.16 21:14 B D:\FrontPage Webs\Content\meinweb\_fpclass\fphoverx.class --> www.addr.com /usr/home/awolf/public_html/_fpclass fphoverx.class
99.03.16 21:14 B D:\FrontPage Webs\Content\meinweb\_fpclass\WS_FTP.LOG --> www.addr.com /usr/home/awolf/public_html/_fpclass WS_FTP.LOG
99.03.16 22:16 B D:\FrontPage Webs\Content\meinweb\_fpclass\fphover.class --> www.addr.com /usr/home/awolf/public_html/_fpclass fphover.class
99.03.16 22:16 B D:\FrontPage Webs\Content\meinweb\_fpclass\fphoverx.class --> www.addr.com /usr/home/awolf/public_html/_fpclass fphoverx.class
99.03.16 22:16 B D:\FrontPage Webs\Content\meinweb\_fpclass\WS_FTP.LOG --> www.addr.com /usr/home/awolf/public_html/_fpclass WS_FTP.LOG
99.03.24 23:36 B D:\FrontPage Webs\Content\meinweb\_fpclass\fphover.class --> www.addr.com /usr/home/awolf/public_html/_fpclass fphover.class
99.03.24 23:36 B D:\FrontPage Webs\Content\meinweb\_fpclass\fphoverx.class --> www.addr.com /usr/home/awolf/public_html/_fpclass fphoverx.class
99.03.24 23:36 B D:\FrontPage Webs\Content\meinweb\_fpclass\WS_FTP.LOG --> www.addr.com /usr/home/awolf/public_html/_fpclass WS_FTP.LOG
1999.10.23 09:29 B D:\FrontPage Webs\Content\meinweb\_fpclass\WS_FTP.LOG <-- www.jeans-land.com /usr6/home/awolf/public_html/_fpclass WS_FTP.LOG
