99.01.05 08:35 B D:\FrontPage Webs\Content\meinweb\images\logo.gif --> www.addr.com /usr/home/awolf/images logo.gif
99.01.05 08:35 B D:\FrontPage Webs\Content\meinweb\images\prodimg.gif --> www.addr.com /usr/home/awolf/images prodimg.gif
99.01.05 08:35 B D:\FrontPage Webs\Content\meinweb\images\smallnew.gif --> www.addr.com /usr/home/awolf/images smallnew.gif
99.01.05 08:35 B D:\FrontPage Webs\Content\meinweb\images\undercon.gif --> www.addr.com /usr/home/awolf/images undercon.gif
99.01.05 21:43 B D:\FrontPage Webs\Content\meinweb\images\logo.gif --> www.addr.com /usr/home/awolf/images logo.gif
99.01.05 21:43 B D:\FrontPage Webs\Content\meinweb\images\prodimg.gif --> www.addr.com /usr/home/awolf/images prodimg.gif
99.01.05 21:43 B D:\FrontPage Webs\Content\meinweb\images\smallnew.gif --> www.addr.com /usr/home/awolf/images smallnew.gif
99.01.05 21:43 B D:\FrontPage Webs\Content\meinweb\images\undercon.gif --> www.addr.com /usr/home/awolf/images undercon.gif
99.01.05 21:43 B D:\FrontPage Webs\Content\meinweb\images\WS_FTP.LOG --> www.addr.com /usr/home/awolf/images WS_FTP.LOG
99.01.06 10:39 B D:\FrontPage Webs\Content\meinweb\images\logo.gif --> www.addr.com /usr/home/awolf/public_html/images logo.gif
99.01.06 10:39 B D:\FrontPage Webs\Content\meinweb\images\prodimg.gif --> www.addr.com /usr/home/awolf/public_html/images prodimg.gif
99.01.06 10:39 B D:\FrontPage Webs\Content\meinweb\images\smallnew.gif --> www.addr.com /usr/home/awolf/public_html/images smallnew.gif
99.01.06 10:39 B D:\FrontPage Webs\Content\meinweb\images\undercon.gif --> www.addr.com /usr/home/awolf/public_html/images undercon.gif
99.01.06 10:39 B D:\FrontPage Webs\Content\meinweb\images\WS_FTP.LOG --> www.addr.com /usr/home/awolf/public_html/images WS_FTP.LOG
99.01.12 19:48 B D:\FrontPage Webs\Content\meinweb\images\logo.gif --> www.addr.com /usr/home/awolf/public_html/images logo.gif
99.01.12 19:48 B D:\FrontPage Webs\Content\meinweb\images\prodimg.gif --> www.addr.com /usr/home/awolf/public_html/images prodimg.gif
99.01.12 19:48 B D:\FrontPage Webs\Content\meinweb\images\smallnew.gif --> www.addr.com /usr/home/awolf/public_html/images smallnew.gif
99.01.12 19:48 B D:\FrontPage Webs\Content\meinweb\images\undercon.gif --> www.addr.com /usr/home/awolf/public_html/images undercon.gif
99.01.12 19:48 B D:\FrontPage Webs\Content\meinweb\images\WS_FTP.LOG --> www.addr.com /usr/home/awolf/public_html/images WS_FTP.LOG
99.01.13 09:01 B D:\FrontPage Webs\Content\meinweb\images\logo.gif --> www.addr.com /usr/home/awolf/public_html/images logo.gif
99.01.13 09:01 B D:\FrontPage Webs\Content\meinweb\images\prodimg.gif --> www.addr.com /usr/home/awolf/public_html/images prodimg.gif
99.01.13 09:01 B D:\FrontPage Webs\Content\meinweb\images\smallnew.gif --> www.addr.com /usr/home/awolf/public_html/images smallnew.gif
99.01.13 09:01 B D:\FrontPage Webs\Content\meinweb\images\undercon.gif --> www.addr.com /usr/home/awolf/public_html/images undercon.gif
99.01.13 09:01 B D:\FrontPage Webs\Content\meinweb\images\WS_FTP.LOG --> www.addr.com /usr/home/awolf/public_html/images WS_FTP.LOG
99.03.24 23:48 B D:\FrontPage Webs\Content\meinweb\images\logo.gif --> www.addr.com /usr/home/awolf/public_html/images logo.gif
99.03.24 23:48 B D:\FrontPage Webs\Content\meinweb\images\prodimg.gif --> www.addr.com /usr/home/awolf/public_html/images prodimg.gif
99.03.24 23:48 B D:\FrontPage Webs\Content\meinweb\images\smallnew.gif --> www.addr.com /usr/home/awolf/public_html/images smallnew.gif
99.03.24 23:48 B D:\FrontPage Webs\Content\meinweb\images\undercon.gif --> www.addr.com /usr/home/awolf/public_html/images undercon.gif
99.03.24 23:48 B D:\FrontPage Webs\Content\meinweb\images\WS_FTP.LOG --> www.addr.com /usr/home/awolf/public_html/images WS_FTP.LOG
99.08.01 11:08 B D:\FrontPage Webs\Content\meinweb\images\Model-4.JPG --> www.addr.com /usr6/home/awolf/public_html/images Model-4.JPG
99.08.01 11:08 B D:\FrontPage Webs\Content\meinweb\images\Model-3.JPG --> www.addr.com /usr6/home/awolf/public_html/images Model-3.JPG
99.08.01 11:08 B D:\FrontPage Webs\Content\meinweb\images\Model-2.JPG --> www.addr.com /usr6/home/awolf/public_html/images Model-2.JPG
99.08.01 11:08 B D:\FrontPage Webs\Content\meinweb\images\Model-8.JPG --> www.addr.com /usr6/home/awolf/public_html/images Model-8.JPG
99.08.01 11:08 B D:\FrontPage Webs\Content\meinweb\images\Model-7.JPG --> www.addr.com /usr6/home/awolf/public_html/images Model-7.JPG
99.08.01 11:08 B D:\FrontPage Webs\Content\meinweb\images\Model-6.JPG --> www.addr.com /usr6/home/awolf/public_html/images Model-6.JPG
99.08.01 11:08 B D:\FrontPage Webs\Content\meinweb\images\Model-5.JPG --> www.addr.com /usr6/home/awolf/public_html/images Model-5.JPG
99.08.01 11:08 B D:\FrontPage Webs\Content\meinweb\images\Model-1.JPG --> www.addr.com /usr6/home/awolf/public_html/images Model-1.JPG
99.08.01 11:08 B D:\FrontPage Webs\Content\meinweb\images\freelink.bmp --> www.addr.com /usr6/home/awolf/public_html/images freelink.bmp
99.08.01 11:08 B D:\FrontPage Webs\Content\meinweb\images\WS_FTP.LOG --> www.addr.com /usr6/home/awolf/public_html/images WS_FTP.LOG
99.08.01 11:08 B D:\FrontPage Webs\Content\meinweb\images\undercon.gif --> www.addr.com /usr6/home/awolf/public_html/images undercon.gif
99.08.01 11:08 B D:\FrontPage Webs\Content\meinweb\images\smallnew.gif --> www.addr.com /usr6/home/awolf/public_html/images smallnew.gif
99.08.01 11:08 B D:\FrontPage Webs\Content\meinweb\images\prodimg.gif --> www.addr.com /usr6/home/awolf/public_html/images prodimg.gif
99.08.01 11:08 B D:\FrontPage Webs\Content\meinweb\images\logo.gif --> www.addr.com /usr6/home/awolf/public_html/images logo.gif
