99.06.11 23:22 B D:\FrontPage Webs\Content\meinweb\_themes\arcs\theme.css --> www.addr.com /usr6/home/awolf/public_html/_themes/arcs theme.css
99.06.11 23:22 B D:\FrontPage Webs\Content\meinweb\_themes\arcs\graph1.css --> www.addr.com /usr6/home/awolf/public_html/_themes/arcs graph1.css
99.06.11 23:22 B D:\FrontPage Webs\Content\meinweb\_themes\arcs\graph0.css --> www.addr.com /usr6/home/awolf/public_html/_themes/arcs graph0.css
99.06.11 23:22 B D:\FrontPage Webs\Content\meinweb\_themes\arcs\color1.css --> www.addr.com /usr6/home/awolf/public_html/_themes/arcs color1.css
99.06.11 23:22 B D:\FrontPage Webs\Content\meinweb\_themes\arcs\color0.css --> www.addr.com /usr6/home/awolf/public_html/_themes/arcs color0.css
99.06.11 23:22 B D:\FrontPage Webs\Content\meinweb\_themes\arcs\arcupp.gif --> www.addr.com /usr6/home/awolf/public_html/_themes/arcs arcupp.gif
99.06.11 23:22 B D:\FrontPage Webs\Content\meinweb\_themes\arcs\arcuph.gif --> www.addr.com /usr6/home/awolf/public_html/_themes/arcs arcuph.gif
99.06.11 23:23 B D:\FrontPage Webs\Content\meinweb\_themes\arcs\arcupa.gif --> www.addr.com /usr6/home/awolf/public_html/_themes/arcs arcupa.gif
99.06.11 23:23 B D:\FrontPage Webs\Content\meinweb\_themes\arcs\arctile.jpg --> www.addr.com /usr6/home/awolf/public_html/_themes/arcs arctile.jpg
99.06.11 23:23 B D:\FrontPage Webs\Content\meinweb\_themes\arcs\arcsepd.gif --> www.addr.com /usr6/home/awolf/public_html/_themes/arcs arcsepd.gif
99.06.11 23:23 B D:\FrontPage Webs\Content\meinweb\_themes\arcs\arcs.utf8 --> www.addr.com /usr6/home/awolf/public_html/_themes/arcs arcs.utf8
99.06.11 23:23 B D:\FrontPage Webs\Content\meinweb\_themes\arcs\arcs.inf --> www.addr.com /usr6/home/awolf/public_html/_themes/arcs arcs.inf
99.06.11 23:23 B D:\FrontPage Webs\Content\meinweb\_themes\arcs\arcprevp.gif --> www.addr.com /usr6/home/awolf/public_html/_themes/arcs arcprevp.gif
99.06.11 23:23 B D:\FrontPage Webs\Content\meinweb\_themes\arcs\arcprevh.gif --> www.addr.com /usr6/home/awolf/public_html/_themes/arcs arcprevh.gif
99.06.11 23:23 B D:\FrontPage Webs\Content\meinweb\_themes\arcs\arcpreva.gif --> www.addr.com /usr6/home/awolf/public_html/_themes/arcs arcpreva.gif
99.06.11 23:23 B D:\FrontPage Webs\Content\meinweb\_themes\arcs\arcnextp.gif --> www.addr.com /usr6/home/awolf/public_html/_themes/arcs arcnextp.gif
99.06.11 23:23 B D:\FrontPage Webs\Content\meinweb\_themes\arcs\arcnexth.gif --> www.addr.com /usr6/home/awolf/public_html/_themes/arcs arcnexth.gif
99.06.11 23:23 B D:\FrontPage Webs\Content\meinweb\_themes\arcs\arcnexta.gif --> www.addr.com /usr6/home/awolf/public_html/_themes/arcs arcnexta.gif
99.06.11 23:23 B D:\FrontPage Webs\Content\meinweb\_themes\arcs\arcnavhs.gif --> www.addr.com /usr6/home/awolf/public_html/_themes/arcs arcnavhs.gif
99.06.11 23:23 B D:\FrontPage Webs\Content\meinweb\_themes\arcs\arcnavhp.gif --> www.addr.com /usr6/home/awolf/public_html/_themes/arcs arcnavhp.gif
99.06.11 23:23 B D:\FrontPage Webs\Content\meinweb\_themes\arcs\arcnavhh.gif --> www.addr.com /usr6/home/awolf/public_html/_themes/arcs arcnavhh.gif
99.06.11 23:23 B D:\FrontPage Webs\Content\meinweb\_themes\arcs\arcnavhd.gif --> www.addr.com /usr6/home/awolf/public_html/_themes/arcs arcnavhd.gif
99.06.11 23:23 B D:\FrontPage Webs\Content\meinweb\_themes\arcs\arcnavha.gif --> www.addr.com /usr6/home/awolf/public_html/_themes/arcs arcnavha.gif
99.06.11 23:23 B D:\FrontPage Webs\Content\meinweb\_themes\arcs\archomep.gif --> www.addr.com /usr6/home/awolf/public_html/_themes/arcs archomep.gif
99.06.11 23:23 B D:\FrontPage Webs\Content\meinweb\_themes\arcs\archomeh.gif --> www.addr.com /usr6/home/awolf/public_html/_themes/arcs archomeh.gif
99.06.11 23:23 B D:\FrontPage Webs\Content\meinweb\_themes\arcs\archomed.gif --> www.addr.com /usr6/home/awolf/public_html/_themes/arcs archomed.gif
99.06.11 23:23 B D:\FrontPage Webs\Content\meinweb\_themes\arcs\archomea.gif --> www.addr.com /usr6/home/awolf/public_html/_themes/arcs archomea.gif
99.06.11 23:23 B D:\FrontPage Webs\Content\meinweb\_themes\arcs\arcglobl.gif --> www.addr.com /usr6/home/awolf/public_html/_themes/arcs arcglobl.gif
99.06.11 23:23 B D:\FrontPage Webs\Content\meinweb\_themes\arcs\arcbul3d.gif --> www.addr.com /usr6/home/awolf/public_html/_themes/arcs arcbul3d.gif
99.06.11 23:23 B D:\FrontPage Webs\Content\meinweb\_themes\arcs\arcbul3a.gif --> www.addr.com /usr6/home/awolf/public_html/_themes/arcs arcbul3a.gif
99.06.11 23:23 B D:\FrontPage Webs\Content\meinweb\_themes\arcs\arcbul2d.gif --> www.addr.com /usr6/home/awolf/public_html/_themes/arcs arcbul2d.gif
99.06.11 23:23 B D:\FrontPage Webs\Content\meinweb\_themes\arcs\arcbul2a.gif --> www.addr.com /usr6/home/awolf/public_html/_themes/arcs arcbul2a.gif
99.06.11 23:23 B D:\FrontPage Webs\Content\meinweb\_themes\arcs\arcbul1d.gif --> www.addr.com /usr6/home/awolf/public_html/_themes/arcs arcbul1d.gif
99.06.11 23:23 B D:\FrontPage Webs\Content\meinweb\_themes\arcs\arcbul1a.gif --> www.addr.com /usr6/home/awolf/public_html/_themes/arcs arcbul1a.gif
99.06.11 23:23 B D:\FrontPage Webs\Content\meinweb\_themes\arcs\arcbannd.gif --> www.addr.com /usr6/home/awolf/public_html/_themes/arcs arcbannd.gif
99.06.11 23:23 B D:\FrontPage Webs\Content\meinweb\_themes\arcs\arcbanna.gif --> www.addr.com /usr6/home/awolf/public_html/_themes/arcs arcbanna.gif
1999.10.26 08:54 B D:\FrontPage Webs\Content\meinweb\_themes\arcs\theme.css --> www.jeans-land.de /_themes/arcs theme.css
1999.10.26 08:54 B D:\FrontPage Webs\Content\meinweb\_themes\arcs\graph1.css --> www.jeans-land.de /_themes/arcs graph1.css
1999.10.26 08:54 B D:\FrontPage Webs\Content\meinweb\_themes\arcs\graph0.css --> www.jeans-land.de /_themes/arcs graph0.css
1999.10.26 08:54 B D:\FrontPage Webs\Content\meinweb\_themes\arcs\custom.css --> www.jeans-land.de /_themes/arcs custom.css
1999.10.26 08:54 B D:\FrontPage Webs\Content\meinweb\_themes\arcs\color1.css --> www.jeans-land.de /_themes/arcs color1.css
1999.10.26 08:54 B D:\FrontPage Webs\Content\meinweb\_themes\arcs\color0.css --> www.jeans-land.de /_themes/arcs color0.css
1999.10.26 08:54 B D:\FrontPage Webs\Content\meinweb\_themes\arcs\arcupd.gif --> www.jeans-land.de /_themes/arcs arcupd.gif
1999.10.26 08:54 B D:\FrontPage Webs\Content\meinweb\_themes\arcs\arctile.jpg --> www.jeans-land.de /_themes/arcs arctile.jpg
1999.10.26 08:54 B D:\FrontPage Webs\Content\meinweb\_themes\arcs\arcsepd.gif --> www.jeans-land.de /_themes/arcs arcsepd.gif
1999.10.26 08:54 B D:\FrontPage Webs\Content\meinweb\_themes\arcs\arcsepa.gif --> www.jeans-land.de /_themes/arcs arcsepa.gif
1999.10.26 08:54 B D:\FrontPage Webs\Content\meinweb\_themes\arcs\arcs.utf8 --> www.jeans-land.de /_themes/arcs arcs.utf8
1999.10.26 08:54 B D:\FrontPage Webs\Content\meinweb\_themes\arcs\arcs.inf --> www.jeans-land.de /_themes/arcs arcs.inf
1999.10.26 08:54 B D:\FrontPage Webs\Content\meinweb\_themes\arcs\arcprevd.gif --> www.jeans-land.de /_themes/arcs arcprevd.gif
1999.10.26 08:54 B D:\FrontPage Webs\Content\meinweb\_themes\arcs\arcnextd.gif --> www.jeans-land.de /_themes/arcs arcnextd.gif
1999.10.26 08:54 B D:\FrontPage Webs\Content\meinweb\_themes\arcs\arcnavvs.gif --> www.jeans-land.de /_themes/arcs arcnavvs.gif
1999.10.26 08:54 B D:\FrontPage Webs\Content\meinweb\_themes\arcs\arcnavvp.gif --> www.jeans-land.de /_themes/arcs arcnavvp.gif
1999.10.26 08:54 B D:\FrontPage Webs\Content\meinweb\_themes\arcs\arcnavvh.gif --> www.jeans-land.de /_themes/arcs arcnavvh.gif
1999.10.26 08:54 B D:\FrontPage Webs\Content\meinweb\_themes\arcs\arcnavvd.gif --> www.jeans-land.de /_themes/arcs arcnavvd.gif
1999.10.26 08:54 B D:\FrontPage Webs\Content\meinweb\_themes\arcs\arcnavva.gif --> www.jeans-land.de /_themes/arcs arcnavva.gif
1999.10.26 08:54 B D:\FrontPage Webs\Content\meinweb\_themes\arcs\arcbul3d.gif --> www.jeans-land.de /_themes/arcs arcbul3d.gif
1999.10.26 08:54 B D:\FrontPage Webs\Content\meinweb\_themes\arcs\arcbul3a.gif --> www.jeans-land.de /_themes/arcs arcbul3a.gif
1999.10.26 08:54 B D:\FrontPage Webs\Content\meinweb\_themes\arcs\arcbul2d.gif --> www.jeans-land.de /_themes/arcs arcbul2d.gif
1999.10.26 08:54 B D:\FrontPage Webs\Content\meinweb\_themes\arcs\arcbul1d.gif --> www.jeans-land.de /_themes/arcs arcbul1d.gif
1999.10.26 08:54 B D:\FrontPage Webs\Content\meinweb\_themes\arcs\arcbul1a.gif --> www.jeans-land.de /_themes/arcs arcbul1a.gif
1999.10.26 08:54 B D:\FrontPage Webs\Content\meinweb\_themes\arcs\WS_FTP.LOG --> www.jeans-land.de /_themes/arcs WS_FTP.LOG
1999.10.26 08:54 B D:\FrontPage Webs\Content\meinweb\_themes\arcs\arcupp.gif --> www.jeans-land.de /_themes/arcs arcupp.gif
1999.10.26 08:55 B D:\FrontPage Webs\Content\meinweb\_themes\arcs\arcuph.gif --> www.jeans-land.de /_themes/arcs arcuph.gif
1999.10.26 08:55 B D:\FrontPage Webs\Content\meinweb\_themes\arcs\arcupa.gif --> www.jeans-land.de /_themes/arcs arcupa.gif
1999.10.26 08:55 B D:\FrontPage Webs\Content\meinweb\_themes\arcs\arcprevp.gif --> www.jeans-land.de /_themes/arcs arcprevp.gif
1999.10.26 08:55 B D:\FrontPage Webs\Content\meinweb\_themes\arcs\arcprevh.gif --> www.jeans-land.de /_themes/arcs arcprevh.gif
1999.10.26 08:55 B D:\FrontPage Webs\Content\meinweb\_themes\arcs\arcpreva.gif --> www.jeans-land.de /_themes/arcs arcpreva.gif
1999.10.26 08:55 B D:\FrontPage Webs\Content\meinweb\_themes\arcs\arcnextp.gif --> www.jeans-land.de /_themes/arcs arcnextp.gif
1999.10.26 08:55 B D:\FrontPage Webs\Content\meinweb\_themes\arcs\arcnexth.gif --> www.jeans-land.de /_themes/arcs arcnexth.gif
1999.10.26 08:55 B D:\FrontPage Webs\Content\meinweb\_themes\arcs\arcnexta.gif --> www.jeans-land.de /_themes/arcs arcnexta.gif
1999.10.26 08:55 B D:\FrontPage Webs\Content\meinweb\_themes\arcs\arcnavhs.gif --> www.jeans-land.de /_themes/arcs arcnavhs.gif
1999.10.26 08:55 B D:\FrontPage Webs\Content\meinweb\_themes\arcs\arcnavhp.gif --> www.jeans-land.de /_themes/arcs arcnavhp.gif
1999.10.26 08:55 B D:\FrontPage Webs\Content\meinweb\_themes\arcs\arcnavhh.gif --> www.jeans-land.de /_themes/arcs arcnavhh.gif
1999.10.26 08:55 B D:\FrontPage Webs\Content\meinweb\_themes\arcs\arcnavhd.gif --> www.jeans-land.de /_themes/arcs arcnavhd.gif
1999.10.26 08:55 B D:\FrontPage Webs\Content\meinweb\_themes\arcs\arcnavha.gif --> www.jeans-land.de /_themes/arcs arcnavha.gif
1999.10.26 08:55 B D:\FrontPage Webs\Content\meinweb\_themes\arcs\archomep.gif --> www.jeans-land.de /_themes/arcs archomep.gif
1999.10.26 08:55 B D:\FrontPage Webs\Content\meinweb\_themes\arcs\archomeh.gif --> www.jeans-land.de /_themes/arcs archomeh.gif
1999.10.26 08:55 B D:\FrontPage Webs\Content\meinweb\_themes\arcs\archomed.gif --> www.jeans-land.de /_themes/arcs archomed.gif
1999.10.26 08:55 B D:\FrontPage Webs\Content\meinweb\_themes\arcs\archomea.gif --> www.jeans-land.de /_themes/arcs archomea.gif
1999.10.26 08:55 B D:\FrontPage Webs\Content\meinweb\_themes\arcs\arcglobl.gif --> www.jeans-land.de /_themes/arcs arcglobl.gif
1999.10.26 08:55 B D:\FrontPage Webs\Content\meinweb\_themes\arcs\arcbul2a.gif --> www.jeans-land.de /_themes/arcs arcbul2a.gif
1999.10.26 08:55 B D:\FrontPage Webs\Content\meinweb\_themes\arcs\arcbannd.gif --> www.jeans-land.de /_themes/arcs arcbannd.gif
1999.10.26 08:55 B D:\FrontPage Webs\Content\meinweb\_themes\arcs\arcbanna.gif --> www.jeans-land.de /_themes/arcs arcbanna.gif
1999.12.17 21:43 B D:\FrontPage Webs\Content\meinweb\_themes\arcs\arcnavvh.gif --> home.nikocity.de /_themes/arcs arcnavvh.gif
1999.12.17 21:43 B D:\FrontPage Webs\Content\meinweb\_themes\arcs\arcupp.gif --> home.nikocity.de /_themes/arcs arcupp.gif
1999.12.17 21:43 B D:\FrontPage Webs\Content\meinweb\_themes\arcs\arcnavhp.gif --> home.nikocity.de /_themes/arcs arcnavhp.gif
1999.12.17 21:43 B D:\FrontPage Webs\Content\meinweb\_themes\arcs\arcglobl.gif --> home.nikocity.de /_themes/arcs arcglobl.gif
