1999.10.23 09:32 B D:\FrontPage Webs\Content\meinweb\_themes\global\color0.css <-- www.jeans-land.com /usr6/home/awolf/public_html/_themes/global color0.css
1999.10.23 09:32 B D:\FrontPage Webs\Content\meinweb\_themes\global\color1.css <-- www.jeans-land.com /usr6/home/awolf/public_html/_themes/global color1.css
1999.10.23 09:32 B D:\FrontPage Webs\Content\meinweb\_themes\global\global.inf <-- www.jeans-land.com /usr6/home/awolf/public_html/_themes/global global.inf
1999.10.23 09:32 B D:\FrontPage Webs\Content\meinweb\_themes\global\global.utf8 <-- www.jeans-land.com /usr6/home/awolf/public_html/_themes/global global.utf8
1999.10.23 09:32 B D:\FrontPage Webs\Content\meinweb\_themes\global\globanna.gif <-- www.jeans-land.com /usr6/home/awolf/public_html/_themes/global globanna.gif
1999.10.23 09:32 B D:\FrontPage Webs\Content\meinweb\_themes\global\globannd.gif <-- www.jeans-land.com /usr6/home/awolf/public_html/_themes/global globannd.gif
1999.10.23 09:32 B D:\FrontPage Webs\Content\meinweb\_themes\global\globul1a.gif <-- www.jeans-land.com /usr6/home/awolf/public_html/_themes/global globul1a.gif
1999.10.23 09:32 B D:\FrontPage Webs\Content\meinweb\_themes\global\globul1d.gif <-- www.jeans-land.com /usr6/home/awolf/public_html/_themes/global globul1d.gif
1999.10.23 09:32 B D:\FrontPage Webs\Content\meinweb\_themes\global\globul2a.gif <-- www.jeans-land.com /usr6/home/awolf/public_html/_themes/global globul2a.gif
1999.10.23 09:32 B D:\FrontPage Webs\Content\meinweb\_themes\global\globul2d.gif <-- www.jeans-land.com /usr6/home/awolf/public_html/_themes/global globul2d.gif
1999.10.23 09:32 B D:\FrontPage Webs\Content\meinweb\_themes\global\globul3a.gif <-- www.jeans-land.com /usr6/home/awolf/public_html/_themes/global globul3a.gif
1999.10.23 09:32 B D:\FrontPage Webs\Content\meinweb\_themes\global\globul3d.gif <-- www.jeans-land.com /usr6/home/awolf/public_html/_themes/global globul3d.gif
1999.10.23 09:32 B D:\FrontPage Webs\Content\meinweb\_themes\global\gloglob.gif <-- www.jeans-land.com /usr6/home/awolf/public_html/_themes/global gloglob.gif
1999.10.23 09:32 B D:\FrontPage Webs\Content\meinweb\_themes\global\glohbuda.gif <-- www.jeans-land.com /usr6/home/awolf/public_html/_themes/global glohbuda.gif
1999.10.23 09:32 B D:\FrontPage Webs\Content\meinweb\_themes\global\glohbudd.gif <-- www.jeans-land.com /usr6/home/awolf/public_html/_themes/global glohbudd.gif
1999.10.23 09:32 B D:\FrontPage Webs\Content\meinweb\_themes\global\glohbuha.gif <-- www.jeans-land.com /usr6/home/awolf/public_html/_themes/global glohbuha.gif
1999.10.23 09:32 B D:\FrontPage Webs\Content\meinweb\_themes\global\glohbusa.gif <-- www.jeans-land.com /usr6/home/awolf/public_html/_themes/global glohbusa.gif
1999.10.23 09:32 B D:\FrontPage Webs\Content\meinweb\_themes\global\glohbusd.gif <-- www.jeans-land.com /usr6/home/awolf/public_html/_themes/global glohbusd.gif
1999.10.23 09:32 B D:\FrontPage Webs\Content\meinweb\_themes\global\glohombd.gif <-- www.jeans-land.com /usr6/home/awolf/public_html/_themes/global glohombd.gif
1999.10.23 09:32 B D:\FrontPage Webs\Content\meinweb\_themes\global\glohomda.gif <-- www.jeans-land.com /usr6/home/awolf/public_html/_themes/global glohomda.gif
1999.10.23 09:32 B D:\FrontPage Webs\Content\meinweb\_themes\global\glohomha.gif <-- www.jeans-land.com /usr6/home/awolf/public_html/_themes/global glohomha.gif
1999.10.23 09:32 B D:\FrontPage Webs\Content\meinweb\_themes\global\glohomsa.gif <-- www.jeans-land.com /usr6/home/awolf/public_html/_themes/global glohomsa.gif
1999.10.23 09:32 B D:\FrontPage Webs\Content\meinweb\_themes\global\glohorsa.gif <-- www.jeans-land.com /usr6/home/awolf/public_html/_themes/global glohorsa.gif
1999.10.23 09:32 B D:\FrontPage Webs\Content\meinweb\_themes\global\glohorsd.gif <-- www.jeans-land.com /usr6/home/awolf/public_html/_themes/global glohorsd.gif
1999.10.23 09:32 B D:\FrontPage Webs\Content\meinweb\_themes\global\glonexbd.gif <-- www.jeans-land.com /usr6/home/awolf/public_html/_themes/global glonexbd.gif
1999.10.23 09:32 B D:\FrontPage Webs\Content\meinweb\_themes\global\glonexda.gif <-- www.jeans-land.com /usr6/home/awolf/public_html/_themes/global glonexda.gif
1999.10.23 09:32 B D:\FrontPage Webs\Content\meinweb\_themes\global\glonexha.gif <-- www.jeans-land.com /usr6/home/awolf/public_html/_themes/global glonexha.gif
1999.10.23 09:32 B D:\FrontPage Webs\Content\meinweb\_themes\global\glonexsa.gif <-- www.jeans-land.com /usr6/home/awolf/public_html/_themes/global glonexsa.gif
1999.10.23 09:32 B D:\FrontPage Webs\Content\meinweb\_themes\global\gloprebd.gif <-- www.jeans-land.com /usr6/home/awolf/public_html/_themes/global gloprebd.gif
1999.10.23 09:32 B D:\FrontPage Webs\Content\meinweb\_themes\global\glopreda.gif <-- www.jeans-land.com /usr6/home/awolf/public_html/_themes/global glopreda.gif
1999.10.23 09:32 B D:\FrontPage Webs\Content\meinweb\_themes\global\glopreha.gif <-- www.jeans-land.com /usr6/home/awolf/public_html/_themes/global glopreha.gif
1999.10.23 09:32 B D:\FrontPage Webs\Content\meinweb\_themes\global\glopresa.gif <-- www.jeans-land.com /usr6/home/awolf/public_html/_themes/global glopresa.gif
1999.10.23 09:32 B D:\FrontPage Webs\Content\meinweb\_themes\global\glotextb.gif <-- www.jeans-land.com /usr6/home/awolf/public_html/_themes/global glotextb.gif
1999.10.23 09:32 B D:\FrontPage Webs\Content\meinweb\_themes\global\gloupbd.gif <-- www.jeans-land.com /usr6/home/awolf/public_html/_themes/global gloupbd.gif
1999.10.23 09:32 B D:\FrontPage Webs\Content\meinweb\_themes\global\gloupda.gif <-- www.jeans-land.com /usr6/home/awolf/public_html/_themes/global gloupda.gif
1999.10.23 09:32 B D:\FrontPage Webs\Content\meinweb\_themes\global\gloupha.gif <-- www.jeans-land.com /usr6/home/awolf/public_html/_themes/global gloupha.gif
1999.10.23 09:32 B D:\FrontPage Webs\Content\meinweb\_themes\global\gloupsa.gif <-- www.jeans-land.com /usr6/home/awolf/public_html/_themes/global gloupsa.gif
1999.10.23 09:32 B D:\FrontPage Webs\Content\meinweb\_themes\global\glovbuda.gif <-- www.jeans-land.com /usr6/home/awolf/public_html/_themes/global glovbuda.gif
1999.10.23 09:32 B D:\FrontPage Webs\Content\meinweb\_themes\global\glovbudd.gif <-- www.jeans-land.com /usr6/home/awolf/public_html/_themes/global glovbudd.gif
1999.10.23 09:32 B D:\FrontPage Webs\Content\meinweb\_themes\global\glovbuha.gif <-- www.jeans-land.com /usr6/home/awolf/public_html/_themes/global glovbuha.gif
1999.10.23 09:32 B D:\FrontPage Webs\Content\meinweb\_themes\global\glovbusa.gif <-- www.jeans-land.com /usr6/home/awolf/public_html/_themes/global glovbusa.gif
1999.10.23 09:32 B D:\FrontPage Webs\Content\meinweb\_themes\global\glovbusd.gif <-- www.jeans-land.com /usr6/home/awolf/public_html/_themes/global glovbusd.gif
1999.10.23 09:32 B D:\FrontPage Webs\Content\meinweb\_themes\global\graph0.css <-- www.jeans-land.com /usr6/home/awolf/public_html/_themes/global graph0.css
1999.10.23 09:33 B D:\FrontPage Webs\Content\meinweb\_themes\global\graph1.css <-- www.jeans-land.com /usr6/home/awolf/public_html/_themes/global graph1.css
1999.10.23 09:33 B D:\FrontPage Webs\Content\meinweb\_themes\global\theme.css <-- www.jeans-land.com /usr6/home/awolf/public_html/_themes/global theme.css
