vti_encoding:SR|utf8-nl
99.01.12 19:43 B D:\\FrontPage Webs\\Content\\meinweb\\_themes\\clearday\\_vti_cnf\\clearday.utf8 --> www.addr.com /usr/home/awolf/public_html/_themes/clearday/_vti_cnf clearday.utf8
99.01.06 10:34 B D:\\FrontPage Webs\\Content\\meinweb\\_themes\\clearday\\_vti_cnf\\clearday.utf8 --> www.addr.com /usr/home/awolf/public_html/_themes/clearday/_vti_cnf clearday.utf8
99.01.05 08:29 B D:\\FrontPage Webs\\Content\\meinweb\\_themes\\clearday\\_vti_cnf\\clearday.utf8 --> www.addr.com /usr/home/awolf/_themes/clearday/_vti_cnf clearday.utf8
vti_extenderversion:SR|3.0.2.1330
vti_timelastmodified:TR|12 Jan 1999 19:44:12 -0000
99.01.05 21:35 B D:\\FrontPage Webs\\Content\\meinweb\\_themes\\clearday\\_vti_cnf\\clearday.utf8 --> www.addr.com /usr/home/awolf/_themes/clearday/_vti_cnf clearday.utf8
99.01.13 08:34 B D:\FrontPage Webs\Content\meinweb\_themes\clearday\_vti_cnf\color0.css --> www.addr.com /usr/home/awolf/public_html/_themes/clearday/_vti_cnf color0.css
99.01.13 08:34 B D:\FrontPage Webs\Content\meinweb\_themes\clearday\_vti_cnf\color1.css --> www.addr.com /usr/home/awolf/public_html/_themes/clearday/_vti_cnf color1.css
99.01.13 08:34 B D:\FrontPage Webs\Content\meinweb\_themes\clearday\_vti_cnf\graph0.css --> www.addr.com /usr/home/awolf/public_html/_themes/clearday/_vti_cnf graph0.css
99.01.13 08:34 B D:\FrontPage Webs\Content\meinweb\_themes\clearday\_vti_cnf\graph1.css --> www.addr.com /usr/home/awolf/public_html/_themes/clearday/_vti_cnf graph1.css
99.01.13 08:34 B D:\FrontPage Webs\Content\meinweb\_themes\clearday\_vti_cnf\theme.css --> www.addr.com /usr/home/awolf/public_html/_themes/clearday/_vti_cnf theme.css
99.01.13 08:34 B D:\FrontPage Webs\Content\meinweb\_themes\clearday\_vti_cnf\acdbnr.gif --> www.addr.com /usr/home/awolf/public_html/_themes/clearday/_vti_cnf acdbnr.gif
99.01.13 08:34 B D:\FrontPage Webs\Content\meinweb\_themes\clearday\_vti_cnf\acdbull1.gif --> www.addr.com /usr/home/awolf/public_html/_themes/clearday/_vti_cnf acdbull1.gif
99.01.13 08:34 B D:\FrontPage Webs\Content\meinweb\_themes\clearday\_vti_cnf\acdbull2.gif --> www.addr.com /usr/home/awolf/public_html/_themes/clearday/_vti_cnf acdbull2.gif
99.01.13 08:34 B D:\FrontPage Webs\Content\meinweb\_themes\clearday\_vti_cnf\acdbull3.gif --> www.addr.com /usr/home/awolf/public_html/_themes/clearday/_vti_cnf acdbull3.gif
99.01.13 08:34 B D:\FrontPage Webs\Content\meinweb\_themes\clearday\_vti_cnf\acdhb.gif --> www.addr.com /usr/home/awolf/public_html/_themes/clearday/_vti_cnf acdhb.gif
99.01.13 08:34 B D:\FrontPage Webs\Content\meinweb\_themes\clearday\_vti_cnf\acdhbh.gif --> www.addr.com /usr/home/awolf/public_html/_themes/clearday/_vti_cnf acdhbh.gif
99.01.13 08:34 B D:\FrontPage Webs\Content\meinweb\_themes\clearday\_vti_cnf\acdhbs.gif --> www.addr.com /usr/home/awolf/public_html/_themes/clearday/_vti_cnf acdhbs.gif
99.01.13 08:34 B D:\FrontPage Webs\Content\meinweb\_themes\clearday\_vti_cnf\acdhome.gif --> www.addr.com /usr/home/awolf/public_html/_themes/clearday/_vti_cnf acdhome.gif
99.01.13 08:34 B D:\FrontPage Webs\Content\meinweb\_themes\clearday\_vti_cnf\acdhomeh.gif --> www.addr.com /usr/home/awolf/public_html/_themes/clearday/_vti_cnf acdhomeh.gif
99.01.13 08:34 B D:\FrontPage Webs\Content\meinweb\_themes\clearday\_vti_cnf\acdhomes.gif --> www.addr.com /usr/home/awolf/public_html/_themes/clearday/_vti_cnf acdhomes.gif
99.01.13 08:34 B D:\FrontPage Webs\Content\meinweb\_themes\clearday\_vti_cnf\acdnext.gif --> www.addr.com /usr/home/awolf/public_html/_themes/clearday/_vti_cnf acdnext.gif
99.01.13 08:34 B D:\FrontPage Webs\Content\meinweb\_themes\clearday\_vti_cnf\acdnexth.gif --> www.addr.com /usr/home/awolf/public_html/_themes/clearday/_vti_cnf acdnexth.gif
99.01.13 08:34 B D:\FrontPage Webs\Content\meinweb\_themes\clearday\_vti_cnf\acdnexts.gif --> www.addr.com /usr/home/awolf/public_html/_themes/clearday/_vti_cnf acdnexts.gif
99.01.13 08:34 B D:\FrontPage Webs\Content\meinweb\_themes\clearday\_vti_cnf\acdprev.gif --> www.addr.com /usr/home/awolf/public_html/_themes/clearday/_vti_cnf acdprev.gif
99.01.13 08:34 B D:\FrontPage Webs\Content\meinweb\_themes\clearday\_vti_cnf\acdprevh.gif --> www.addr.com /usr/home/awolf/public_html/_themes/clearday/_vti_cnf acdprevh.gif
99.01.13 08:35 B D:\FrontPage Webs\Content\meinweb\_themes\clearday\_vti_cnf\acdprevs.gif --> www.addr.com /usr/home/awolf/public_html/_themes/clearday/_vti_cnf acdprevs.gif
99.01.13 08:35 B D:\FrontPage Webs\Content\meinweb\_themes\clearday\_vti_cnf\acdrule.gif --> www.addr.com /usr/home/awolf/public_html/_themes/clearday/_vti_cnf acdrule.gif
99.01.13 08:35 B D:\FrontPage Webs\Content\meinweb\_themes\clearday\_vti_cnf\acdup.gif --> www.addr.com /usr/home/awolf/public_html/_themes/clearday/_vti_cnf acdup.gif
99.01.13 08:35 B D:\FrontPage Webs\Content\meinweb\_themes\clearday\_vti_cnf\acduph.gif --> www.addr.com /usr/home/awolf/public_html/_themes/clearday/_vti_cnf acduph.gif
99.01.13 08:35 B D:\FrontPage Webs\Content\meinweb\_themes\clearday\_vti_cnf\acdups.gif --> www.addr.com /usr/home/awolf/public_html/_themes/clearday/_vti_cnf acdups.gif
99.01.13 08:35 B D:\FrontPage Webs\Content\meinweb\_themes\clearday\_vti_cnf\acdvb.gif --> www.addr.com /usr/home/awolf/public_html/_themes/clearday/_vti_cnf acdvb.gif
99.01.13 08:35 B D:\FrontPage Webs\Content\meinweb\_themes\clearday\_vti_cnf\acdvbh.gif --> www.addr.com /usr/home/awolf/public_html/_themes/clearday/_vti_cnf acdvbh.gif
99.01.13 08:35 B D:\FrontPage Webs\Content\meinweb\_themes\clearday\_vti_cnf\acdvbs.gif --> www.addr.com /usr/home/awolf/public_html/_themes/clearday/_vti_cnf acdvbs.gif
99.01.13 08:35 B D:\FrontPage Webs\Content\meinweb\_themes\clearday\_vti_cnf\cdbkgnd.gif --> www.addr.com /usr/home/awolf/public_html/_themes/clearday/_vti_cnf cdbkgnd.gif
99.01.13 08:35 B D:\FrontPage Webs\Content\meinweb\_themes\clearday\_vti_cnf\cdbnr.gif --> www.addr.com /usr/home/awolf/public_html/_themes/clearday/_vti_cnf cdbnr.gif
99.01.13 08:35 B D:\FrontPage Webs\Content\meinweb\_themes\clearday\_vti_cnf\cdbull1.gif --> www.addr.com /usr/home/awolf/public_html/_themes/clearday/_vti_cnf cdbull1.gif
99.01.13 08:35 B D:\FrontPage Webs\Content\meinweb\_themes\clearday\_vti_cnf\cdbull2.gif --> www.addr.com /usr/home/awolf/public_html/_themes/clearday/_vti_cnf cdbull2.gif
99.01.13 08:35 B D:\FrontPage Webs\Content\meinweb\_themes\clearday\_vti_cnf\cdbull3.gif --> www.addr.com /usr/home/awolf/public_html/_themes/clearday/_vti_cnf cdbull3.gif
99.01.13 08:35 B D:\FrontPage Webs\Content\meinweb\_themes\clearday\_vti_cnf\cdglb.gif --> www.addr.com /usr/home/awolf/public_html/_themes/clearday/_vti_cnf cdglb.gif
99.01.13 08:35 B D:\FrontPage Webs\Content\meinweb\_themes\clearday\_vti_cnf\cdhb.gif --> www.addr.com /usr/home/awolf/public_html/_themes/clearday/_vti_cnf cdhb.gif
99.01.13 08:36 B D:\FrontPage Webs\Content\meinweb\_themes\clearday\_vti_cnf\cdhome.gif --> www.addr.com /usr/home/awolf/public_html/_themes/clearday/_vti_cnf cdhome.gif
99.01.13 08:36 B D:\FrontPage Webs\Content\meinweb\_themes\clearday\_vti_cnf\cdnext.gif --> www.addr.com /usr/home/awolf/public_html/_themes/clearday/_vti_cnf cdnext.gif
99.01.13 08:36 B D:\FrontPage Webs\Content\meinweb\_themes\clearday\_vti_cnf\cdprev.gif --> www.addr.com /usr/home/awolf/public_html/_themes/clearday/_vti_cnf cdprev.gif
99.01.13 08:36 B D:\FrontPage Webs\Content\meinweb\_themes\clearday\_vti_cnf\cdrule.gif --> www.addr.com /usr/home/awolf/public_html/_themes/clearday/_vti_cnf cdrule.gif
99.01.13 08:36 B D:\FrontPage Webs\Content\meinweb\_themes\clearday\_vti_cnf\cdshb.gif --> www.addr.com /usr/home/awolf/public_html/_themes/clearday/_vti_cnf cdshb.gif
99.01.13 08:36 B D:\FrontPage Webs\Content\meinweb\_themes\clearday\_vti_cnf\cdsvb.gif --> www.addr.com /usr/home/awolf/public_html/_themes/clearday/_vti_cnf cdsvb.gif
99.01.13 08:36 B D:\FrontPage Webs\Content\meinweb\_themes\clearday\_vti_cnf\cdup.gif --> www.addr.com /usr/home/awolf/public_html/_themes/clearday/_vti_cnf cdup.gif
99.01.13 08:36 B D:\FrontPage Webs\Content\meinweb\_themes\clearday\_vti_cnf\cdvb.gif --> www.addr.com /usr/home/awolf/public_html/_themes/clearday/_vti_cnf cdvb.gif
99.01.13 08:36 B D:\FrontPage Webs\Content\meinweb\_themes\clearday\_vti_cnf\clearday.inf --> www.addr.com /usr/home/awolf/public_html/_themes/clearday/_vti_cnf clearday.inf
99.01.13 08:36 B D:\FrontPage Webs\Content\meinweb\_themes\clearday\_vti_cnf\WS_FTP.LOG --> www.addr.com /usr/home/awolf/public_html/_themes/clearday/_vti_cnf WS_FTP.LOG
99.01.13 08:36 B D:\FrontPage Webs\Content\meinweb\_themes\clearday\_vti_cnf\clearday.utf8 --> www.addr.com /usr/home/awolf/public_html/_themes/clearday/_vti_cnf clearday.utf8
99.01.16 18:08 B D:\FrontPage Webs\Content\meinweb\_themes\clearday\_vti_cnf\color0.css --> www.addr.com /usr/home/awolf/public_html/_themes/clearday/_vti_cnf color0.css
99.01.16 18:08 B D:\FrontPage Webs\Content\meinweb\_themes\clearday\_vti_cnf\color1.css --> www.addr.com /usr/home/awolf/public_html/_themes/clearday/_vti_cnf color1.css
99.01.16 18:08 B D:\FrontPage Webs\Content\meinweb\_themes\clearday\_vti_cnf\graph0.css --> www.addr.com /usr/home/awolf/public_html/_themes/clearday/_vti_cnf graph0.css
99.01.16 18:08 B D:\FrontPage Webs\Content\meinweb\_themes\clearday\_vti_cnf\graph1.css --> www.addr.com /usr/home/awolf/public_html/_themes/clearday/_vti_cnf graph1.css
99.01.16 18:08 B D:\FrontPage Webs\Content\meinweb\_themes\clearday\_vti_cnf\theme.css --> www.addr.com /usr/home/awolf/public_html/_themes/clearday/_vti_cnf theme.css
99.01.16 18:08 B D:\FrontPage Webs\Content\meinweb\_themes\clearday\_vti_cnf\acdbnr.gif --> www.addr.com /usr/home/awolf/public_html/_themes/clearday/_vti_cnf acdbnr.gif
99.01.16 18:08 B D:\FrontPage Webs\Content\meinweb\_themes\clearday\_vti_cnf\acdbull1.gif --> www.addr.com /usr/home/awolf/public_html/_themes/clearday/_vti_cnf acdbull1.gif
99.01.16 18:08 B D:\FrontPage Webs\Content\meinweb\_themes\clearday\_vti_cnf\acdbull2.gif --> www.addr.com /usr/home/awolf/public_html/_themes/clearday/_vti_cnf acdbull2.gif
99.01.16 18:08 B D:\FrontPage Webs\Content\meinweb\_themes\clearday\_vti_cnf\acdbull3.gif --> www.addr.com /usr/home/awolf/public_html/_themes/clearday/_vti_cnf acdbull3.gif
99.01.16 18:08 B D:\FrontPage Webs\Content\meinweb\_themes\clearday\_vti_cnf\acdhb.gif --> www.addr.com /usr/home/awolf/public_html/_themes/clearday/_vti_cnf acdhb.gif
99.01.16 18:08 B D:\FrontPage Webs\Content\meinweb\_themes\clearday\_vti_cnf\acdhbh.gif --> www.addr.com /usr/home/awolf/public_html/_themes/clearday/_vti_cnf acdhbh.gif
99.01.16 18:08 B D:\FrontPage Webs\Content\meinweb\_themes\clearday\_vti_cnf\acdhbs.gif --> www.addr.com /usr/home/awolf/public_html/_themes/clearday/_vti_cnf acdhbs.gif
99.01.16 18:08 B D:\FrontPage Webs\Content\meinweb\_themes\clearday\_vti_cnf\acdhome.gif --> www.addr.com /usr/home/awolf/public_html/_themes/clearday/_vti_cnf acdhome.gif
99.01.16 18:08 B D:\FrontPage Webs\Content\meinweb\_themes\clearday\_vti_cnf\acdhomeh.gif --> www.addr.com /usr/home/awolf/public_html/_themes/clearday/_vti_cnf acdhomeh.gif
99.01.16 18:09 B D:\FrontPage Webs\Content\meinweb\_themes\clearday\_vti_cnf\acdhomes.gif --> www.addr.com /usr/home/awolf/public_html/_themes/clearday/_vti_cnf acdhomes.gif
99.01.16 18:09 B D:\FrontPage Webs\Content\meinweb\_themes\clearday\_vti_cnf\acdnext.gif --> www.addr.com /usr/home/awolf/public_html/_themes/clearday/_vti_cnf acdnext.gif
99.01.16 18:09 B D:\FrontPage Webs\Content\meinweb\_themes\clearday\_vti_cnf\acdnexth.gif --> www.addr.com /usr/home/awolf/public_html/_themes/clearday/_vti_cnf acdnexth.gif
99.01.16 18:09 B D:\FrontPage Webs\Content\meinweb\_themes\clearday\_vti_cnf\acdnexts.gif --> www.addr.com /usr/home/awolf/public_html/_themes/clearday/_vti_cnf acdnexts.gif
99.01.16 18:09 B D:\FrontPage Webs\Content\meinweb\_themes\clearday\_vti_cnf\acdprev.gif --> www.addr.com /usr/home/awolf/public_html/_themes/clearday/_vti_cnf acdprev.gif
99.01.16 18:09 B D:\FrontPage Webs\Content\meinweb\_themes\clearday\_vti_cnf\acdprevh.gif --> www.addr.com /usr/home/awolf/public_html/_themes/clearday/_vti_cnf acdprevh.gif
99.01.16 18:09 B D:\FrontPage Webs\Content\meinweb\_themes\clearday\_vti_cnf\acdprevs.gif --> www.addr.com /usr/home/awolf/public_html/_themes/clearday/_vti_cnf acdprevs.gif
99.01.16 18:09 B D:\FrontPage Webs\Content\meinweb\_themes\clearday\_vti_cnf\acdrule.gif --> www.addr.com /usr/home/awolf/public_html/_themes/clearday/_vti_cnf acdrule.gif
99.01.16 18:09 B D:\FrontPage Webs\Content\meinweb\_themes\clearday\_vti_cnf\acdup.gif --> www.addr.com /usr/home/awolf/public_html/_themes/clearday/_vti_cnf acdup.gif
99.01.16 18:09 B D:\FrontPage Webs\Content\meinweb\_themes\clearday\_vti_cnf\acduph.gif --> www.addr.com /usr/home/awolf/public_html/_themes/clearday/_vti_cnf acduph.gif
99.01.16 18:09 B D:\FrontPage Webs\Content\meinweb\_themes\clearday\_vti_cnf\acdups.gif --> www.addr.com /usr/home/awolf/public_html/_themes/clearday/_vti_cnf acdups.gif
99.01.16 18:09 B D:\FrontPage Webs\Content\meinweb\_themes\clearday\_vti_cnf\acdvb.gif --> www.addr.com /usr/home/awolf/public_html/_themes/clearday/_vti_cnf acdvb.gif
99.01.16 18:09 B D:\FrontPage Webs\Content\meinweb\_themes\clearday\_vti_cnf\acdvbh.gif --> www.addr.com /usr/home/awolf/public_html/_themes/clearday/_vti_cnf acdvbh.gif
99.01.16 18:09 B D:\FrontPage Webs\Content\meinweb\_themes\clearday\_vti_cnf\acdvbs.gif --> www.addr.com /usr/home/awolf/public_html/_themes/clearday/_vti_cnf acdvbs.gif
99.01.16 18:09 B D:\FrontPage Webs\Content\meinweb\_themes\clearday\_vti_cnf\cdbkgnd.gif --> www.addr.com /usr/home/awolf/public_html/_themes/clearday/_vti_cnf cdbkgnd.gif
99.01.16 18:09 B D:\FrontPage Webs\Content\meinweb\_themes\clearday\_vti_cnf\cdbnr.gif --> www.addr.com /usr/home/awolf/public_html/_themes/clearday/_vti_cnf cdbnr.gif
99.01.16 18:09 B D:\FrontPage Webs\Content\meinweb\_themes\clearday\_vti_cnf\cdbull1.gif --> www.addr.com /usr/home/awolf/public_html/_themes/clearday/_vti_cnf cdbull1.gif
99.01.16 18:09 B D:\FrontPage Webs\Content\meinweb\_themes\clearday\_vti_cnf\cdbull2.gif --> www.addr.com /usr/home/awolf/public_html/_themes/clearday/_vti_cnf cdbull2.gif
99.01.16 18:09 B D:\FrontPage Webs\Content\meinweb\_themes\clearday\_vti_cnf\cdbull3.gif --> www.addr.com /usr/home/awolf/public_html/_themes/clearday/_vti_cnf cdbull3.gif
99.01.16 18:09 B D:\FrontPage Webs\Content\meinweb\_themes\clearday\_vti_cnf\cdglb.gif --> www.addr.com /usr/home/awolf/public_html/_themes/clearday/_vti_cnf cdglb.gif
99.01.16 18:09 B D:\FrontPage Webs\Content\meinweb\_themes\clearday\_vti_cnf\cdhb.gif --> www.addr.com /usr/home/awolf/public_html/_themes/clearday/_vti_cnf cdhb.gif
99.01.16 18:09 B D:\FrontPage Webs\Content\meinweb\_themes\clearday\_vti_cnf\cdhome.gif --> www.addr.com /usr/home/awolf/public_html/_themes/clearday/_vti_cnf cdhome.gif
99.01.16 18:09 B D:\FrontPage Webs\Content\meinweb\_themes\clearday\_vti_cnf\cdnext.gif --> www.addr.com /usr/home/awolf/public_html/_themes/clearday/_vti_cnf cdnext.gif
99.01.16 18:09 B D:\FrontPage Webs\Content\meinweb\_themes\clearday\_vti_cnf\cdprev.gif --> www.addr.com /usr/home/awolf/public_html/_themes/clearday/_vti_cnf cdprev.gif
99.01.16 18:09 B D:\FrontPage Webs\Content\meinweb\_themes\clearday\_vti_cnf\cdrule.gif --> www.addr.com /usr/home/awolf/public_html/_themes/clearday/_vti_cnf cdrule.gif
99.01.16 18:09 B D:\FrontPage Webs\Content\meinweb\_themes\clearday\_vti_cnf\cdshb.gif --> www.addr.com /usr/home/awolf/public_html/_themes/clearday/_vti_cnf cdshb.gif
99.01.16 18:09 B D:\FrontPage Webs\Content\meinweb\_themes\clearday\_vti_cnf\cdsvb.gif --> www.addr.com /usr/home/awolf/public_html/_themes/clearday/_vti_cnf cdsvb.gif
99.01.16 18:09 B D:\FrontPage Webs\Content\meinweb\_themes\clearday\_vti_cnf\cdup.gif --> www.addr.com /usr/home/awolf/public_html/_themes/clearday/_vti_cnf cdup.gif
99.01.16 18:09 B D:\FrontPage Webs\Content\meinweb\_themes\clearday\_vti_cnf\cdvb.gif --> www.addr.com /usr/home/awolf/public_html/_themes/clearday/_vti_cnf cdvb.gif
99.01.16 18:09 B D:\FrontPage Webs\Content\meinweb\_themes\clearday\_vti_cnf\clearday.inf --> www.addr.com /usr/home/awolf/public_html/_themes/clearday/_vti_cnf clearday.inf
99.01.16 18:09 B D:\FrontPage Webs\Content\meinweb\_themes\clearday\_vti_cnf\WS_FTP.LOG --> www.addr.com /usr/home/awolf/public_html/_themes/clearday/_vti_cnf WS_FTP.LOG
99.01.16 18:09 B D:\FrontPage Webs\Content\meinweb\_themes\clearday\_vti_cnf\clearday.utf8 --> www.addr.com /usr/home/awolf/public_html/_themes/clearday/_vti_cnf clearday.utf8
99.01.16 19:01 B D:\FrontPage Webs\Content\meinweb\_themes\clearday\_vti_cnf\color0.css --> www.addr.com /usr/home/awolf/public_html/_themes/clearday/_vti_cnf color0.css
99.01.16 19:01 B D:\FrontPage Webs\Content\meinweb\_themes\clearday\_vti_cnf\color1.css --> www.addr.com /usr/home/awolf/public_html/_themes/clearday/_vti_cnf color1.css
99.01.16 19:01 B D:\FrontPage Webs\Content\meinweb\_themes\clearday\_vti_cnf\graph0.css --> www.addr.com /usr/home/awolf/public_html/_themes/clearday/_vti_cnf graph0.css
99.01.16 19:01 B D:\FrontPage Webs\Content\meinweb\_themes\clearday\_vti_cnf\graph1.css --> www.addr.com /usr/home/awolf/public_html/_themes/clearday/_vti_cnf graph1.css
99.01.16 19:01 B D:\FrontPage Webs\Content\meinweb\_themes\clearday\_vti_cnf\theme.css --> www.addr.com /usr/home/awolf/public_html/_themes/clearday/_vti_cnf theme.css
99.01.16 19:01 B D:\FrontPage Webs\Content\meinweb\_themes\clearday\_vti_cnf\acdbnr.gif --> www.addr.com /usr/home/awolf/public_html/_themes/clearday/_vti_cnf acdbnr.gif
99.01.16 19:01 B D:\FrontPage Webs\Content\meinweb\_themes\clearday\_vti_cnf\acdbull1.gif --> www.addr.com /usr/home/awolf/public_html/_themes/clearday/_vti_cnf acdbull1.gif
99.01.16 19:01 B D:\FrontPage Webs\Content\meinweb\_themes\clearday\_vti_cnf\acdbull2.gif --> www.addr.com /usr/home/awolf/public_html/_themes/clearday/_vti_cnf acdbull2.gif
99.01.16 19:01 B D:\FrontPage Webs\Content\meinweb\_themes\clearday\_vti_cnf\acdbull3.gif --> www.addr.com /usr/home/awolf/public_html/_themes/clearday/_vti_cnf acdbull3.gif
99.01.16 19:01 B D:\FrontPage Webs\Content\meinweb\_themes\clearday\_vti_cnf\acdhb.gif --> www.addr.com /usr/home/awolf/public_html/_themes/clearday/_vti_cnf acdhb.gif
99.01.16 19:01 B D:\FrontPage Webs\Content\meinweb\_themes\clearday\_vti_cnf\acdhbh.gif --> www.addr.com /usr/home/awolf/public_html/_themes/clearday/_vti_cnf acdhbh.gif
99.01.16 19:01 B D:\FrontPage Webs\Content\meinweb\_themes\clearday\_vti_cnf\acdhbs.gif --> www.addr.com /usr/home/awolf/public_html/_themes/clearday/_vti_cnf acdhbs.gif
99.01.16 19:01 B D:\FrontPage Webs\Content\meinweb\_themes\clearday\_vti_cnf\acdhome.gif --> www.addr.com /usr/home/awolf/public_html/_themes/clearday/_vti_cnf acdhome.gif
99.01.16 19:01 B D:\FrontPage Webs\Content\meinweb\_themes\clearday\_vti_cnf\acdhomeh.gif --> www.addr.com /usr/home/awolf/public_html/_themes/clearday/_vti_cnf acdhomeh.gif
99.01.16 19:01 B D:\FrontPage Webs\Content\meinweb\_themes\clearday\_vti_cnf\acdhomes.gif --> www.addr.com /usr/home/awolf/public_html/_themes/clearday/_vti_cnf acdhomes.gif
99.01.16 19:01 B D:\FrontPage Webs\Content\meinweb\_themes\clearday\_vti_cnf\acdnext.gif --> www.addr.com /usr/home/awolf/public_html/_themes/clearday/_vti_cnf acdnext.gif
99.01.16 19:01 B D:\FrontPage Webs\Content\meinweb\_themes\clearday\_vti_cnf\acdnexth.gif --> www.addr.com /usr/home/awolf/public_html/_themes/clearday/_vti_cnf acdnexth.gif
99.01.16 19:01 B D:\FrontPage Webs\Content\meinweb\_themes\clearday\_vti_cnf\acdnexts.gif --> www.addr.com /usr/home/awolf/public_html/_themes/clearday/_vti_cnf acdnexts.gif
99.01.16 19:01 B D:\FrontPage Webs\Content\meinweb\_themes\clearday\_vti_cnf\acdprev.gif --> www.addr.com /usr/home/awolf/public_html/_themes/clearday/_vti_cnf acdprev.gif
99.01.16 19:01 B D:\FrontPage Webs\Content\meinweb\_themes\clearday\_vti_cnf\acdprevh.gif --> www.addr.com /usr/home/awolf/public_html/_themes/clearday/_vti_cnf acdprevh.gif
99.01.16 19:01 B D:\FrontPage Webs\Content\meinweb\_themes\clearday\_vti_cnf\acdprevs.gif --> www.addr.com /usr/home/awolf/public_html/_themes/clearday/_vti_cnf acdprevs.gif
99.01.16 19:01 B D:\FrontPage Webs\Content\meinweb\_themes\clearday\_vti_cnf\acdrule.gif --> www.addr.com /usr/home/awolf/public_html/_themes/clearday/_vti_cnf acdrule.gif
99.01.16 19:01 B D:\FrontPage Webs\Content\meinweb\_themes\clearday\_vti_cnf\acdup.gif --> www.addr.com /usr/home/awolf/public_html/_themes/clearday/_vti_cnf acdup.gif
99.01.16 19:01 B D:\FrontPage Webs\Content\meinweb\_themes\clearday\_vti_cnf\acduph.gif --> www.addr.com /usr/home/awolf/public_html/_themes/clearday/_vti_cnf acduph.gif
99.01.16 19:01 B D:\FrontPage Webs\Content\meinweb\_themes\clearday\_vti_cnf\acdups.gif --> www.addr.com /usr/home/awolf/public_html/_themes/clearday/_vti_cnf acdups.gif
99.01.16 19:01 B D:\FrontPage Webs\Content\meinweb\_themes\clearday\_vti_cnf\acdvb.gif --> www.addr.com /usr/home/awolf/public_html/_themes/clearday/_vti_cnf acdvb.gif
99.01.16 19:01 B D:\FrontPage Webs\Content\meinweb\_themes\clearday\_vti_cnf\acdvbh.gif --> www.addr.com /usr/home/awolf/public_html/_themes/clearday/_vti_cnf acdvbh.gif
99.01.16 19:01 B D:\FrontPage Webs\Content\meinweb\_themes\clearday\_vti_cnf\acdvbs.gif --> www.addr.com /usr/home/awolf/public_html/_themes/clearday/_vti_cnf acdvbs.gif
99.01.16 19:01 B D:\FrontPage Webs\Content\meinweb\_themes\clearday\_vti_cnf\cdbkgnd.gif --> www.addr.com /usr/home/awolf/public_html/_themes/clearday/_vti_cnf cdbkgnd.gif
99.01.16 19:01 B D:\FrontPage Webs\Content\meinweb\_themes\clearday\_vti_cnf\cdbnr.gif --> www.addr.com /usr/home/awolf/public_html/_themes/clearday/_vti_cnf cdbnr.gif
99.01.16 19:01 B D:\FrontPage Webs\Content\meinweb\_themes\clearday\_vti_cnf\cdbull1.gif --> www.addr.com /usr/home/awolf/public_html/_themes/clearday/_vti_cnf cdbull1.gif
99.01.16 19:01 B D:\FrontPage Webs\Content\meinweb\_themes\clearday\_vti_cnf\cdbull2.gif --> www.addr.com /usr/home/awolf/public_html/_themes/clearday/_vti_cnf cdbull2.gif
99.01.16 19:02 B D:\FrontPage Webs\Content\meinweb\_themes\clearday\_vti_cnf\cdbull3.gif --> www.addr.com /usr/home/awolf/public_html/_themes/clearday/_vti_cnf cdbull3.gif
99.01.16 19:02 B D:\FrontPage Webs\Content\meinweb\_themes\clearday\_vti_cnf\cdglb.gif --> www.addr.com /usr/home/awolf/public_html/_themes/clearday/_vti_cnf cdglb.gif
99.01.16 19:02 B D:\FrontPage Webs\Content\meinweb\_themes\clearday\_vti_cnf\cdhb.gif --> www.addr.com /usr/home/awolf/public_html/_themes/clearday/_vti_cnf cdhb.gif
99.01.16 19:02 B D:\FrontPage Webs\Content\meinweb\_themes\clearday\_vti_cnf\cdhome.gif --> www.addr.com /usr/home/awolf/public_html/_themes/clearday/_vti_cnf cdhome.gif
99.01.16 19:02 B D:\FrontPage Webs\Content\meinweb\_themes\clearday\_vti_cnf\cdnext.gif --> www.addr.com /usr/home/awolf/public_html/_themes/clearday/_vti_cnf cdnext.gif
99.01.16 19:02 B D:\FrontPage Webs\Content\meinweb\_themes\clearday\_vti_cnf\cdprev.gif --> www.addr.com /usr/home/awolf/public_html/_themes/clearday/_vti_cnf cdprev.gif
99.01.16 19:02 B D:\FrontPage Webs\Content\meinweb\_themes\clearday\_vti_cnf\cdrule.gif --> www.addr.com /usr/home/awolf/public_html/_themes/clearday/_vti_cnf cdrule.gif
99.01.16 19:02 B D:\FrontPage Webs\Content\meinweb\_themes\clearday\_vti_cnf\cdshb.gif --> www.addr.com /usr/home/awolf/public_html/_themes/clearday/_vti_cnf cdshb.gif
99.01.16 19:02 B D:\FrontPage Webs\Content\meinweb\_themes\clearday\_vti_cnf\cdsvb.gif --> www.addr.com /usr/home/awolf/public_html/_themes/clearday/_vti_cnf cdsvb.gif
99.01.16 19:02 B D:\FrontPage Webs\Content\meinweb\_themes\clearday\_vti_cnf\cdup.gif --> www.addr.com /usr/home/awolf/public_html/_themes/clearday/_vti_cnf cdup.gif
99.01.16 19:02 B D:\FrontPage Webs\Content\meinweb\_themes\clearday\_vti_cnf\cdvb.gif --> www.addr.com /usr/home/awolf/public_html/_themes/clearday/_vti_cnf cdvb.gif
99.01.16 19:02 B D:\FrontPage Webs\Content\meinweb\_themes\clearday\_vti_cnf\clearday.inf --> www.addr.com /usr/home/awolf/public_html/_themes/clearday/_vti_cnf clearday.inf
99.01.16 19:02 B D:\FrontPage Webs\Content\meinweb\_themes\clearday\_vti_cnf\WS_FTP.LOG --> www.addr.com /usr/home/awolf/public_html/_themes/clearday/_vti_cnf WS_FTP.LOG
99.01.16 19:02 B D:\FrontPage Webs\Content\meinweb\_themes\clearday\_vti_cnf\clearday.utf8 --> www.addr.com /usr/home/awolf/public_html/_themes/clearday/_vti_cnf clearday.utf8
99.03.16 21:17 B D:\FrontPage Webs\Content\meinweb\_themes\clearday\_vti_cnf\color0.css --> www.addr.com /usr/home/awolf/public_html/_themes/clearday/_vti_cnf color0.css
99.03.16 21:17 B D:\FrontPage Webs\Content\meinweb\_themes\clearday\_vti_cnf\color1.css --> www.addr.com /usr/home/awolf/public_html/_themes/clearday/_vti_cnf color1.css
99.03.16 21:17 B D:\FrontPage Webs\Content\meinweb\_themes\clearday\_vti_cnf\graph0.css --> www.addr.com /usr/home/awolf/public_html/_themes/clearday/_vti_cnf graph0.css
99.03.16 21:17 B D:\FrontPage Webs\Content\meinweb\_themes\clearday\_vti_cnf\graph1.css --> www.addr.com /usr/home/awolf/public_html/_themes/clearday/_vti_cnf graph1.css
99.03.16 21:17 B D:\FrontPage Webs\Content\meinweb\_themes\clearday\_vti_cnf\theme.css --> www.addr.com /usr/home/awolf/public_html/_themes/clearday/_vti_cnf theme.css
99.03.16 21:17 B D:\FrontPage Webs\Content\meinweb\_themes\clearday\_vti_cnf\acdbnr.gif --> www.addr.com /usr/home/awolf/public_html/_themes/clearday/_vti_cnf acdbnr.gif
99.03.16 21:17 B D:\FrontPage Webs\Content\meinweb\_themes\clearday\_vti_cnf\acdbull1.gif --> www.addr.com /usr/home/awolf/public_html/_themes/clearday/_vti_cnf acdbull1.gif
99.03.16 21:17 B D:\FrontPage Webs\Content\meinweb\_themes\clearday\_vti_cnf\acdbull2.gif --> www.addr.com /usr/home/awolf/public_html/_themes/clearday/_vti_cnf acdbull2.gif
99.03.16 21:17 B D:\FrontPage Webs\Content\meinweb\_themes\clearday\_vti_cnf\acdbull3.gif --> www.addr.com /usr/home/awolf/public_html/_themes/clearday/_vti_cnf acdbull3.gif
99.03.16 21:17 B D:\FrontPage Webs\Content\meinweb\_themes\clearday\_vti_cnf\acdhb.gif --> www.addr.com /usr/home/awolf/public_html/_themes/clearday/_vti_cnf acdhb.gif
99.03.16 21:17 B D:\FrontPage Webs\Content\meinweb\_themes\clearday\_vti_cnf\acdhbh.gif --> www.addr.com /usr/home/awolf/public_html/_themes/clearday/_vti_cnf acdhbh.gif
99.03.16 21:17 B D:\FrontPage Webs\Content\meinweb\_themes\clearday\_vti_cnf\acdhbs.gif --> www.addr.com /usr/home/awolf/public_html/_themes/clearday/_vti_cnf acdhbs.gif
99.03.16 21:17 B D:\FrontPage Webs\Content\meinweb\_themes\clearday\_vti_cnf\acdhome.gif --> www.addr.com /usr/home/awolf/public_html/_themes/clearday/_vti_cnf acdhome.gif
99.03.16 21:17 B D:\FrontPage Webs\Content\meinweb\_themes\clearday\_vti_cnf\acdhomeh.gif --> www.addr.com /usr/home/awolf/public_html/_themes/clearday/_vti_cnf acdhomeh.gif
99.03.16 21:17 B D:\FrontPage Webs\Content\meinweb\_themes\clearday\_vti_cnf\acdhomes.gif --> www.addr.com /usr/home/awolf/public_html/_themes/clearday/_vti_cnf acdhomes.gif
99.03.16 21:17 B D:\FrontPage Webs\Content\meinweb\_themes\clearday\_vti_cnf\acdnext.gif --> www.addr.com /usr/home/awolf/public_html/_themes/clearday/_vti_cnf acdnext.gif
99.03.16 21:17 B D:\FrontPage Webs\Content\meinweb\_themes\clearday\_vti_cnf\acdnexth.gif --> www.addr.com /usr/home/awolf/public_html/_themes/clearday/_vti_cnf acdnexth.gif
99.03.16 21:17 B D:\FrontPage Webs\Content\meinweb\_themes\clearday\_vti_cnf\acdnexts.gif --> www.addr.com /usr/home/awolf/public_html/_themes/clearday/_vti_cnf acdnexts.gif
99.03.16 21:17 B D:\FrontPage Webs\Content\meinweb\_themes\clearday\_vti_cnf\acdprev.gif --> www.addr.com /usr/home/awolf/public_html/_themes/clearday/_vti_cnf acdprev.gif
99.03.16 21:17 B D:\FrontPage Webs\Content\meinweb\_themes\clearday\_vti_cnf\acdprevh.gif --> www.addr.com /usr/home/awolf/public_html/_themes/clearday/_vti_cnf acdprevh.gif
99.03.16 21:17 B D:\FrontPage Webs\Content\meinweb\_themes\clearday\_vti_cnf\acdprevs.gif --> www.addr.com /usr/home/awolf/public_html/_themes/clearday/_vti_cnf acdprevs.gif
99.03.16 21:17 B D:\FrontPage Webs\Content\meinweb\_themes\clearday\_vti_cnf\acdrule.gif --> www.addr.com /usr/home/awolf/public_html/_themes/clearday/_vti_cnf acdrule.gif
99.03.16 21:17 B D:\FrontPage Webs\Content\meinweb\_themes\clearday\_vti_cnf\acdup.gif --> www.addr.com /usr/home/awolf/public_html/_themes/clearday/_vti_cnf acdup.gif
99.03.16 21:17 B D:\FrontPage Webs\Content\meinweb\_themes\clearday\_vti_cnf\acduph.gif --> www.addr.com /usr/home/awolf/public_html/_themes/clearday/_vti_cnf acduph.gif
99.03.16 21:17 B D:\FrontPage Webs\Content\meinweb\_themes\clearday\_vti_cnf\acdups.gif --> www.addr.com /usr/home/awolf/public_html/_themes/clearday/_vti_cnf acdups.gif
99.03.16 21:17 B D:\FrontPage Webs\Content\meinweb\_themes\clearday\_vti_cnf\acdvb.gif --> www.addr.com /usr/home/awolf/public_html/_themes/clearday/_vti_cnf acdvb.gif
99.03.16 21:17 B D:\FrontPage Webs\Content\meinweb\_themes\clearday\_vti_cnf\acdvbh.gif --> www.addr.com /usr/home/awolf/public_html/_themes/clearday/_vti_cnf acdvbh.gif
99.03.16 21:17 B D:\FrontPage Webs\Content\meinweb\_themes\clearday\_vti_cnf\acdvbs.gif --> www.addr.com /usr/home/awolf/public_html/_themes/clearday/_vti_cnf acdvbs.gif
99.03.16 21:17 B D:\FrontPage Webs\Content\meinweb\_themes\clearday\_vti_cnf\cdbkgnd.gif --> www.addr.com /usr/home/awolf/public_html/_themes/clearday/_vti_cnf cdbkgnd.gif
99.03.16 21:17 B D:\FrontPage Webs\Content\meinweb\_themes\clearday\_vti_cnf\cdbnr.gif --> www.addr.com /usr/home/awolf/public_html/_themes/clearday/_vti_cnf cdbnr.gif
99.03.16 21:17 B D:\FrontPage Webs\Content\meinweb\_themes\clearday\_vti_cnf\cdbull1.gif --> www.addr.com /usr/home/awolf/public_html/_themes/clearday/_vti_cnf cdbull1.gif
99.03.16 21:17 B D:\FrontPage Webs\Content\meinweb\_themes\clearday\_vti_cnf\cdbull2.gif --> www.addr.com /usr/home/awolf/public_html/_themes/clearday/_vti_cnf cdbull2.gif
99.03.16 21:17 B D:\FrontPage Webs\Content\meinweb\_themes\clearday\_vti_cnf\cdbull3.gif --> www.addr.com /usr/home/awolf/public_html/_themes/clearday/_vti_cnf cdbull3.gif
99.03.16 21:17 B D:\FrontPage Webs\Content\meinweb\_themes\clearday\_vti_cnf\cdglb.gif --> www.addr.com /usr/home/awolf/public_html/_themes/clearday/_vti_cnf cdglb.gif
99.03.16 21:17 B D:\FrontPage Webs\Content\meinweb\_themes\clearday\_vti_cnf\cdhb.gif --> www.addr.com /usr/home/awolf/public_html/_themes/clearday/_vti_cnf cdhb.gif
99.03.16 21:17 B D:\FrontPage Webs\Content\meinweb\_themes\clearday\_vti_cnf\cdhome.gif --> www.addr.com /usr/home/awolf/public_html/_themes/clearday/_vti_cnf cdhome.gif
99.03.16 21:17 B D:\FrontPage Webs\Content\meinweb\_themes\clearday\_vti_cnf\cdnext.gif --> www.addr.com /usr/home/awolf/public_html/_themes/clearday/_vti_cnf cdnext.gif
99.03.16 21:17 B D:\FrontPage Webs\Content\meinweb\_themes\clearday\_vti_cnf\cdprev.gif --> www.addr.com /usr/home/awolf/public_html/_themes/clearday/_vti_cnf cdprev.gif
99.03.16 21:17 B D:\FrontPage Webs\Content\meinweb\_themes\clearday\_vti_cnf\cdrule.gif --> www.addr.com /usr/home/awolf/public_html/_themes/clearday/_vti_cnf cdrule.gif
99.03.16 21:17 B D:\FrontPage Webs\Content\meinweb\_themes\clearday\_vti_cnf\cdshb.gif --> www.addr.com /usr/home/awolf/public_html/_themes/clearday/_vti_cnf cdshb.gif
99.03.16 21:17 B D:\FrontPage Webs\Content\meinweb\_themes\clearday\_vti_cnf\cdsvb.gif --> www.addr.com /usr/home/awolf/public_html/_themes/clearday/_vti_cnf cdsvb.gif
99.03.16 21:17 B D:\FrontPage Webs\Content\meinweb\_themes\clearday\_vti_cnf\cdup.gif --> www.addr.com /usr/home/awolf/public_html/_themes/clearday/_vti_cnf cdup.gif
99.03.16 21:17 B D:\FrontPage Webs\Content\meinweb\_themes\clearday\_vti_cnf\cdvb.gif --> www.addr.com /usr/home/awolf/public_html/_themes/clearday/_vti_cnf cdvb.gif
99.03.16 21:17 B D:\FrontPage Webs\Content\meinweb\_themes\clearday\_vti_cnf\clearday.inf --> www.addr.com /usr/home/awolf/public_html/_themes/clearday/_vti_cnf clearday.inf
99.03.16 21:17 B D:\FrontPage Webs\Content\meinweb\_themes\clearday\_vti_cnf\WS_FTP.LOG --> www.addr.com /usr/home/awolf/public_html/_themes/clearday/_vti_cnf WS_FTP.LOG
99.03.16 21:17 B D:\FrontPage Webs\Content\meinweb\_themes\clearday\_vti_cnf\clearday.utf8 --> www.addr.com /usr/home/awolf/public_html/_themes/clearday/_vti_cnf clearday.utf8
99.03.16 22:20 B D:\FrontPage Webs\Content\meinweb\_themes\clearday\_vti_cnf\color0.css --> www.addr.com /usr/home/awolf/public_html/_themes/clearday/_vti_cnf color0.css
99.03.16 22:20 B D:\FrontPage Webs\Content\meinweb\_themes\clearday\_vti_cnf\color1.css --> www.addr.com /usr/home/awolf/public_html/_themes/clearday/_vti_cnf color1.css
99.03.16 22:21 B D:\FrontPage Webs\Content\meinweb\_themes\clearday\_vti_cnf\graph0.css --> www.addr.com /usr/home/awolf/public_html/_themes/clearday/_vti_cnf graph0.css
99.03.16 22:21 B D:\FrontPage Webs\Content\meinweb\_themes\clearday\_vti_cnf\graph1.css --> www.addr.com /usr/home/awolf/public_html/_themes/clearday/_vti_cnf graph1.css
99.03.16 22:21 B D:\FrontPage Webs\Content\meinweb\_themes\clearday\_vti_cnf\theme.css --> www.addr.com /usr/home/awolf/public_html/_themes/clearday/_vti_cnf theme.css
99.03.16 22:21 B D:\FrontPage Webs\Content\meinweb\_themes\clearday\_vti_cnf\acdbnr.gif --> www.addr.com /usr/home/awolf/public_html/_themes/clearday/_vti_cnf acdbnr.gif
99.03.16 22:21 B D:\FrontPage Webs\Content\meinweb\_themes\clearday\_vti_cnf\acdbull1.gif --> www.addr.com /usr/home/awolf/public_html/_themes/clearday/_vti_cnf acdbull1.gif
99.03.16 22:21 B D:\FrontPage Webs\Content\meinweb\_themes\clearday\_vti_cnf\acdbull2.gif --> www.addr.com /usr/home/awolf/public_html/_themes/clearday/_vti_cnf acdbull2.gif
99.03.16 22:21 B D:\FrontPage Webs\Content\meinweb\_themes\clearday\_vti_cnf\acdbull3.gif --> www.addr.com /usr/home/awolf/public_html/_themes/clearday/_vti_cnf acdbull3.gif
99.03.16 22:21 B D:\FrontPage Webs\Content\meinweb\_themes\clearday\_vti_cnf\acdhb.gif --> www.addr.com /usr/home/awolf/public_html/_themes/clearday/_vti_cnf acdhb.gif
99.03.16 22:21 B D:\FrontPage Webs\Content\meinweb\_themes\clearday\_vti_cnf\acdhbh.gif --> www.addr.com /usr/home/awolf/public_html/_themes/clearday/_vti_cnf acdhbh.gif
99.03.16 22:21 B D:\FrontPage Webs\Content\meinweb\_themes\clearday\_vti_cnf\acdhbs.gif --> www.addr.com /usr/home/awolf/public_html/_themes/clearday/_vti_cnf acdhbs.gif
99.03.16 22:21 B D:\FrontPage Webs\Content\meinweb\_themes\clearday\_vti_cnf\acdhome.gif --> www.addr.com /usr/home/awolf/public_html/_themes/clearday/_vti_cnf acdhome.gif
99.03.16 22:21 B D:\FrontPage Webs\Content\meinweb\_themes\clearday\_vti_cnf\acdhomeh.gif --> www.addr.com /usr/home/awolf/public_html/_themes/clearday/_vti_cnf acdhomeh.gif
99.03.16 22:21 B D:\FrontPage Webs\Content\meinweb\_themes\clearday\_vti_cnf\acdhomes.gif --> www.addr.com /usr/home/awolf/public_html/_themes/clearday/_vti_cnf acdhomes.gif
99.03.16 22:21 B D:\FrontPage Webs\Content\meinweb\_themes\clearday\_vti_cnf\acdnext.gif --> www.addr.com /usr/home/awolf/public_html/_themes/clearday/_vti_cnf acdnext.gif
99.03.16 22:21 B D:\FrontPage Webs\Content\meinweb\_themes\clearday\_vti_cnf\acdnexth.gif --> www.addr.com /usr/home/awolf/public_html/_themes/clearday/_vti_cnf acdnexth.gif
99.03.16 22:21 B D:\FrontPage Webs\Content\meinweb\_themes\clearday\_vti_cnf\acdnexts.gif --> www.addr.com /usr/home/awolf/public_html/_themes/clearday/_vti_cnf acdnexts.gif
99.03.16 22:21 B D:\FrontPage Webs\Content\meinweb\_themes\clearday\_vti_cnf\acdprev.gif --> www.addr.com /usr/home/awolf/public_html/_themes/clearday/_vti_cnf acdprev.gif
99.03.16 22:21 B D:\FrontPage Webs\Content\meinweb\_themes\clearday\_vti_cnf\acdprevh.gif --> www.addr.com /usr/home/awolf/public_html/_themes/clearday/_vti_cnf acdprevh.gif
99.03.16 22:21 B D:\FrontPage Webs\Content\meinweb\_themes\clearday\_vti_cnf\acdprevs.gif --> www.addr.com /usr/home/awolf/public_html/_themes/clearday/_vti_cnf acdprevs.gif
99.03.16 22:21 B D:\FrontPage Webs\Content\meinweb\_themes\clearday\_vti_cnf\acdrule.gif --> www.addr.com /usr/home/awolf/public_html/_themes/clearday/_vti_cnf acdrule.gif
99.03.16 22:21 B D:\FrontPage Webs\Content\meinweb\_themes\clearday\_vti_cnf\acdup.gif --> www.addr.com /usr/home/awolf/public_html/_themes/clearday/_vti_cnf acdup.gif
99.03.16 22:21 B D:\FrontPage Webs\Content\meinweb\_themes\clearday\_vti_cnf\acduph.gif --> www.addr.com /usr/home/awolf/public_html/_themes/clearday/_vti_cnf acduph.gif
99.03.16 22:21 B D:\FrontPage Webs\Content\meinweb\_themes\clearday\_vti_cnf\acdups.gif --> www.addr.com /usr/home/awolf/public_html/_themes/clearday/_vti_cnf acdups.gif
99.03.16 22:21 B D:\FrontPage Webs\Content\meinweb\_themes\clearday\_vti_cnf\acdvb.gif --> www.addr.com /usr/home/awolf/public_html/_themes/clearday/_vti_cnf acdvb.gif
99.03.16 22:21 B D:\FrontPage Webs\Content\meinweb\_themes\clearday\_vti_cnf\acdvbh.gif --> www.addr.com /usr/home/awolf/public_html/_themes/clearday/_vti_cnf acdvbh.gif
99.03.16 22:21 B D:\FrontPage Webs\Content\meinweb\_themes\clearday\_vti_cnf\acdvbs.gif --> www.addr.com /usr/home/awolf/public_html/_themes/clearday/_vti_cnf acdvbs.gif
99.03.16 22:21 B D:\FrontPage Webs\Content\meinweb\_themes\clearday\_vti_cnf\cdbkgnd.gif --> www.addr.com /usr/home/awolf/public_html/_themes/clearday/_vti_cnf cdbkgnd.gif
99.03.16 22:21 B D:\FrontPage Webs\Content\meinweb\_themes\clearday\_vti_cnf\cdbnr.gif --> www.addr.com /usr/home/awolf/public_html/_themes/clearday/_vti_cnf cdbnr.gif
99.03.16 22:21 B D:\FrontPage Webs\Content\meinweb\_themes\clearday\_vti_cnf\cdbull1.gif --> www.addr.com /usr/home/awolf/public_html/_themes/clearday/_vti_cnf cdbull1.gif
99.03.16 22:21 B D:\FrontPage Webs\Content\meinweb\_themes\clearday\_vti_cnf\cdbull2.gif --> www.addr.com /usr/home/awolf/public_html/_themes/clearday/_vti_cnf cdbull2.gif
99.03.16 22:21 B D:\FrontPage Webs\Content\meinweb\_themes\clearday\_vti_cnf\cdbull3.gif --> www.addr.com /usr/home/awolf/public_html/_themes/clearday/_vti_cnf cdbull3.gif
99.03.16 22:21 B D:\FrontPage Webs\Content\meinweb\_themes\clearday\_vti_cnf\cdglb.gif --> www.addr.com /usr/home/awolf/public_html/_themes/clearday/_vti_cnf cdglb.gif
99.03.16 22:21 B D:\FrontPage Webs\Content\meinweb\_themes\clearday\_vti_cnf\cdhb.gif --> www.addr.com /usr/home/awolf/public_html/_themes/clearday/_vti_cnf cdhb.gif
99.03.16 22:21 B D:\FrontPage Webs\Content\meinweb\_themes\clearday\_vti_cnf\cdhome.gif --> www.addr.com /usr/home/awolf/public_html/_themes/clearday/_vti_cnf cdhome.gif
99.03.16 22:21 B D:\FrontPage Webs\Content\meinweb\_themes\clearday\_vti_cnf\cdnext.gif --> www.addr.com /usr/home/awolf/public_html/_themes/clearday/_vti_cnf cdnext.gif
99.03.16 22:21 B D:\FrontPage Webs\Content\meinweb\_themes\clearday\_vti_cnf\cdprev.gif --> www.addr.com /usr/home/awolf/public_html/_themes/clearday/_vti_cnf cdprev.gif
99.03.16 22:21 B D:\FrontPage Webs\Content\meinweb\_themes\clearday\_vti_cnf\cdrule.gif --> www.addr.com /usr/home/awolf/public_html/_themes/clearday/_vti_cnf cdrule.gif
99.03.16 22:21 B D:\FrontPage Webs\Content\meinweb\_themes\clearday\_vti_cnf\cdshb.gif --> www.addr.com /usr/home/awolf/public_html/_themes/clearday/_vti_cnf cdshb.gif
99.03.16 22:21 B D:\FrontPage Webs\Content\meinweb\_themes\clearday\_vti_cnf\cdsvb.gif --> www.addr.com /usr/home/awolf/public_html/_themes/clearday/_vti_cnf cdsvb.gif
99.03.16 22:21 B D:\FrontPage Webs\Content\meinweb\_themes\clearday\_vti_cnf\cdup.gif --> www.addr.com /usr/home/awolf/public_html/_themes/clearday/_vti_cnf cdup.gif
99.03.16 22:21 B D:\FrontPage Webs\Content\meinweb\_themes\clearday\_vti_cnf\cdvb.gif --> www.addr.com /usr/home/awolf/public_html/_themes/clearday/_vti_cnf cdvb.gif
99.03.16 22:21 B D:\FrontPage Webs\Content\meinweb\_themes\clearday\_vti_cnf\clearday.inf --> www.addr.com /usr/home/awolf/public_html/_themes/clearday/_vti_cnf clearday.inf
99.03.16 22:22 B D:\FrontPage Webs\Content\meinweb\_themes\clearday\_vti_cnf\WS_FTP.LOG --> www.addr.com /usr/home/awolf/public_html/_themes/clearday/_vti_cnf WS_FTP.LOG
99.03.16 22:22 B D:\FrontPage Webs\Content\meinweb\_themes\clearday\_vti_cnf\clearday.utf8 --> www.addr.com /usr/home/awolf/public_html/_themes/clearday/_vti_cnf clearday.utf8
99.03.24 23:38 B D:\FrontPage Webs\Content\meinweb\_themes\clearday\_vti_cnf\acdbnr.gif --> www.addr.com /usr/home/awolf/public_html/_themes/clearday/_vti_cnf acdbnr.gif
99.03.24 23:38 B D:\FrontPage Webs\Content\meinweb\_themes\clearday\_vti_cnf\acdbull1.gif --> www.addr.com /usr/home/awolf/public_html/_themes/clearday/_vti_cnf acdbull1.gif
99.03.24 23:38 B D:\FrontPage Webs\Content\meinweb\_themes\clearday\_vti_cnf\acdbull2.gif --> www.addr.com /usr/home/awolf/public_html/_themes/clearday/_vti_cnf acdbull2.gif
99.03.24 23:38 B D:\FrontPage Webs\Content\meinweb\_themes\clearday\_vti_cnf\acdbull3.gif --> www.addr.com /usr/home/awolf/public_html/_themes/clearday/_vti_cnf acdbull3.gif
99.03.24 23:38 B D:\FrontPage Webs\Content\meinweb\_themes\clearday\_vti_cnf\acdhb.gif --> www.addr.com /usr/home/awolf/public_html/_themes/clearday/_vti_cnf acdhb.gif
99.03.24 23:38 B D:\FrontPage Webs\Content\meinweb\_themes\clearday\_vti_cnf\acdhbh.gif --> www.addr.com /usr/home/awolf/public_html/_themes/clearday/_vti_cnf acdhbh.gif
99.03.24 23:38 B D:\FrontPage Webs\Content\meinweb\_themes\clearday\_vti_cnf\acdhbs.gif --> www.addr.com /usr/home/awolf/public_html/_themes/clearday/_vti_cnf acdhbs.gif
99.03.24 23:39 B D:\FrontPage Webs\Content\meinweb\_themes\clearday\_vti_cnf\acdhome.gif --> www.addr.com /usr/home/awolf/public_html/_themes/clearday/_vti_cnf acdhome.gif
99.03.24 23:39 B D:\FrontPage Webs\Content\meinweb\_themes\clearday\_vti_cnf\acdhomeh.gif --> www.addr.com /usr/home/awolf/public_html/_themes/clearday/_vti_cnf acdhomeh.gif
99.03.24 23:39 B D:\FrontPage Webs\Content\meinweb\_themes\clearday\_vti_cnf\acdhomes.gif --> www.addr.com /usr/home/awolf/public_html/_themes/clearday/_vti_cnf acdhomes.gif
99.03.24 23:39 B D:\FrontPage Webs\Content\meinweb\_themes\clearday\_vti_cnf\acdnext.gif --> www.addr.com /usr/home/awolf/public_html/_themes/clearday/_vti_cnf acdnext.gif
99.03.24 23:39 B D:\FrontPage Webs\Content\meinweb\_themes\clearday\_vti_cnf\acdnexth.gif --> www.addr.com /usr/home/awolf/public_html/_themes/clearday/_vti_cnf acdnexth.gif
99.03.24 23:39 B D:\FrontPage Webs\Content\meinweb\_themes\clearday\_vti_cnf\acdnexts.gif --> www.addr.com /usr/home/awolf/public_html/_themes/clearday/_vti_cnf acdnexts.gif
99.03.24 23:39 B D:\FrontPage Webs\Content\meinweb\_themes\clearday\_vti_cnf\acdprev.gif --> www.addr.com /usr/home/awolf/public_html/_themes/clearday/_vti_cnf acdprev.gif
99.03.24 23:39 B D:\FrontPage Webs\Content\meinweb\_themes\clearday\_vti_cnf\acdprevh.gif --> www.addr.com /usr/home/awolf/public_html/_themes/clearday/_vti_cnf acdprevh.gif
99.03.24 23:39 B D:\FrontPage Webs\Content\meinweb\_themes\clearday\_vti_cnf\acdprevs.gif --> www.addr.com /usr/home/awolf/public_html/_themes/clearday/_vti_cnf acdprevs.gif
99.03.24 23:39 B D:\FrontPage Webs\Content\meinweb\_themes\clearday\_vti_cnf\acdrule.gif --> www.addr.com /usr/home/awolf/public_html/_themes/clearday/_vti_cnf acdrule.gif
99.03.24 23:39 B D:\FrontPage Webs\Content\meinweb\_themes\clearday\_vti_cnf\acdup.gif --> www.addr.com /usr/home/awolf/public_html/_themes/clearday/_vti_cnf acdup.gif
99.03.24 23:39 B D:\FrontPage Webs\Content\meinweb\_themes\clearday\_vti_cnf\acduph.gif --> www.addr.com /usr/home/awolf/public_html/_themes/clearday/_vti_cnf acduph.gif
99.03.24 23:39 B D:\FrontPage Webs\Content\meinweb\_themes\clearday\_vti_cnf\acdups.gif --> www.addr.com /usr/home/awolf/public_html/_themes/clearday/_vti_cnf acdups.gif
99.03.24 23:39 B D:\FrontPage Webs\Content\meinweb\_themes\clearday\_vti_cnf\acdvb.gif --> www.addr.com /usr/home/awolf/public_html/_themes/clearday/_vti_cnf acdvb.gif
99.03.24 23:39 B D:\FrontPage Webs\Content\meinweb\_themes\clearday\_vti_cnf\acdvbh.gif --> www.addr.com /usr/home/awolf/public_html/_themes/clearday/_vti_cnf acdvbh.gif
99.03.24 23:39 B D:\FrontPage Webs\Content\meinweb\_themes\clearday\_vti_cnf\acdvbs.gif --> www.addr.com /usr/home/awolf/public_html/_themes/clearday/_vti_cnf acdvbs.gif
99.03.24 23:39 B D:\FrontPage Webs\Content\meinweb\_themes\clearday\_vti_cnf\cdbkgnd.gif --> www.addr.com /usr/home/awolf/public_html/_themes/clearday/_vti_cnf cdbkgnd.gif
99.03.24 23:39 B D:\FrontPage Webs\Content\meinweb\_themes\clearday\_vti_cnf\cdbnr.gif --> www.addr.com /usr/home/awolf/public_html/_themes/clearday/_vti_cnf cdbnr.gif
99.03.24 23:39 B D:\FrontPage Webs\Content\meinweb\_themes\clearday\_vti_cnf\cdbull1.gif --> www.addr.com /usr/home/awolf/public_html/_themes/clearday/_vti_cnf cdbull1.gif
99.03.24 23:39 B D:\FrontPage Webs\Content\meinweb\_themes\clearday\_vti_cnf\cdbull2.gif --> www.addr.com /usr/home/awolf/public_html/_themes/clearday/_vti_cnf cdbull2.gif
99.03.24 23:39 B D:\FrontPage Webs\Content\meinweb\_themes\clearday\_vti_cnf\cdbull3.gif --> www.addr.com /usr/home/awolf/public_html/_themes/clearday/_vti_cnf cdbull3.gif
99.03.24 23:39 B D:\FrontPage Webs\Content\meinweb\_themes\clearday\_vti_cnf\cdglb.gif --> www.addr.com /usr/home/awolf/public_html/_themes/clearday/_vti_cnf cdglb.gif
99.03.24 23:39 B D:\FrontPage Webs\Content\meinweb\_themes\clearday\_vti_cnf\cdhb.gif --> www.addr.com /usr/home/awolf/public_html/_themes/clearday/_vti_cnf cdhb.gif
99.03.24 23:39 B D:\FrontPage Webs\Content\meinweb\_themes\clearday\_vti_cnf\cdhome.gif --> www.addr.com /usr/home/awolf/public_html/_themes/clearday/_vti_cnf cdhome.gif
99.03.24 23:39 B D:\FrontPage Webs\Content\meinweb\_themes\clearday\_vti_cnf\cdnext.gif --> www.addr.com /usr/home/awolf/public_html/_themes/clearday/_vti_cnf cdnext.gif
99.03.24 23:39 A D:\FrontPage Webs\Content\meinweb\_themes\clearday\_vti_cnf\cdprev.gif --> www.addr.com /usr/home/awolf/public_html/_themes/clearday/_vti_cnf cdprev.gif
99.03.24 23:39 B D:\FrontPage Webs\Content\meinweb\_themes\clearday\_vti_cnf\cdrule.gif --> www.addr.com /usr/home/awolf/public_html/_themes/clearday/_vti_cnf cdrule.gif
99.03.24 23:39 A D:\FrontPage Webs\Content\meinweb\_themes\clearday\_vti_cnf\cdshb.gif --> www.addr.com /usr/home/awolf/public_html/_themes/clearday/_vti_cnf cdshb.gif
99.03.24 23:39 B D:\FrontPage Webs\Content\meinweb\_themes\clearday\_vti_cnf\cdsvb.gif --> www.addr.com /usr/home/awolf/public_html/_themes/clearday/_vti_cnf cdsvb.gif
99.03.24 23:39 B D:\FrontPage Webs\Content\meinweb\_themes\clearday\_vti_cnf\cdup.gif --> www.addr.com /usr/home/awolf/public_html/_themes/clearday/_vti_cnf cdup.gif
99.03.24 23:39 B D:\FrontPage Webs\Content\meinweb\_themes\clearday\_vti_cnf\cdvb.gif --> www.addr.com /usr/home/awolf/public_html/_themes/clearday/_vti_cnf cdvb.gif
99.03.24 23:39 B D:\FrontPage Webs\Content\meinweb\_themes\clearday\_vti_cnf\clearday.inf --> www.addr.com /usr/home/awolf/public_html/_themes/clearday/_vti_cnf clearday.inf
99.03.24 23:39 B D:\FrontPage Webs\Content\meinweb\_themes\clearday\_vti_cnf\clearday.utf8 --> www.addr.com /usr/home/awolf/public_html/_themes/clearday/_vti_cnf clearday.utf8
99.03.24 23:39 B D:\FrontPage Webs\Content\meinweb\_themes\clearday\_vti_cnf\color0.css --> www.addr.com /usr/home/awolf/public_html/_themes/clearday/_vti_cnf color0.css
99.03.24 23:39 B D:\FrontPage Webs\Content\meinweb\_themes\clearday\_vti_cnf\color1.css --> www.addr.com /usr/home/awolf/public_html/_themes/clearday/_vti_cnf color1.css
99.03.24 23:39 B D:\FrontPage Webs\Content\meinweb\_themes\clearday\_vti_cnf\graph0.css --> www.addr.com /usr/home/awolf/public_html/_themes/clearday/_vti_cnf graph0.css
99.03.24 23:39 B D:\FrontPage Webs\Content\meinweb\_themes\clearday\_vti_cnf\graph1.css --> www.addr.com /usr/home/awolf/public_html/_themes/clearday/_vti_cnf graph1.css
99.03.24 23:39 B D:\FrontPage Webs\Content\meinweb\_themes\clearday\_vti_cnf\theme.css --> www.addr.com /usr/home/awolf/public_html/_themes/clearday/_vti_cnf theme.css
99.03.24 23:39 B D:\FrontPage Webs\Content\meinweb\_themes\clearday\_vti_cnf\WS_FTP.LOG --> www.addr.com /usr/home/awolf/public_html/_themes/clearday/_vti_cnf WS_FTP.LOG
1999.10.23 09:31 B D:\FrontPage Webs\Content\meinweb\_themes\clearday\_vti_cnf\WS_FTP.LOG <-- www.jeans-land.com /usr6/home/awolf/public_html/_themes/clearday/_vti_cnf WS_FTP.LOG
