99.05.13 18:58 B D:\FrontPage Webs\Content\meinweb\order\cdbkgnd.gif <-- Jeans-Land /usr/home/awolf/public_html/order cdbkgnd.gif
99.05.13 18:58 B D:\FrontPage Webs\Content\meinweb\order\dank.html <-- Jeans-Land /usr/home/awolf/public_html/order dank.html
99.05.13 18:58 B D:\FrontPage Webs\Content\meinweb\order\index.html <-- Jeans-Land /usr/home/awolf/public_html/order index.html
99.05.13 18:58 B D:\FrontPage Webs\Content\meinweb\order\ssl.jpg <-- Jeans-Land /usr/home/awolf/public_html/order ssl.jpg
99.05.13 18:58 B D:\FrontPage Webs\Content\meinweb\order\formmail.pl <-- Jeans-Land /usr/home/awolf/public_html/order formmail.pl
99.05.13 19:05 B D:\FrontPage Webs\Content\meinweb\order\dank.html --> www.addr.com /usr/home/awolf/public_html/order dank.html
99.05.15 21:27 B D:\FrontPage Webs\Content\meinweb\order\index.html --> www.addr.com /usr/home/awolf/public_html/order index.html
99.05.15 21:29 B D:\FrontPage Webs\Content\meinweb\order\index.html --> www.addr.com /usr/home/awolf/public_html/order index.html
99.05.15 21:33 B D:\FrontPage Webs\Content\meinweb\order\index.html --> www.addr.com /usr/home/awolf/public_html/order index.html
99.05.15 21:39 B D:\FrontPage Webs\Content\meinweb\order\index.html --> www.addr.com /usr/home/awolf/public_html/order index.html
99.05.15 21:50 B D:\FrontPage Webs\Content\meinweb\order\index.html --> www.addr.com /usr/home/awolf/public_html/order index.html
99.05.15 21:55 B D:\FrontPage Webs\Content\meinweb\order\index.html --> www.addr.com /usr/home/awolf/public_html/order index.html
99.05.15 21:59 B D:\FrontPage Webs\Content\meinweb\order\index.html --> www.addr.com /usr/home/awolf/public_html/order index.html
99.05.15 22:03 B D:\FrontPage Webs\Content\meinweb\order\index.html --> www.addr.com /usr/home/awolf/public_html/order index.html
99.05.15 22:10 B D:\FrontPage Webs\Content\meinweb\order\index.html --> www.addr.com /usr/home/awolf/public_html/order index.html
99.05.15 22:13 B D:\FrontPage Webs\Content\meinweb\order\index.html --> www.addr.com /usr/home/awolf/public_html/order index.html
99.05.15 22:18 B D:\FrontPage Webs\Content\meinweb\order\index.html --> www.addr.com /usr/home/awolf/public_html/order index.html
99.05.15 22:20 B D:\FrontPage Webs\Content\meinweb\order\index.html --> www.addr.com /usr/home/awolf/public_html/order index.html
99.05.15 22:23 B D:\FrontPage Webs\Content\meinweb\order\index.html --> www.addr.com /usr/home/awolf/public_html/order index.html
99.07.25 00:57 B D:\FrontPage Webs\Content\meinweb\order\index.html --> www.addr.com /usr6/home/awolf/public_html/order index.html
99.10.04 21:18 B D:\FrontPage Webs\Content\meinweb\order\index.html --> www.addr.com /usr6/home/awolf/public_html/order index.html
99.10.09 16:52 B D:\FrontPage Webs\Content\meinweb\order\index.html --> www.addr.com /usr6/home/awolf/public_html/order index.html
99.10.09 16:55 B D:\FrontPage Webs\Content\meinweb\order\index.html --> www.addr.com /usr6/home/awolf/public_html/order index.html
99.10.09 16:57 B D:\FrontPage Webs\Content\meinweb\order\index.html <-- Jeans-Land /usr6/home/awolf/public_html/order index.html
99.10.09 16:58 B D:\FrontPage Webs\Content\meinweb\order\index.html --> www.addr.com /usr6/home/awolf/public_html/order index.html
99.10.09 16:58 B D:\FrontPage Webs\Content\meinweb\order\eric-title.JPG --> www.addr.com /usr6/home/awolf/public_html/order eric-title.JPG
99.10.09 16:58 B D:\FrontPage Webs\Content\meinweb\order\ALD-Logo.JPG --> www.addr.com /usr6/home/awolf/public_html/order ALD-Logo.JPG
1999.10.26 08:55 B D:\FrontPage Webs\Content\meinweb\order\index.html --> www.jeans-land.de /order index.html
