vti_encoding:SR|utf8-nl
99.01.12 19:41 B D:\\FrontPage Webs\\Content\\meinweb\\_overlay\\_vti_cnf\\WS_FTP.LOG --> www.addr.com /usr/home/awolf/public_html/_overlay/_vti_cnf WS_FTP.LOG
99.01.06 10:32 B D:\\FrontPage Webs\\Content\\meinweb\\_overlay\\_vti_cnf\\WS_FTP.LOG --> www.addr.com /usr/home/awolf/public_html/_overlay/_vti_cnf WS_FTP.LOG
99.01.05 08:28 B D:\\FrontPage Webs\\Content\\meinweb\\_overlay\\_vti_cnf\\WS_FTP.LOG --> www.addr.com /usr/home/awolf/_overlay/_vti_cnf WS_FTP.LOG
vti_extenderversion:SR|3.0.2.1330
vti_timelastmodified:TR|12 Jan 1999 19:41:21 -0000
99.01.05 21:32 B D:\\FrontPage Webs\\Content\\meinweb\\_overlay\\_vti_cnf\\WS_FTP.LOG --> www.addr.com /usr/home/awolf/_overlay/_vti_cnf WS_FTP.LOG
98.12.21 23:04 B D:\\FrontPage Webs\\Content\\meinweb\\_overlay\\_vti_cnf\\seite8.htm_nav_downtown000_vbtn.gif --> www.homepages.de /_overlay/_vti_cnf seite8.htm_nav_downtown000_vbtn.gif
99.01.13 08:31 B D:
99.01.16 18:59 B D:
99.03.16 21:15 B D:
99.03.16 22:17 B D:
99.03.24 23:37 B D:
99.06.11 23:28 B D:
99.08.01 11:13 B D:
99.08.04 23:57 B D:
1999.10.23 00:53 B D:
1999.10.23 08:58 B D:
1999.10.23 09:18 B D:
1999.10.23 10:58 B D:
1999.10.26 08:34 B D:
vti_sourcecontrolversion:SX|V1
vti_sourcecontrolcookie:SX|fp_internal
1999.12.17 21:44 B D:\FrontPage Webs\Content\meinweb\_overlay\_vti_cnf\las_vegas.htm_nav_arcs010_bnr.gif --> home.nikocity.de /_overlay/_vti_cnf las_vegas.htm_nav_arcs010_bnr.gif
1999.12.17 21:44 B D:\FrontPage Webs\Content\meinweb\_overlay\_vti_cnf\firmenpr.htm_nav_arcs010_hbtn.gif --> home.nikocity.de /_overlay/_vti_cnf firmenpr.htm_nav_arcs010_hbtn.gif
1999.12.17 21:44 B D:\FrontPage Webs\Content\meinweb\_overlay\_vti_cnf\dockers.htm_nav_arcs010_vbtn.gif --> home.nikocity.de /_overlay/_vti_cnf dockers.htm_nav_arcs010_vbtn.gif
1999.12.17 21:44 B D:\FrontPage Webs\Content\meinweb\_overlay\_vti_cnf\seite7.htm_nav_arcs010_vbtn.gif --> home.nikocity.de /_overlay/_vti_cnf seite7.htm_nav_arcs010_vbtn.gif
1999.12.17 21:44 B D:\FrontPage Webs\Content\meinweb\_overlay\_vti_cnf\seite7.htm_nav_arcs010_bnr.gif --> home.nikocity.de /_overlay/_vti_cnf seite7.htm_nav_arcs010_bnr.gif
1999.12.17 21:44 B D:\FrontPage Webs\Content\meinweb\_overlay\_vti_cnf\newton.htm_nav_arcs010_vbtn.gif --> home.nikocity.de /_overlay/_vti_cnf newton.htm_nav_arcs010_vbtn.gif
1999.12.17 21:44 B D:\FrontPage Webs\Content\meinweb\_overlay\_vti_cnf\nancy.htm_nav_arcs010_vbtn.gif --> home.nikocity.de /_overlay/_vti_cnf nancy.htm_nav_arcs010_vbtn.gif
1999.12.17 21:44 B D:\FrontPage Webs\Content\meinweb\_overlay\_vti_cnf\louisian.htm_nav_arcs010_bnr.gif --> home.nikocity.de /_overlay/_vti_cnf louisian.htm_nav_arcs010_bnr.gif
1999.12.17 21:44 B D:\FrontPage Webs\Content\meinweb\_overlay\_vti_cnf\wir_über_uns.htm_nav_clearday010_vbtn.gif --> home.nikocity.de /_overlay/_vti_cnf wir_über_uns.htm_nav_clearday010_vbtn.gif
1999.12.19 16:54 B D:\FrontPage Webs\Content\meinweb\_overlay\_vti_cnf\gallerie-main.htm_nav_kopie-von-schlicht000_vbtn.gif --> www.jeans-land.de /_overlay/_vti_cnf gallerie-main.htm_nav_kopie-von-schlicht000_vbtn.gif
1999.12.19 16:54 B D:\FrontPage Webs\Content\meinweb\_overlay\_vti_cnf\online.htm_nav_kopie-von-schlicht000_vbtn.gif --> www.jeans-land.de /_overlay/_vti_cnf online.htm_nav_kopie-von-schlicht000_vbtn.gif
1999.12.19 16:54 B D:\FrontPage Webs\Content\meinweb\_overlay\_vti_cnf\info.htm_nav_kopie-von-schlicht000_vbtn.gif --> www.jeans-land.de /_overlay/_vti_cnf info.htm_nav_kopie-von-schlicht000_vbtn.gif
1999.12.19 16:55 B D:\FrontPage Webs\Content\meinweb\_overlay\_vti_cnf\firmenpr.htm_nav_kopie-von-schlicht000_vbtn.gif --> www.jeans-land.de /_overlay/_vti_cnf firmenpr.htm_nav_kopie-von-schlicht000_vbtn.gif
1999.12.19 16:55 B D:\FrontPage Webs\Content\meinweb\_overlay\_vti_cnf\feedback.htm_nav_kopie-von-schlicht000_vbtn.gif --> www.jeans-land.de /_overlay/_vti_cnf feedback.htm_nav_kopie-von-schlicht000_vbtn.gif
1999.12.19 16:55 B D:\FrontPage Webs\Content\meinweb\_overlay\_vti_cnf\agb.htm_nav_kopie-von-schlicht000_vbtn.gif --> www.jeans-land.de /_overlay/_vti_cnf agb.htm_nav_kopie-von-schlicht000_vbtn.gif
1999.12.19 16:55 B D:\FrontPage Webs\Content\meinweb\_overlay\_vti_cnf\wrangler.htm_nav_kopie-von-schlicht000_vbtn.gif --> www.jeans-land.de /_overlay/_vti_cnf wrangler.htm_nav_kopie-von-schlicht000_vbtn.gif
1999.12.19 16:55 B D:\FrontPage Webs\Content\meinweb\_overlay\_vti_cnf\western.htm_nav_kopie-von-schlicht000_vbtn.gif --> www.jeans-land.de /_overlay/_vti_cnf western.htm_nav_kopie-von-schlicht000_vbtn.gif
1999.12.19 16:55 B D:\FrontPage Webs\Content\meinweb\_overlay\_vti_cnf\v-neck_sweater.htm_nav_kopie-von-schlicht000_vbtn.gif --> www.jeans-land.de /_overlay/_vti_cnf v-neck_sweater.htm_nav_kopie-von-schlicht000_vbtn.gif
1999.12.19 16:55 B D:\FrontPage Webs\Content\meinweb\_overlay\_vti_cnf\up_nav_kopie-von-schlicht000_vbtn.gif --> www.jeans-land.de /_overlay/_vti_cnf up_nav_kopie-von-schlicht000_vbtn.gif
1999.12.19 16:55 B D:\FrontPage Webs\Content\meinweb\_overlay\_vti_cnf\trucker.htm_nav_kopie-von-schlicht000_vbtn.gif --> www.jeans-land.de /_overlay/_vti_cnf trucker.htm_nav_kopie-von-schlicht000_vbtn.gif
1999.12.19 16:55 B D:\FrontPage Webs\Content\meinweb\_overlay\_vti_cnf\texas.htm_nav_kopie-von-schlicht000_vbtn.gif --> www.jeans-land.de /_overlay/_vti_cnf texas.htm_nav_kopie-von-schlicht000_vbtn.gif
1999.12.19 16:55 B D:\FrontPage Webs\Content\meinweb\_overlay\_vti_cnf\sta-prest_shirt.htm_nav_kopie-von-schlicht000_vbtn.gif --> www.jeans-land.de /_overlay/_vti_cnf sta-prest_shirt.htm_nav_kopie-von-schlicht000_vbtn.gif
1999.12.19 16:55 B D:\FrontPage Webs\Content\meinweb\_overlay\_vti_cnf\sta-pres.htm_nav_kopie-von-schlicht000_vbtn.gif --> www.jeans-land.de /_overlay/_vti_cnf sta-pres.htm_nav_kopie-von-schlicht000_vbtn.gif
1999.12.19 16:55 B D:\FrontPage Webs\Content\meinweb\_overlay\_vti_cnf\smarti.htm_nav_kopie-von-schlicht000_vbtn.gif --> www.jeans-land.de /_overlay/_vti_cnf smarti.htm_nav_kopie-von-schlicht000_vbtn.gif
1999.12.19 16:55 B D:\FrontPage Webs\Content\meinweb\_overlay\_vti_cnf\slimfit_trucker_jacket.htm_nav_kopie-von-schlicht000_vbtn.gif --> www.jeans-land.de /_overlay/_vti_cnf slimfit_trucker_jacket.htm_nav_kopie-von-schlicht000_vbtn.gif
1999.12.19 16:55 B D:\FrontPage Webs\Content\meinweb\_overlay\_vti_cnf\sheffield.htm_nav_kopie-von-schlicht000_vbtn.gif --> www.jeans-land.de /_overlay/_vti_cnf sheffield.htm_nav_kopie-von-schlicht000_vbtn.gif
1999.12.19 16:55 B D:\FrontPage Webs\Content\meinweb\_overlay\_vti_cnf\seite8.htm_nav_kopie-von-schlicht000_vbtn.gif --> www.jeans-land.de /_overlay/_vti_cnf seite8.htm_nav_kopie-von-schlicht000_vbtn.gif
1999.12.19 16:55 B D:\FrontPage Webs\Content\meinweb\_overlay\_vti_cnf\seite7.htm_nav_kopie-von-schlicht000_vbtn.gif --> www.jeans-land.de /_overlay/_vti_cnf seite7.htm_nav_kopie-von-schlicht000_vbtn.gif
1999.12.19 16:55 B D:\FrontPage Webs\Content\meinweb\_overlay\_vti_cnf\seite6.htm_nav_kopie-von-schlicht000_vbtn.gif --> www.jeans-land.de /_overlay/_vti_cnf seite6.htm_nav_kopie-von-schlicht000_vbtn.gif
1999.12.19 16:55 B D:\FrontPage Webs\Content\meinweb\_overlay\_vti_cnf\seite2.htm_nav_kopie-von-schlicht000_vbtn.gif --> www.jeans-land.de /_overlay/_vti_cnf seite2.htm_nav_kopie-von-schlicht000_vbtn.gif
1999.12.19 16:55 B D:\FrontPage Webs\Content\meinweb\_overlay\_vti_cnf\scarlet.htm_nav_kopie-von-schlicht000_vbtn.gif --> www.jeans-land.de /_overlay/_vti_cnf scarlet.htm_nav_kopie-von-schlicht000_vbtn.gif
1999.12.19 16:55 B D:\FrontPage Webs\Content\meinweb\_overlay\_vti_cnf\replay.htm_nav_kopie-von-schlicht000_vbtn.gif --> www.jeans-land.de /_overlay/_vti_cnf replay.htm_nav_kopie-von-schlicht000_vbtn.gif
1999.12.19 16:55 B D:\FrontPage Webs\Content\meinweb\_overlay\_vti_cnf\prod01.htm_nav_kopie-von-schlicht000_vbtn.gif --> www.jeans-land.de /_overlay/_vti_cnf prod01.htm_nav_kopie-von-schlicht000_vbtn.gif
1999.12.19 16:55 B D:\FrontPage Webs\Content\meinweb\_overlay\_vti_cnf\pilot_pant.htm_nav_kopie-von-schlicht000_vbtn.gif --> www.jeans-land.de /_overlay/_vti_cnf pilot_pant.htm_nav_kopie-von-schlicht000_vbtn.gif
1999.12.19 16:55 B D:\FrontPage Webs\Content\meinweb\_overlay\_vti_cnf\oregon.htm_nav_kopie-von-schlicht000_vbtn.gif --> www.jeans-land.de /_overlay/_vti_cnf oregon.htm_nav_kopie-von-schlicht000_vbtn.gif
1999.12.19 16:55 B D:\FrontPage Webs\Content\meinweb\_overlay\_vti_cnf\oberteile.htm_nav_kopie-von-schlicht000_vbtn.gif --> www.jeans-land.de /_overlay/_vti_cnf oberteile.htm_nav_kopie-von-schlicht000_vbtn.gif
1999.12.19 16:55 B D:\FrontPage Webs\Content\meinweb\_overlay\_vti_cnf\newton.htm_nav_kopie-von-schlicht000_vbtn.gif --> www.jeans-land.de /_overlay/_vti_cnf newton.htm_nav_kopie-von-schlicht000_vbtn.gif
1999.12.19 16:55 B D:\FrontPage Webs\Content\meinweb\_overlay\_vti_cnf\new_saddle.htm_nav_kopie-von-schlicht000_vbtn.gif --> www.jeans-land.de /_overlay/_vti_cnf new_saddle.htm_nav_kopie-von-schlicht000_vbtn.gif
1999.12.19 16:55 B D:\FrontPage Webs\Content\meinweb\_overlay\_vti_cnf\nancy.htm_nav_kopie-von-schlicht000_vbtn.gif --> www.jeans-land.de /_overlay/_vti_cnf nancy.htm_nav_kopie-von-schlicht000_vbtn.gif
1999.12.19 16:55 B D:\FrontPage Webs\Content\meinweb\_overlay\_vti_cnf\mustang.htm_nav_kopie-von-schlicht000_vbtn.gif --> www.jeans-land.de /_overlay/_vti_cnf mustang.htm_nav_kopie-von-schlicht000_vbtn.gif
1999.12.19 16:55 B D:\FrontPage Webs\Content\meinweb\_overlay\_vti_cnf\model_m991.htm_nav_kopie-von-schlicht000_vbtn.gif --> www.jeans-land.de /_overlay/_vti_cnf model_m991.htm_nav_kopie-von-schlicht000_vbtn.gif
1999.12.19 16:55 B D:\FrontPage Webs\Content\meinweb\_overlay\_vti_cnf\michigan.htm_nav_kopie-von-schlicht000_vbtn.gif --> www.jeans-land.de /_overlay/_vti_cnf michigan.htm_nav_kopie-von-schlicht000_vbtn.gif
1999.12.19 16:55 B D:\FrontPage Webs\Content\meinweb\_overlay\_vti_cnf\louisian.htm_nav_kopie-von-schlicht000_vbtn.gif --> www.jeans-land.de /_overlay/_vti_cnf louisian.htm_nav_kopie-von-schlicht000_vbtn.gif
1999.12.19 16:55 B D:\FrontPage Webs\Content\meinweb\_overlay\_vti_cnf\london.htm_nav_kopie-von-schlicht000_vbtn.gif --> www.jeans-land.de /_overlay/_vti_cnf london.htm_nav_kopie-von-schlicht000_vbtn.gif
1999.12.19 16:55 B D:\FrontPage Webs\Content\meinweb\_overlay\_vti_cnf\las_vegas.htm_nav_kopie-von-schlicht000_vbtn.gif --> www.jeans-land.de /_overlay/_vti_cnf las_vegas.htm_nav_kopie-von-schlicht000_vbtn.gif
1999.12.19 16:55 B D:\FrontPage Webs\Content\meinweb\_overlay\_vti_cnf\kelly.htm_nav_kopie-von-schlicht000_vbtn.gif --> www.jeans-land.de /_overlay/_vti_cnf kelly.htm_nav_kopie-von-schlicht000_vbtn.gif
1999.12.19 16:55 B D:\FrontPage Webs\Content\meinweb\_overlay\_vti_cnf\inyo.htm_nav_kopie-von-schlicht000_vbtn.gif --> www.jeans-land.de /_overlay/_vti_cnf inyo.htm_nav_kopie-von-schlicht000_vbtn.gif
1999.12.19 16:55 B D:\FrontPage Webs\Content\meinweb\_overlay\_vti_cnf\hooded_sweater.htm_nav_kopie-von-schlicht000_vbtn.gif --> www.jeans-land.de /_overlay/_vti_cnf hooded_sweater.htm_nav_kopie-von-schlicht000_vbtn.gif
1999.12.19 16:55 B D:\FrontPage Webs\Content\meinweb\_overlay\_vti_cnf\home_nav_kopie-von-schlicht000_vbtn.gif --> www.jeans-land.de /_overlay/_vti_cnf home_nav_kopie-von-schlicht000_vbtn.gif
1999.12.19 16:55 B D:\FrontPage Webs\Content\meinweb\_overlay\_vti_cnf\herren.htm_nav_kopie-von-schlicht000_vbtn.gif --> www.jeans-land.de /_overlay/_vti_cnf herren.htm_nav_kopie-von-schlicht000_vbtn.gif
1999.12.19 16:55 B D:\FrontPage Webs\Content\meinweb\_overlay\_vti_cnf\h.htm_nav_kopie-von-schlicht000_vbtn.gif --> www.jeans-land.de /_overlay/_vti_cnf h.htm_nav_kopie-von-schlicht000_vbtn.gif
1999.12.19 16:55 B D:\FrontPage Webs\Content\meinweb\_overlay\_vti_cnf\gallerie_4.htm_nav_kopie-von-schlicht000_vbtn.gif --> www.jeans-land.de /_overlay/_vti_cnf gallerie_4.htm_nav_kopie-von-schlicht000_vbtn.gif
1999.12.19 16:55 B D:\FrontPage Webs\Content\meinweb\_overlay\_vti_cnf\gallerie_3.htm_nav_kopie-von-schlicht000_vbtn.gif --> www.jeans-land.de /_overlay/_vti_cnf gallerie_3.htm_nav_kopie-von-schlicht000_vbtn.gif
1999.12.19 16:55 B D:\FrontPage Webs\Content\meinweb\_overlay\_vti_cnf\gallerie_2.htm_nav_kopie-von-schlicht000_vbtn.gif --> www.jeans-land.de /_overlay/_vti_cnf gallerie_2.htm_nav_kopie-von-schlicht000_vbtn.gif
1999.12.19 16:55 B D:\FrontPage Webs\Content\meinweb\_overlay\_vti_cnf\gallerie.htm_nav_kopie-von-schlicht000_vbtn.gif --> www.jeans-land.de /_overlay/_vti_cnf gallerie.htm_nav_kopie-von-schlicht000_vbtn.gif
1999.12.19 16:55 B D:\FrontPage Webs\Content\meinweb\_overlay\_vti_cnf\edwin.htm_nav_kopie-von-schlicht000_vbtn.gif --> www.jeans-land.de /_overlay/_vti_cnf edwin.htm_nav_kopie-von-schlicht000_vbtn.gif
1999.12.19 16:55 B D:\FrontPage Webs\Content\meinweb\_overlay\_vti_cnf\dockers.htm_nav_kopie-von-schlicht000_vbtn.gif --> www.jeans-land.de /_overlay/_vti_cnf dockers.htm_nav_kopie-von-schlicht000_vbtn.gif
1999.12.19 16:55 B D:\FrontPage Webs\Content\meinweb\_overlay\_vti_cnf\diesel.htm_nav_kopie-von-schlicht000_vbtn.gif --> www.jeans-land.de /_overlay/_vti_cnf diesel.htm_nav_kopie-von-schlicht000_vbtn.gif
1999.12.19 16:55 B D:\FrontPage Webs\Content\meinweb\_overlay\_vti_cnf\denim.htm_nav_kopie-von-schlicht000_vbtn.gif --> www.jeans-land.de /_overlay/_vti_cnf denim.htm_nav_kopie-von-schlicht000_vbtn.gif
1999.12.19 16:55 B D:\FrontPage Webs\Content\meinweb\_overlay\_vti_cnf\damen.htm_nav_kopie-von-schlicht000_vbtn.gif --> www.jeans-land.de /_overlay/_vti_cnf damen.htm_nav_kopie-von-schlicht000_vbtn.gif
1999.12.19 16:55 B D:\FrontPage Webs\Content\meinweb\_overlay\_vti_cnf\d5_20529-05.htm_nav_kopie-von-schlicht000_vbtn.gif --> www.jeans-land.de /_overlay/_vti_cnf d5_20529-05.htm_nav_kopie-von-schlicht000_vbtn.gif
1999.12.19 16:55 B D:\FrontPage Webs\Content\meinweb\_overlay\_vti_cnf\d4_flat_front.htm_nav_kopie-von-schlicht000_vbtn.gif --> www.jeans-land.de /_overlay/_vti_cnf d4_flat_front.htm_nav_kopie-von-schlicht000_vbtn.gif
1999.12.19 16:55 B D:\FrontPage Webs\Content\meinweb\_overlay\_vti_cnf\d4_20210-05.htm_nav_kopie-von-schlicht000_vbtn.gif --> www.jeans-land.de /_overlay/_vti_cnf d4_20210-05.htm_nav_kopie-von-schlicht000_vbtn.gif
1999.12.19 16:55 B D:\FrontPage Webs\Content\meinweb\_overlay\_vti_cnf\d2_top_pocket.htm_nav_kopie-von-schlicht000_vbtn.gif --> www.jeans-land.de /_overlay/_vti_cnf d2_top_pocket.htm_nav_kopie-von-schlicht000_vbtn.gif
1999.12.19 16:56 B D:\FrontPage Webs\Content\meinweb\_overlay\_vti_cnf\d2.htm_nav_kopie-von-schlicht000_vbtn.gif --> www.jeans-land.de /_overlay/_vti_cnf d2.htm_nav_kopie-von-schlicht000_vbtn.gif
1999.12.19 16:56 B D:\FrontPage Webs\Content\meinweb\_overlay\_vti_cnf\combat_pant.htm_nav_kopie-von-schlicht000_vbtn.gif --> www.jeans-land.de /_overlay/_vti_cnf combat_pant.htm_nav_kopie-von-schlicht000_vbtn.gif
1999.12.19 16:56 B D:\FrontPage Webs\Content\meinweb\_overlay\_vti_cnf\cheyenne.htm_nav_kopie-von-schlicht000_vbtn.gif --> www.jeans-land.de /_overlay/_vti_cnf cheyenne.htm_nav_kopie-von-schlicht000_vbtn.gif
1999.12.19 16:56 B D:\FrontPage Webs\Content\meinweb\_overlay\_vti_cnf\boots.htm_nav_kopie-von-schlicht000_vbtn.gif --> www.jeans-land.de /_overlay/_vti_cnf boots.htm_nav_kopie-von-schlicht000_vbtn.gif
1999.12.19 16:56 B D:\FrontPage Webs\Content\meinweb\_overlay\_vti_cnf\accessoires.htm_nav_kopie-von-schlicht000_vbtn.gif --> www.jeans-land.de /_overlay/_vti_cnf accessoires.htm_nav_kopie-von-schlicht000_vbtn.gif
1999.12.19 16:56 B D:\FrontPage Webs\Content\meinweb\_overlay\_vti_cnf\901.htm_nav_kopie-von-schlicht000_vbtn.gif --> www.jeans-land.de /_overlay/_vti_cnf 901.htm_nav_kopie-von-schlicht000_vbtn.gif
1999.12.19 16:56 B D:\FrontPage Webs\Content\meinweb\_overlay\_vti_cnf\882.htm_nav_kopie-von-schlicht000_vbtn.gif --> www.jeans-land.de /_overlay/_vti_cnf 882.htm_nav_kopie-von-schlicht000_vbtn.gif
1999.12.19 16:56 B D:\FrontPage Webs\Content\meinweb\_overlay\_vti_cnf\623.htm_nav_kopie-von-schlicht000_vbtn.gif --> www.jeans-land.de /_overlay/_vti_cnf 623.htm_nav_kopie-von-schlicht000_vbtn.gif
1999.12.19 16:56 B D:\FrontPage Webs\Content\meinweb\_overlay\_vti_cnf\551.htm_nav_kopie-von-schlicht000_vbtn.gif --> www.jeans-land.de /_overlay/_vti_cnf 551.htm_nav_kopie-von-schlicht000_vbtn.gif
1999.12.19 16:56 B D:\FrontPage Webs\Content\meinweb\_overlay\_vti_cnf\535.htm_nav_kopie-von-schlicht000_vbtn.gif --> www.jeans-land.de /_overlay/_vti_cnf 535.htm_nav_kopie-von-schlicht000_vbtn.gif
1999.12.19 16:56 B D:\FrontPage Webs\Content\meinweb\_overlay\_vti_cnf\525.htm_nav_kopie-von-schlicht000_vbtn.gif --> www.jeans-land.de /_overlay/_vti_cnf 525.htm_nav_kopie-von-schlicht000_vbtn.gif
1999.12.19 16:56 B D:\FrontPage Webs\Content\meinweb\_overlay\_vti_cnf\gallerie_4.htm_nav_arcs010_vbtn.gif --> www.jeans-land.de /_overlay/_vti_cnf gallerie_4.htm_nav_arcs010_vbtn.gif
