98.12.21 23:07 B D:\FrontPage Webs\Content\meinweb\_vti_pvt\deptodoc.btr --> www.homepages.de /_vti_pvt deptodoc.btr
98.12.21 23:07 B D:\FrontPage Webs\Content\meinweb\_vti_pvt\doctodep.btr --> www.homepages.de /_vti_pvt doctodep.btr
98.12.21 23:07 B D:\FrontPage Webs\Content\meinweb\_vti_pvt\access.cnf --> www.homepages.de /_vti_pvt access.cnf
98.12.21 23:07 B D:\FrontPage Webs\Content\meinweb\_vti_pvt\linkinfo.cnf --> www.homepages.de /_vti_pvt linkinfo.cnf
98.12.21 23:07 B D:\FrontPage Webs\Content\meinweb\_vti_pvt\service.cnf --> www.homepages.de /_vti_pvt service.cnf
98.12.21 23:07 B D:\FrontPage Webs\Content\meinweb\_vti_pvt\structure.cnf --> www.homepages.de /_vti_pvt structure.cnf
98.12.21 23:07 B D:\FrontPage Webs\Content\meinweb\_vti_pvt\writeto.cnf --> www.homepages.de /_vti_pvt writeto.cnf
98.12.21 23:07 B D:\FrontPage Webs\Content\meinweb\_vti_pvt\#haccess.ctl --> www.homepages.de /_vti_pvt #haccess.ctl
98.12.21 23:07 B D:\FrontPage Webs\Content\meinweb\_vti_pvt\_x_todo.htm --> www.homepages.de /_vti_pvt _x_todo.htm
98.12.21 23:07 B D:\FrontPage Webs\Content\meinweb\_vti_pvt\_x_todoh.htm --> www.homepages.de /_vti_pvt _x_todoh.htm
98.12.21 23:07 B D:\FrontPage Webs\Content\meinweb\_vti_pvt\service.lck --> www.homepages.de /_vti_pvt service.lck
99.01.05 08:32 B D:\FrontPage Webs\Content\meinweb\_vti_pvt\deptodoc.btr --> www.addr.com /usr/home/awolf/_vti_pvt deptodoc.btr
99.01.05 08:32 B D:\FrontPage Webs\Content\meinweb\_vti_pvt\doctodep.btr --> www.addr.com /usr/home/awolf/_vti_pvt doctodep.btr
99.01.05 08:32 B D:\FrontPage Webs\Content\meinweb\_vti_pvt\access.cnf --> www.addr.com /usr/home/awolf/_vti_pvt access.cnf
99.01.05 08:32 B D:\FrontPage Webs\Content\meinweb\_vti_pvt\linkinfo.cnf --> www.addr.com /usr/home/awolf/_vti_pvt linkinfo.cnf
99.01.05 08:32 B D:\FrontPage Webs\Content\meinweb\_vti_pvt\service.cnf --> www.addr.com /usr/home/awolf/_vti_pvt service.cnf
99.01.05 08:32 B D:\FrontPage Webs\Content\meinweb\_vti_pvt\structure.cnf --> www.addr.com /usr/home/awolf/_vti_pvt structure.cnf
99.01.05 08:32 B D:\FrontPage Webs\Content\meinweb\_vti_pvt\writeto.cnf --> www.addr.com /usr/home/awolf/_vti_pvt writeto.cnf
99.01.05 08:32 B D:\FrontPage Webs\Content\meinweb\_vti_pvt\#haccess.ctl --> www.addr.com /usr/home/awolf/_vti_pvt #haccess.ctl
99.01.05 08:32 B D:\FrontPage Webs\Content\meinweb\_vti_pvt\_x_todo.htm --> www.addr.com /usr/home/awolf/_vti_pvt _x_todo.htm
99.01.05 08:32 B D:\FrontPage Webs\Content\meinweb\_vti_pvt\_x_todoh.htm --> www.addr.com /usr/home/awolf/_vti_pvt _x_todoh.htm
99.01.05 08:33 B D:\FrontPage Webs\Content\meinweb\_vti_pvt\service.lck --> www.addr.com /usr/home/awolf/_vti_pvt service.lck
99.01.05 08:33 B D:\FrontPage Webs\Content\meinweb\_vti_pvt\WS_FTP.LOG --> www.addr.com /usr/home/awolf/_vti_pvt WS_FTP.LOG
99.01.05 21:40 B D:\FrontPage Webs\Content\meinweb\_vti_pvt\deptodoc.btr --> www.addr.com /usr/home/awolf/_vti_pvt deptodoc.btr
99.01.05 21:40 B D:\FrontPage Webs\Content\meinweb\_vti_pvt\doctodep.btr --> www.addr.com /usr/home/awolf/_vti_pvt doctodep.btr
99.01.05 21:40 B D:\FrontPage Webs\Content\meinweb\_vti_pvt\access.cnf --> www.addr.com /usr/home/awolf/_vti_pvt access.cnf
99.01.05 21:40 B D:\FrontPage Webs\Content\meinweb\_vti_pvt\linkinfo.cnf --> www.addr.com /usr/home/awolf/_vti_pvt linkinfo.cnf
99.01.05 21:40 B D:\FrontPage Webs\Content\meinweb\_vti_pvt\service.cnf --> www.addr.com /usr/home/awolf/_vti_pvt service.cnf
99.01.05 21:40 B D:\FrontPage Webs\Content\meinweb\_vti_pvt\structure.cnf --> www.addr.com /usr/home/awolf/_vti_pvt structure.cnf
99.01.05 21:40 B D:\FrontPage Webs\Content\meinweb\_vti_pvt\writeto.cnf --> www.addr.com /usr/home/awolf/_vti_pvt writeto.cnf
99.01.05 21:40 B D:\FrontPage Webs\Content\meinweb\_vti_pvt\#haccess.ctl --> www.addr.com /usr/home/awolf/_vti_pvt #haccess.ctl
99.01.05 21:40 B D:\FrontPage Webs\Content\meinweb\_vti_pvt\_x_todo.htm --> www.addr.com /usr/home/awolf/_vti_pvt _x_todo.htm
99.01.05 21:40 B D:\FrontPage Webs\Content\meinweb\_vti_pvt\_x_todoh.htm --> www.addr.com /usr/home/awolf/_vti_pvt _x_todoh.htm
99.01.05 21:40 B D:\FrontPage Webs\Content\meinweb\_vti_pvt\service.lck --> www.addr.com /usr/home/awolf/_vti_pvt service.lck
99.01.05 21:40 B D:\FrontPage Webs\Content\meinweb\_vti_pvt\WS_FTP.LOG --> www.addr.com /usr/home/awolf/_vti_pvt WS_FTP.LOG
99.01.06 10:36 B D:\FrontPage Webs\Content\meinweb\_vti_pvt\deptodoc.btr --> www.addr.com /usr/home/awolf/public_html/_vti_pvt deptodoc.btr
99.01.06 10:37 B D:\FrontPage Webs\Content\meinweb\_vti_pvt\doctodep.btr --> www.addr.com /usr/home/awolf/public_html/_vti_pvt doctodep.btr
99.01.06 10:37 B D:\FrontPage Webs\Content\meinweb\_vti_pvt\access.cnf --> www.addr.com /usr/home/awolf/public_html/_vti_pvt access.cnf
99.01.06 10:37 B D:\FrontPage Webs\Content\meinweb\_vti_pvt\linkinfo.cnf --> www.addr.com /usr/home/awolf/public_html/_vti_pvt linkinfo.cnf
99.01.06 10:37 B D:\FrontPage Webs\Content\meinweb\_vti_pvt\service.cnf --> www.addr.com /usr/home/awolf/public_html/_vti_pvt service.cnf
99.01.06 10:37 B D:\FrontPage Webs\Content\meinweb\_vti_pvt\structure.cnf --> www.addr.com /usr/home/awolf/public_html/_vti_pvt structure.cnf
99.01.06 10:37 B D:\FrontPage Webs\Content\meinweb\_vti_pvt\writeto.cnf --> www.addr.com /usr/home/awolf/public_html/_vti_pvt writeto.cnf
99.01.06 10:37 B D:\FrontPage Webs\Content\meinweb\_vti_pvt\#haccess.ctl --> www.addr.com /usr/home/awolf/public_html/_vti_pvt #haccess.ctl
99.01.06 10:37 B D:\FrontPage Webs\Content\meinweb\_vti_pvt\_x_todo.htm --> www.addr.com /usr/home/awolf/public_html/_vti_pvt _x_todo.htm
99.01.06 10:37 B D:\FrontPage Webs\Content\meinweb\_vti_pvt\_x_todoh.htm --> www.addr.com /usr/home/awolf/public_html/_vti_pvt _x_todoh.htm
99.01.06 10:37 B D:\FrontPage Webs\Content\meinweb\_vti_pvt\service.lck --> www.addr.com /usr/home/awolf/public_html/_vti_pvt service.lck
99.01.06 10:37 B D:\FrontPage Webs\Content\meinweb\_vti_pvt\WS_FTP.LOG --> www.addr.com /usr/home/awolf/public_html/_vti_pvt WS_FTP.LOG
99.01.12 19:46 B D:\FrontPage Webs\Content\meinweb\_vti_pvt\deptodoc.btr --> www.addr.com /usr/home/awolf/public_html/_vti_pvt deptodoc.btr
99.01.12 19:46 B D:\FrontPage Webs\Content\meinweb\_vti_pvt\doctodep.btr --> www.addr.com /usr/home/awolf/public_html/_vti_pvt doctodep.btr
99.01.12 19:46 B D:\FrontPage Webs\Content\meinweb\_vti_pvt\access.cnf --> www.addr.com /usr/home/awolf/public_html/_vti_pvt access.cnf
99.01.12 19:46 B D:\FrontPage Webs\Content\meinweb\_vti_pvt\linkinfo.cnf --> www.addr.com /usr/home/awolf/public_html/_vti_pvt linkinfo.cnf
99.01.12 19:46 B D:\FrontPage Webs\Content\meinweb\_vti_pvt\service.cnf --> www.addr.com /usr/home/awolf/public_html/_vti_pvt service.cnf
99.01.12 19:46 B D:\FrontPage Webs\Content\meinweb\_vti_pvt\structure.cnf --> www.addr.com /usr/home/awolf/public_html/_vti_pvt structure.cnf
99.01.12 19:46 B D:\FrontPage Webs\Content\meinweb\_vti_pvt\writeto.cnf --> www.addr.com /usr/home/awolf/public_html/_vti_pvt writeto.cnf
99.01.12 19:46 B D:\FrontPage Webs\Content\meinweb\_vti_pvt\#haccess.ctl --> www.addr.com /usr/home/awolf/public_html/_vti_pvt #haccess.ctl
99.01.12 19:46 B D:\FrontPage Webs\Content\meinweb\_vti_pvt\_x_todo.htm --> www.addr.com /usr/home/awolf/public_html/_vti_pvt _x_todo.htm
99.01.12 19:46 B D:\FrontPage Webs\Content\meinweb\_vti_pvt\_x_todoh.htm --> www.addr.com /usr/home/awolf/public_html/_vti_pvt _x_todoh.htm
99.01.12 19:46 B D:\FrontPage Webs\Content\meinweb\_vti_pvt\service.lck --> www.addr.com /usr/home/awolf/public_html/_vti_pvt service.lck
99.01.12 19:46 B D:\FrontPage Webs\Content\meinweb\_vti_pvt\WS_FTP.LOG --> www.addr.com /usr/home/awolf/public_html/_vti_pvt WS_FTP.LOG
99.01.13 08:39 B D:\FrontPage Webs\Content\meinweb\_vti_pvt\deptodoc.btr --> www.addr.com /usr/home/awolf/public_html/_vti_pvt deptodoc.btr
99.01.13 08:40 B D:\FrontPage Webs\Content\meinweb\_vti_pvt\doctodep.btr --> www.addr.com /usr/home/awolf/public_html/_vti_pvt doctodep.btr
99.01.13 08:40 B D:\FrontPage Webs\Content\meinweb\_vti_pvt\access.cnf --> www.addr.com /usr/home/awolf/public_html/_vti_pvt access.cnf
99.01.13 08:40 B D:\FrontPage Webs\Content\meinweb\_vti_pvt\linkinfo.cnf --> www.addr.com /usr/home/awolf/public_html/_vti_pvt linkinfo.cnf
99.01.13 08:40 B D:\FrontPage Webs\Content\meinweb\_vti_pvt\service.cnf --> www.addr.com /usr/home/awolf/public_html/_vti_pvt service.cnf
99.01.13 08:40 B D:\FrontPage Webs\Content\meinweb\_vti_pvt\structure.cnf --> www.addr.com /usr/home/awolf/public_html/_vti_pvt structure.cnf
99.01.13 08:40 B D:\FrontPage Webs\Content\meinweb\_vti_pvt\writeto.cnf --> www.addr.com /usr/home/awolf/public_html/_vti_pvt writeto.cnf
99.01.13 08:40 B D:\FrontPage Webs\Content\meinweb\_vti_pvt\#haccess.ctl --> www.addr.com /usr/home/awolf/public_html/_vti_pvt #haccess.ctl
99.01.13 08:40 B D:\FrontPage Webs\Content\meinweb\_vti_pvt\_x_todo.htm --> www.addr.com /usr/home/awolf/public_html/_vti_pvt _x_todo.htm
99.01.13 08:40 B D:\FrontPage Webs\Content\meinweb\_vti_pvt\_x_todoh.htm --> www.addr.com /usr/home/awolf/public_html/_vti_pvt _x_todoh.htm
99.01.13 08:40 B D:\FrontPage Webs\Content\meinweb\_vti_pvt\service.lck --> www.addr.com /usr/home/awolf/public_html/_vti_pvt service.lck
99.01.13 08:40 B D:\FrontPage Webs\Content\meinweb\_vti_pvt\WS_FTP.LOG --> www.addr.com /usr/home/awolf/public_html/_vti_pvt WS_FTP.LOG
99.01.16 18:13 B D:\FrontPage Webs\Content\meinweb\_vti_pvt\deptodoc.btr --> www.addr.com /usr/home/awolf/public_html/_vti_pvt deptodoc.btr
99.01.16 18:13 B D:\FrontPage Webs\Content\meinweb\_vti_pvt\doctodep.btr --> www.addr.com /usr/home/awolf/public_html/_vti_pvt doctodep.btr
99.01.16 18:13 B D:\FrontPage Webs\Content\meinweb\_vti_pvt\access.cnf --> www.addr.com /usr/home/awolf/public_html/_vti_pvt access.cnf
99.01.16 18:13 B D:\FrontPage Webs\Content\meinweb\_vti_pvt\linkinfo.cnf --> www.addr.com /usr/home/awolf/public_html/_vti_pvt linkinfo.cnf
99.01.16 18:13 B D:\FrontPage Webs\Content\meinweb\_vti_pvt\service.cnf --> www.addr.com /usr/home/awolf/public_html/_vti_pvt service.cnf
99.01.16 18:13 B D:\FrontPage Webs\Content\meinweb\_vti_pvt\structure.cnf --> www.addr.com /usr/home/awolf/public_html/_vti_pvt structure.cnf
99.01.16 18:13 B D:\FrontPage Webs\Content\meinweb\_vti_pvt\writeto.cnf --> www.addr.com /usr/home/awolf/public_html/_vti_pvt writeto.cnf
99.01.16 18:13 B D:\FrontPage Webs\Content\meinweb\_vti_pvt\#haccess.ctl --> www.addr.com /usr/home/awolf/public_html/_vti_pvt #haccess.ctl
99.01.16 18:13 B D:\FrontPage Webs\Content\meinweb\_vti_pvt\_x_todo.htm --> www.addr.com /usr/home/awolf/public_html/_vti_pvt _x_todo.htm
99.01.16 18:13 B D:\FrontPage Webs\Content\meinweb\_vti_pvt\_x_todoh.htm --> www.addr.com /usr/home/awolf/public_html/_vti_pvt _x_todoh.htm
99.01.16 18:13 B D:\FrontPage Webs\Content\meinweb\_vti_pvt\service.lck --> www.addr.com /usr/home/awolf/public_html/_vti_pvt service.lck
99.01.16 18:13 B D:\FrontPage Webs\Content\meinweb\_vti_pvt\WS_FTP.LOG --> www.addr.com /usr/home/awolf/public_html/_vti_pvt WS_FTP.LOG
99.01.16 19:05 B D:\FrontPage Webs\Content\meinweb\_vti_pvt\deptodoc.btr --> www.addr.com /usr/home/awolf/public_html/_vti_pvt deptodoc.btr
99.01.16 19:05 B D:\FrontPage Webs\Content\meinweb\_vti_pvt\doctodep.btr --> www.addr.com /usr/home/awolf/public_html/_vti_pvt doctodep.btr
99.01.16 19:05 B D:\FrontPage Webs\Content\meinweb\_vti_pvt\access.cnf --> www.addr.com /usr/home/awolf/public_html/_vti_pvt access.cnf
99.01.16 19:05 B D:\FrontPage Webs\Content\meinweb\_vti_pvt\linkinfo.cnf --> www.addr.com /usr/home/awolf/public_html/_vti_pvt linkinfo.cnf
99.01.16 19:05 B D:\FrontPage Webs\Content\meinweb\_vti_pvt\service.cnf --> www.addr.com /usr/home/awolf/public_html/_vti_pvt service.cnf
99.01.16 19:05 B D:\FrontPage Webs\Content\meinweb\_vti_pvt\structure.cnf --> www.addr.com /usr/home/awolf/public_html/_vti_pvt structure.cnf
99.01.16 19:05 B D:\FrontPage Webs\Content\meinweb\_vti_pvt\writeto.cnf --> www.addr.com /usr/home/awolf/public_html/_vti_pvt writeto.cnf
99.01.16 19:05 B D:\FrontPage Webs\Content\meinweb\_vti_pvt\#haccess.ctl --> www.addr.com /usr/home/awolf/public_html/_vti_pvt #haccess.ctl
99.01.16 19:05 B D:\FrontPage Webs\Content\meinweb\_vti_pvt\_x_todo.htm --> www.addr.com /usr/home/awolf/public_html/_vti_pvt _x_todo.htm
99.01.16 19:05 B D:\FrontPage Webs\Content\meinweb\_vti_pvt\_x_todoh.htm --> www.addr.com /usr/home/awolf/public_html/_vti_pvt _x_todoh.htm
99.01.16 19:05 B D:\FrontPage Webs\Content\meinweb\_vti_pvt\service.lck --> www.addr.com /usr/home/awolf/public_html/_vti_pvt service.lck
99.01.16 19:05 B D:\FrontPage Webs\Content\meinweb\_vti_pvt\WS_FTP.LOG --> www.addr.com /usr/home/awolf/public_html/_vti_pvt WS_FTP.LOG
99.03.16 21:22 B D:\FrontPage Webs\Content\meinweb\_vti_pvt\deptodoc.btr --> www.addr.com /usr/home/awolf/public_html/_vti_pvt deptodoc.btr
99.03.16 21:22 B D:\FrontPage Webs\Content\meinweb\_vti_pvt\doctodep.btr --> www.addr.com /usr/home/awolf/public_html/_vti_pvt doctodep.btr
99.03.16 21:22 B D:\FrontPage Webs\Content\meinweb\_vti_pvt\access.cnf --> www.addr.com /usr/home/awolf/public_html/_vti_pvt access.cnf
99.03.16 21:22 B D:\FrontPage Webs\Content\meinweb\_vti_pvt\linkinfo.cnf --> www.addr.com /usr/home/awolf/public_html/_vti_pvt linkinfo.cnf
99.03.16 21:22 B D:\FrontPage Webs\Content\meinweb\_vti_pvt\service.cnf --> www.addr.com /usr/home/awolf/public_html/_vti_pvt service.cnf
99.03.16 21:22 B D:\FrontPage Webs\Content\meinweb\_vti_pvt\structure.cnf --> www.addr.com /usr/home/awolf/public_html/_vti_pvt structure.cnf
99.03.16 21:22 B D:\FrontPage Webs\Content\meinweb\_vti_pvt\writeto.cnf --> www.addr.com /usr/home/awolf/public_html/_vti_pvt writeto.cnf
99.03.16 21:22 B D:\FrontPage Webs\Content\meinweb\_vti_pvt\#haccess.ctl --> www.addr.com /usr/home/awolf/public_html/_vti_pvt #haccess.ctl
99.03.16 21:22 B D:\FrontPage Webs\Content\meinweb\_vti_pvt\_x_todo.htm --> www.addr.com /usr/home/awolf/public_html/_vti_pvt _x_todo.htm
99.03.16 21:22 B D:\FrontPage Webs\Content\meinweb\_vti_pvt\_x_todoh.htm --> www.addr.com /usr/home/awolf/public_html/_vti_pvt _x_todoh.htm
99.03.16 21:22 B D:\FrontPage Webs\Content\meinweb\_vti_pvt\service.lck --> www.addr.com /usr/home/awolf/public_html/_vti_pvt service.lck
99.03.16 21:22 B D:\FrontPage Webs\Content\meinweb\_vti_pvt\WS_FTP.LOG --> www.addr.com /usr/home/awolf/public_html/_vti_pvt WS_FTP.LOG
99.03.16 22:27 B D:\FrontPage Webs\Content\meinweb\_vti_pvt\deptodoc.btr --> www.addr.com /usr/home/awolf/public_html/_vti_pvt deptodoc.btr
99.03.16 22:27 B D:\FrontPage Webs\Content\meinweb\_vti_pvt\doctodep.btr --> www.addr.com /usr/home/awolf/public_html/_vti_pvt doctodep.btr
99.03.16 22:27 B D:\FrontPage Webs\Content\meinweb\_vti_pvt\access.cnf --> www.addr.com /usr/home/awolf/public_html/_vti_pvt access.cnf
99.03.16 22:27 B D:\FrontPage Webs\Content\meinweb\_vti_pvt\linkinfo.cnf --> www.addr.com /usr/home/awolf/public_html/_vti_pvt linkinfo.cnf
99.03.16 22:27 B D:\FrontPage Webs\Content\meinweb\_vti_pvt\service.cnf --> www.addr.com /usr/home/awolf/public_html/_vti_pvt service.cnf
99.03.16 22:27 B D:\FrontPage Webs\Content\meinweb\_vti_pvt\structure.cnf --> www.addr.com /usr/home/awolf/public_html/_vti_pvt structure.cnf
99.03.16 22:27 B D:\FrontPage Webs\Content\meinweb\_vti_pvt\writeto.cnf --> www.addr.com /usr/home/awolf/public_html/_vti_pvt writeto.cnf
99.03.16 22:27 B D:\FrontPage Webs\Content\meinweb\_vti_pvt\#haccess.ctl --> www.addr.com /usr/home/awolf/public_html/_vti_pvt #haccess.ctl
99.03.16 22:27 B D:\FrontPage Webs\Content\meinweb\_vti_pvt\_x_todo.htm --> www.addr.com /usr/home/awolf/public_html/_vti_pvt _x_todo.htm
99.03.16 22:27 B D:\FrontPage Webs\Content\meinweb\_vti_pvt\_x_todoh.htm --> www.addr.com /usr/home/awolf/public_html/_vti_pvt _x_todoh.htm
99.03.16 22:27 B D:\FrontPage Webs\Content\meinweb\_vti_pvt\service.lck --> www.addr.com /usr/home/awolf/public_html/_vti_pvt service.lck
99.03.16 22:27 B D:\FrontPage Webs\Content\meinweb\_vti_pvt\WS_FTP.LOG --> www.addr.com /usr/home/awolf/public_html/_vti_pvt WS_FTP.LOG
99.03.24 23:43 B D:\FrontPage Webs\Content\meinweb\_vti_pvt\#haccess.ctl --> www.addr.com /usr/home/awolf/public_html/_vti_pvt #haccess.ctl
99.03.24 23:43 B D:\FrontPage Webs\Content\meinweb\_vti_pvt\_x_todo.htm --> www.addr.com /usr/home/awolf/public_html/_vti_pvt _x_todo.htm
99.03.24 23:43 B D:\FrontPage Webs\Content\meinweb\_vti_pvt\_x_todoh.htm --> www.addr.com /usr/home/awolf/public_html/_vti_pvt _x_todoh.htm
99.03.24 23:43 B D:\FrontPage Webs\Content\meinweb\_vti_pvt\access.cnf --> www.addr.com /usr/home/awolf/public_html/_vti_pvt access.cnf
99.03.24 23:43 B D:\FrontPage Webs\Content\meinweb\_vti_pvt\deptodoc.btr --> www.addr.com /usr/home/awolf/public_html/_vti_pvt deptodoc.btr
99.03.24 23:43 B D:\FrontPage Webs\Content\meinweb\_vti_pvt\doctodep.btr --> www.addr.com /usr/home/awolf/public_html/_vti_pvt doctodep.btr
99.03.24 23:43 B D:\FrontPage Webs\Content\meinweb\_vti_pvt\linkinfo.cnf --> www.addr.com /usr/home/awolf/public_html/_vti_pvt linkinfo.cnf
99.03.24 23:43 B D:\FrontPage Webs\Content\meinweb\_vti_pvt\service.cnf --> www.addr.com /usr/home/awolf/public_html/_vti_pvt service.cnf
99.03.24 23:43 B D:\FrontPage Webs\Content\meinweb\_vti_pvt\service.lck --> www.addr.com /usr/home/awolf/public_html/_vti_pvt service.lck
99.03.24 23:43 B D:\FrontPage Webs\Content\meinweb\_vti_pvt\structure.cnf --> www.addr.com /usr/home/awolf/public_html/_vti_pvt structure.cnf
99.03.24 23:43 B D:\FrontPage Webs\Content\meinweb\_vti_pvt\writeto.cnf --> www.addr.com /usr/home/awolf/public_html/_vti_pvt writeto.cnf
99.03.24 23:43 B D:\FrontPage Webs\Content\meinweb\_vti_pvt\WS_FTP.LOG --> www.addr.com /usr/home/awolf/public_html/_vti_pvt WS_FTP.LOG
99.04.15 22:45 B D:\FrontPage Webs\Content\meinweb\_vti_pvt\deptodoc.btr --> sslhost.de /_vti_pvt deptodoc.btr
99.04.15 22:45 B D:\FrontPage Webs\Content\meinweb\_vti_pvt\doctodep.btr --> sslhost.de /_vti_pvt doctodep.btr
99.04.15 22:45 B D:\FrontPage Webs\Content\meinweb\_vti_pvt\access.cnf --> sslhost.de /_vti_pvt access.cnf
99.04.15 22:45 B D:\FrontPage Webs\Content\meinweb\_vti_pvt\linkinfo.cnf --> sslhost.de /_vti_pvt linkinfo.cnf
99.04.15 22:45 B D:\FrontPage Webs\Content\meinweb\_vti_pvt\service.cnf --> sslhost.de /_vti_pvt service.cnf
99.04.15 22:45 B D:\FrontPage Webs\Content\meinweb\_vti_pvt\structure.cnf --> sslhost.de /_vti_pvt structure.cnf
99.04.15 22:46 B D:\FrontPage Webs\Content\meinweb\_vti_pvt\writeto.cnf --> sslhost.de /_vti_pvt writeto.cnf
99.04.15 22:46 B D:\FrontPage Webs\Content\meinweb\_vti_pvt\#haccess.ctl --> sslhost.de /_vti_pvt #haccess.ctl
99.04.15 22:46 B D:\FrontPage Webs\Content\meinweb\_vti_pvt\_x_todo.htm --> sslhost.de /_vti_pvt _x_todo.htm
99.04.15 22:46 B D:\FrontPage Webs\Content\meinweb\_vti_pvt\_x_todoh.htm --> sslhost.de /_vti_pvt _x_todoh.htm
99.04.15 22:46 B D:\FrontPage Webs\Content\meinweb\_vti_pvt\service.lck --> sslhost.de /_vti_pvt service.lck
99.04.15 22:46 B D:\FrontPage Webs\Content\meinweb\_vti_pvt\WS_FTP.LOG --> sslhost.de /_vti_pvt WS_FTP.LOG
99.06.11 23:39 B D:\FrontPage Webs\Content\meinweb\_vti_pvt\service.lck --> www.addr.com /usr6/home/awolf/public_html/_vti_pvt service.lck
99.06.11 23:39 B D:\FrontPage Webs\Content\meinweb\_vti_pvt\linkinfo.cnf --> www.addr.com /usr6/home/awolf/public_html/_vti_pvt linkinfo.cnf
99.06.11 23:40 B D:\FrontPage Webs\Content\meinweb\_vti_pvt\doctodep.btr --> www.addr.com /usr6/home/awolf/public_html/_vti_pvt doctodep.btr
99.06.11 23:40 B D:\FrontPage Webs\Content\meinweb\_vti_pvt\deptodoc.btr --> www.addr.com /usr6/home/awolf/public_html/_vti_pvt deptodoc.btr
99.06.11 23:40 B D:\FrontPage Webs\Content\meinweb\_vti_pvt\service.cnf --> www.addr.com /usr6/home/awolf/public_html/_vti_pvt service.cnf
99.06.11 23:40 B D:\FrontPage Webs\Content\meinweb\_vti_pvt\access.cnf --> www.addr.com /usr6/home/awolf/public_html/_vti_pvt access.cnf
99.06.11 23:40 B D:\FrontPage Webs\Content\meinweb\_vti_pvt\structure.cnf --> www.addr.com /usr6/home/awolf/public_html/_vti_pvt structure.cnf
99.06.11 23:40 B D:\FrontPage Webs\Content\meinweb\_vti_pvt\svcacl.cnf --> www.addr.com /usr6/home/awolf/public_html/_vti_pvt svcacl.cnf
99.06.11 23:40 B D:\FrontPage Webs\Content\meinweb\_vti_pvt\services.org --> www.addr.com /usr6/home/awolf/public_html/_vti_pvt services.org
99.06.11 23:40 B D:\FrontPage Webs\Content\meinweb\_vti_pvt\services.cnf --> www.addr.com /usr6/home/awolf/public_html/_vti_pvt services.cnf
99.06.11 23:40 B D:\FrontPage Webs\Content\meinweb\_vti_pvt\service.pwd --> www.addr.com /usr6/home/awolf/public_html/_vti_pvt service.pwd
99.06.11 23:40 B D:\FrontPage Webs\Content\meinweb\_vti_pvt\service.grp --> www.addr.com /usr6/home/awolf/public_html/_vti_pvt service.grp
99.06.11 23:40 B D:\FrontPage Webs\Content\meinweb\_vti_pvt\frontpg.lck --> www.addr.com /usr6/home/awolf/public_html/_vti_pvt frontpg.lck
99.06.11 23:40 B D:\FrontPage Webs\Content\meinweb\_vti_pvt\bots.cnf --> www.addr.com /usr6/home/awolf/public_html/_vti_pvt bots.cnf
99.06.11 23:40 B D:\FrontPage Webs\Content\meinweb\_vti_pvt\botinfs.cnf --> www.addr.com /usr6/home/awolf/public_html/_vti_pvt botinfs.cnf
99.06.11 23:40 B D:\FrontPage Webs\Content\meinweb\_vti_pvt\.htaccess --> www.addr.com /usr6/home/awolf/public_html/_vti_pvt .htaccess
99.06.11 23:40 B D:\FrontPage Webs\Content\meinweb\_vti_pvt\writeto.cnf --> www.addr.com /usr6/home/awolf/public_html/_vti_pvt writeto.cnf
99.06.11 23:40 B D:\FrontPage Webs\Content\meinweb\_vti_pvt\WS_FTP.LOG --> www.addr.com /usr6/home/awolf/public_html/_vti_pvt WS_FTP.LOG
99.06.11 23:40 B D:\FrontPage Webs\Content\meinweb\_vti_pvt\_x_todoh.htm --> www.addr.com /usr6/home/awolf/public_html/_vti_pvt _x_todoh.htm
99.06.11 23:40 B D:\FrontPage Webs\Content\meinweb\_vti_pvt\_x_todo.htm --> www.addr.com /usr6/home/awolf/public_html/_vti_pvt _x_todo.htm
99.06.11 23:40 B D:\FrontPage Webs\Content\meinweb\_vti_pvt\#haccess.ctl --> www.addr.com /usr6/home/awolf/public_html/_vti_pvt #haccess.ctl
99.08.01 10:44 B D:\FrontPage Webs\Content\meinweb\_vti_pvt\service.lck --> www.addr.com /usr6/home/awolf/public_html/_vti_pvt service.lck
99.08.01 10:44 B D:\FrontPage Webs\Content\meinweb\_vti_pvt\doctodep.btr --> www.addr.com /usr6/home/awolf/public_html/_vti_pvt doctodep.btr
99.08.01 10:44 B D:\FrontPage Webs\Content\meinweb\_vti_pvt\deptodoc.btr --> www.addr.com /usr6/home/awolf/public_html/_vti_pvt deptodoc.btr
99.08.01 10:45 B D:\FrontPage Webs\Content\meinweb\_vti_pvt\service.cnf --> www.addr.com /usr6/home/awolf/public_html/_vti_pvt service.cnf
99.08.01 11:08 B D:\FrontPage Webs\Content\meinweb\_vti_pvt\service.lck --> www.addr.com /usr6/home/awolf/public_html/_vti_pvt service.lck
99.08.01 11:09 B D:\FrontPage Webs\Content\meinweb\_vti_pvt\doctodep.btr --> www.addr.com /usr6/home/awolf/public_html/_vti_pvt doctodep.btr
99.08.01 11:09 B D:\FrontPage Webs\Content\meinweb\_vti_pvt\deptodoc.btr --> www.addr.com /usr6/home/awolf/public_html/_vti_pvt deptodoc.btr
99.08.01 11:09 B D:\FrontPage Webs\Content\meinweb\_vti_pvt\WS_FTP.LOG --> www.addr.com /usr6/home/awolf/public_html/_vti_pvt WS_FTP.LOG
99.08.01 11:09 B D:\FrontPage Webs\Content\meinweb\_vti_pvt\service.cnf --> www.addr.com /usr6/home/awolf/public_html/_vti_pvt service.cnf
99.08.01 11:09 B D:\FrontPage Webs\Content\meinweb\_vti_pvt\linkinfo.cnf --> www.addr.com /usr6/home/awolf/public_html/_vti_pvt linkinfo.cnf
99.08.01 11:09 B D:\FrontPage Webs\Content\meinweb\_vti_pvt\structure.cnf --> www.addr.com /usr6/home/awolf/public_html/_vti_pvt structure.cnf
99.08.01 11:09 B D:\FrontPage Webs\Content\meinweb\_vti_pvt\_x_todoh.htm --> www.addr.com /usr6/home/awolf/public_html/_vti_pvt _x_todoh.htm
99.08.01 11:09 B D:\FrontPage Webs\Content\meinweb\_vti_pvt\_x_todo.htm --> www.addr.com /usr6/home/awolf/public_html/_vti_pvt _x_todo.htm
99.08.01 11:09 B D:\FrontPage Webs\Content\meinweb\_vti_pvt\access.cnf --> www.addr.com /usr6/home/awolf/public_html/_vti_pvt access.cnf
99.08.01 11:09 B D:\FrontPage Webs\Content\meinweb\_vti_pvt\svcacl.cnf --> www.addr.com /usr6/home/awolf/public_html/_vti_pvt svcacl.cnf
99.08.01 11:09 B D:\FrontPage Webs\Content\meinweb\_vti_pvt\services.org --> www.addr.com /usr6/home/awolf/public_html/_vti_pvt services.org
99.08.01 11:09 B D:\FrontPage Webs\Content\meinweb\_vti_pvt\services.cnf --> www.addr.com /usr6/home/awolf/public_html/_vti_pvt services.cnf
99.08.01 11:09 B D:\FrontPage Webs\Content\meinweb\_vti_pvt\service.pwd --> www.addr.com /usr6/home/awolf/public_html/_vti_pvt service.pwd
99.08.01 11:09 B D:\FrontPage Webs\Content\meinweb\_vti_pvt\service.grp --> www.addr.com /usr6/home/awolf/public_html/_vti_pvt service.grp
99.08.01 11:09 B D:\FrontPage Webs\Content\meinweb\_vti_pvt\frontpg.lck --> www.addr.com /usr6/home/awolf/public_html/_vti_pvt frontpg.lck
99.08.01 11:09 B D:\FrontPage Webs\Content\meinweb\_vti_pvt\bots.cnf --> www.addr.com /usr6/home/awolf/public_html/_vti_pvt bots.cnf
99.08.01 11:10 B D:\FrontPage Webs\Content\meinweb\_vti_pvt\botinfs.cnf --> www.addr.com /usr6/home/awolf/public_html/_vti_pvt botinfs.cnf
99.08.01 11:10 B D:\FrontPage Webs\Content\meinweb\_vti_pvt\.htaccess --> www.addr.com /usr6/home/awolf/public_html/_vti_pvt .htaccess
99.08.01 11:10 B D:\FrontPage Webs\Content\meinweb\_vti_pvt\writeto.cnf --> www.addr.com /usr6/home/awolf/public_html/_vti_pvt writeto.cnf
99.08.01 11:10 B D:\FrontPage Webs\Content\meinweb\_vti_pvt\#haccess.ctl --> www.addr.com /usr6/home/awolf/public_html/_vti_pvt #haccess.ctl
99.08.03 19:35 B D:\FrontPage Webs\Content\meinweb\_vti_pvt\doctodep.btr --> www.addr.com /usr6/home/awolf/public_html/_vti_pvt doctodep.btr
99.08.03 19:35 B D:\FrontPage Webs\Content\meinweb\_vti_pvt\deptodoc.btr --> www.addr.com /usr6/home/awolf/public_html/_vti_pvt deptodoc.btr
99.08.03 19:35 B D:\FrontPage Webs\Content\meinweb\_vti_pvt\service.lck --> www.addr.com /usr6/home/awolf/public_html/_vti_pvt service.lck
99.08.03 19:35 B D:\FrontPage Webs\Content\meinweb\_vti_pvt\service.cnf --> www.addr.com /usr6/home/awolf/public_html/_vti_pvt service.cnf
99.08.04 23:47 B D:\FrontPage Webs\Content\meinweb\_vti_pvt\service.lck --> www.addr.com /usr6/home/awolf/public_html/_vti_pvt service.lck
99.08.04 23:47 B D:\FrontPage Webs\Content\meinweb\_vti_pvt\doctodep.btr --> www.addr.com /usr6/home/awolf/public_html/_vti_pvt doctodep.btr
99.08.04 23:48 B D:\FrontPage Webs\Content\meinweb\_vti_pvt\deptodoc.btr --> www.addr.com /usr6/home/awolf/public_html/_vti_pvt deptodoc.btr
99.08.04 23:48 B D:\FrontPage Webs\Content\meinweb\_vti_pvt\service.cnf --> www.addr.com /usr6/home/awolf/public_html/_vti_pvt service.cnf
99.08.04 23:48 B D:\FrontPage Webs\Content\meinweb\_vti_pvt\linkinfo.cnf --> www.addr.com /usr6/home/awolf/public_html/_vti_pvt linkinfo.cnf
99.08.04 23:48 B D:\FrontPage Webs\Content\meinweb\_vti_pvt\structure.cnf --> www.addr.com /usr6/home/awolf/public_html/_vti_pvt structure.cnf
99.08.04 23:48 B D:\FrontPage Webs\Content\meinweb\_vti_pvt\writeto.cnf --> www.addr.com /usr6/home/awolf/public_html/_vti_pvt writeto.cnf
99.08.04 23:48 B D:\FrontPage Webs\Content\meinweb\_vti_pvt\WS_FTP.LOG --> www.addr.com /usr6/home/awolf/public_html/_vti_pvt WS_FTP.LOG
99.08.04 23:48 B D:\FrontPage Webs\Content\meinweb\_vti_pvt\_x_todoh.htm --> www.addr.com /usr6/home/awolf/public_html/_vti_pvt _x_todoh.htm
99.08.04 23:48 B D:\FrontPage Webs\Content\meinweb\_vti_pvt\_x_todo.htm --> www.addr.com /usr6/home/awolf/public_html/_vti_pvt _x_todo.htm
99.08.04 23:48 B D:\FrontPage Webs\Content\meinweb\_vti_pvt\access.cnf --> www.addr.com /usr6/home/awolf/public_html/_vti_pvt access.cnf
99.08.04 23:48 B D:\FrontPage Webs\Content\meinweb\_vti_pvt\svcacl.cnf --> www.addr.com /usr6/home/awolf/public_html/_vti_pvt svcacl.cnf
99.08.04 23:48 B D:\FrontPage Webs\Content\meinweb\_vti_pvt\services.org --> www.addr.com /usr6/home/awolf/public_html/_vti_pvt services.org
99.08.04 23:48 B D:\FrontPage Webs\Content\meinweb\_vti_pvt\services.cnf --> www.addr.com /usr6/home/awolf/public_html/_vti_pvt services.cnf
99.08.04 23:48 B D:\FrontPage Webs\Content\meinweb\_vti_pvt\service.pwd --> www.addr.com /usr6/home/awolf/public_html/_vti_pvt service.pwd
99.08.04 23:48 B D:\FrontPage Webs\Content\meinweb\_vti_pvt\service.grp --> www.addr.com /usr6/home/awolf/public_html/_vti_pvt service.grp
99.08.04 23:48 B D:\FrontPage Webs\Content\meinweb\_vti_pvt\frontpg.lck --> www.addr.com /usr6/home/awolf/public_html/_vti_pvt frontpg.lck
99.08.04 23:48 B D:\FrontPage Webs\Content\meinweb\_vti_pvt\bots.cnf --> www.addr.com /usr6/home/awolf/public_html/_vti_pvt bots.cnf
99.08.04 23:48 B D:\FrontPage Webs\Content\meinweb\_vti_pvt\botinfs.cnf --> www.addr.com /usr6/home/awolf/public_html/_vti_pvt botinfs.cnf
99.08.04 23:48 B D:\FrontPage Webs\Content\meinweb\_vti_pvt\.htaccess --> www.addr.com /usr6/home/awolf/public_html/_vti_pvt .htaccess
99.08.04 23:48 B D:\FrontPage Webs\Content\meinweb\_vti_pvt\#haccess.ctl --> www.addr.com /usr6/home/awolf/public_html/_vti_pvt #haccess.ctl
1999.10.23 00:45 B D:\FrontPage Webs\Content\meinweb\_vti_pvt\doctodep.btr --> www.addr.com /usr6/home/awolf/public_html/_vti_pvt doctodep.btr
1999.10.23 00:45 B D:\FrontPage Webs\Content\meinweb\_vti_pvt\deptodoc.btr --> www.addr.com /usr6/home/awolf/public_html/_vti_pvt deptodoc.btr
1999.10.23 00:45 B D:\FrontPage Webs\Content\meinweb\_vti_pvt\service.lck --> www.addr.com /usr6/home/awolf/public_html/_vti_pvt service.lck
1999.10.23 00:45 B D:\FrontPage Webs\Content\meinweb\_vti_pvt\structure.cnf --> www.addr.com /usr6/home/awolf/public_html/_vti_pvt structure.cnf
1999.10.23 00:45 B D:\FrontPage Webs\Content\meinweb\_vti_pvt\service.cnf --> www.addr.com /usr6/home/awolf/public_html/_vti_pvt service.cnf
1999.10.23 00:45 B D:\FrontPage Webs\Content\meinweb\_vti_pvt\linkinfo.cnf --> www.addr.com /usr6/home/awolf/public_html/_vti_pvt linkinfo.cnf
1999.10.23 00:45 B D:\FrontPage Webs\Content\meinweb\_vti_pvt\writeto.cnf --> www.addr.com /usr6/home/awolf/public_html/_vti_pvt writeto.cnf
1999.10.23 00:45 B D:\FrontPage Webs\Content\meinweb\_vti_pvt\bots.cnf --> www.addr.com /usr6/home/awolf/public_html/_vti_pvt bots.cnf
1999.10.23 00:45 B D:\FrontPage Webs\Content\meinweb\_vti_pvt\botinfs.cnf --> www.addr.com /usr6/home/awolf/public_html/_vti_pvt botinfs.cnf
1999.10.23 00:45 B D:\FrontPage Webs\Content\meinweb\_vti_pvt\WS_FTP.LOG --> www.addr.com /usr6/home/awolf/public_html/_vti_pvt WS_FTP.LOG
1999.10.23 00:45 B D:\FrontPage Webs\Content\meinweb\_vti_pvt\frontpg.lck --> www.addr.com /usr6/home/awolf/public_html/_vti_pvt frontpg.lck
1999.10.23 00:50 B D:\FrontPage Webs\Content\meinweb\_vti_pvt\service.lck --> www.addr.com /usr6/home/awolf/public_html/_vti_pvt service.lck
1999.10.23 00:50 B D:\FrontPage Webs\Content\meinweb\_vti_pvt\linkinfo.cnf --> www.addr.com /usr6/home/awolf/public_html/_vti_pvt linkinfo.cnf
1999.10.23 00:51 B D:\FrontPage Webs\Content\meinweb\_vti_pvt\doctodep.btr --> www.addr.com /usr6/home/awolf/public_html/_vti_pvt doctodep.btr
1999.10.23 00:51 B D:\FrontPage Webs\Content\meinweb\_vti_pvt\deptodoc.btr --> www.addr.com /usr6/home/awolf/public_html/_vti_pvt deptodoc.btr
1999.10.23 00:51 B D:\FrontPage Webs\Content\meinweb\_vti_pvt\WS_FTP.LOG --> www.addr.com /usr6/home/awolf/public_html/_vti_pvt WS_FTP.LOG
1999.10.23 00:51 B D:\FrontPage Webs\Content\meinweb\_vti_pvt\structure.cnf --> www.addr.com /usr6/home/awolf/public_html/_vti_pvt structure.cnf
1999.10.23 00:51 B D:\FrontPage Webs\Content\meinweb\_vti_pvt\service.cnf --> www.addr.com /usr6/home/awolf/public_html/_vti_pvt service.cnf
1999.10.23 00:51 B D:\FrontPage Webs\Content\meinweb\_vti_pvt\frontpg.lck --> www.addr.com /usr6/home/awolf/public_html/_vti_pvt frontpg.lck
1999.10.23 09:25 B D:\FrontPage Webs\Content\meinweb\_vti_pvt\bots.cnf <-- www.jeans-land.com /usr6/home/awolf/public_html/_vti_pvt bots.cnf
1999.10.23 09:25 B D:\FrontPage Webs\Content\meinweb\_vti_pvt\botinfs.cnf <-- www.jeans-land.com /usr6/home/awolf/public_html/_vti_pvt botinfs.cnf
1999.10.23 09:25 B D:\FrontPage Webs\Content\meinweb\_vti_pvt\svcacl.cnf <-- www.jeans-land.com /usr6/home/awolf/public_html/_vti_pvt svcacl.cnf
1999.10.23 09:25 B D:\FrontPage Webs\Content\meinweb\_vti_pvt\services.org <-- www.jeans-land.com /usr6/home/awolf/public_html/_vti_pvt services.org
1999.10.23 09:25 B D:\FrontPage Webs\Content\meinweb\_vti_pvt\services.cnf <-- www.jeans-land.com /usr6/home/awolf/public_html/_vti_pvt services.cnf
1999.10.23 09:25 B D:\FrontPage Webs\Content\meinweb\_vti_pvt\service.pwd <-- www.jeans-land.com /usr6/home/awolf/public_html/_vti_pvt service.pwd
1999.10.23 09:25 B D:\FrontPage Webs\Content\meinweb\_vti_pvt\service.grp <-- www.jeans-land.com /usr6/home/awolf/public_html/_vti_pvt service.grp
1999.10.23 09:25 B D:\FrontPage Webs\Content\meinweb\_vti_pvt\access.cnf <-- www.jeans-land.com /usr6/home/awolf/public_html/_vti_pvt access.cnf
1999.10.23 09:25 B D:\FrontPage Webs\Content\meinweb\_vti_pvt\_x_todoh.htm <-- www.jeans-land.com /usr6/home/awolf/public_html/_vti_pvt _x_todoh.htm
1999.10.23 09:25 B D:\FrontPage Webs\Content\meinweb\_vti_pvt\_x_todo.htm <-- www.jeans-land.com /usr6/home/awolf/public_html/_vti_pvt _x_todo.htm
1999.10.23 09:25 B D:\FrontPage Webs\Content\meinweb\_vti_pvt\.htaccess <-- www.jeans-land.com /usr6/home/awolf/public_html/_vti_pvt .htaccess
1999.10.23 09:25 B D:\FrontPage Webs\Content\meinweb\_vti_pvt\#haccess.ctl <-- www.jeans-land.com /usr6/home/awolf/public_html/_vti_pvt #haccess.ctl
1999.10.26 08:29 B D:\FrontPage Webs\Content\meinweb\_vti_pvt\service.lck --> www.jeans-land.de /_vti_pvt service.lck
1999.10.26 08:30 B D:\FrontPage Webs\Content\meinweb\_vti_pvt\doctodep.btr --> www.jeans-land.de /_vti_pvt doctodep.btr
1999.10.26 08:30 B D:\FrontPage Webs\Content\meinweb\_vti_pvt\deptodoc.btr --> www.jeans-land.de /_vti_pvt deptodoc.btr
1999.10.26 08:30 B D:\FrontPage Webs\Content\meinweb\_vti_pvt\service.cnf --> www.jeans-land.de /_vti_pvt service.cnf
1999.10.26 08:30 B D:\FrontPage Webs\Content\meinweb\_vti_pvt\structure.cnf --> www.jeans-land.de /_vti_pvt structure.cnf
1999.10.26 08:30 B D:\FrontPage Webs\Content\meinweb\_vti_pvt\writeto.cnf --> www.jeans-land.de /_vti_pvt writeto.cnf
1999.10.26 08:30 B D:\FrontPage Webs\Content\meinweb\_vti_pvt\bots.cnf --> www.jeans-land.de /_vti_pvt bots.cnf
1999.10.26 08:30 B D:\FrontPage Webs\Content\meinweb\_vti_pvt\botinfs.cnf --> www.jeans-land.de /_vti_pvt botinfs.cnf
1999.10.26 08:30 B D:\FrontPage Webs\Content\meinweb\_vti_pvt\svcacl.cnf --> www.jeans-land.de /_vti_pvt svcacl.cnf
1999.10.26 08:30 B D:\FrontPage Webs\Content\meinweb\_vti_pvt\services.org --> www.jeans-land.de /_vti_pvt services.org
1999.10.26 08:30 B D:\FrontPage Webs\Content\meinweb\_vti_pvt\service.pwd --> www.jeans-land.de /_vti_pvt service.pwd
1999.10.26 08:30 B D:\FrontPage Webs\Content\meinweb\_vti_pvt\service.grp --> www.jeans-land.de /_vti_pvt service.grp
1999.10.26 08:30 B D:\FrontPage Webs\Content\meinweb\_vti_pvt\_x_todoh.htm --> www.jeans-land.de /_vti_pvt _x_todoh.htm
1999.10.26 08:30 B D:\FrontPage Webs\Content\meinweb\_vti_pvt\_x_todo.htm --> www.jeans-land.de /_vti_pvt _x_todo.htm
1999.10.26 08:30 B D:\FrontPage Webs\Content\meinweb\_vti_pvt\.htaccess --> www.jeans-land.de /_vti_pvt .htaccess
1999.10.26 08:30 B D:\FrontPage Webs\Content\meinweb\_vti_pvt\frontpg.lck --> www.jeans-land.de /_vti_pvt frontpg.lck
1999.12.17 21:42 B D:\FrontPage Webs\Content\meinweb\_vti_pvt\doctodep.btr --> home.nikocity.de /_vti_pvt doctodep.btr
1999.12.17 21:42 B D:\FrontPage Webs\Content\meinweb\_vti_pvt\deptodoc.btr --> home.nikocity.de /_vti_pvt deptodoc.btr
1999.12.17 21:42 B D:\FrontPage Webs\Content\meinweb\_vti_pvt\service.lck --> home.nikocity.de /_vti_pvt service.lck
1999.12.17 21:43 B D:\FrontPage Webs\Content\meinweb\_vti_pvt\service.cnf --> home.nikocity.de /_vti_pvt service.cnf
1999.12.17 21:43 B D:\FrontPage Webs\Content\meinweb\_vti_pvt\linkinfo.cnf --> home.nikocity.de /_vti_pvt linkinfo.cnf
1999.12.17 21:43 B D:\FrontPage Webs\Content\meinweb\_vti_pvt\bots.cnf --> home.nikocity.de /_vti_pvt bots.cnf
1999.12.17 21:43 B D:\FrontPage Webs\Content\meinweb\_vti_pvt\.htaccess --> home.nikocity.de /_vti_pvt .htaccess
1999.12.17 23:40 B D:\FrontPage Webs\Content\meinweb\_vti_pvt\service.lck --> www.addr.com /usr6/home/awolf/public_html/_vti_pvt service.lck
1999.12.17 23:41 B D:\FrontPage Webs\Content\meinweb\_vti_pvt\doctodep.btr --> www.addr.com /usr6/home/awolf/public_html/_vti_pvt doctodep.btr
1999.12.17 23:41 B D:\FrontPage Webs\Content\meinweb\_vti_pvt\deptodoc.btr --> www.addr.com /usr6/home/awolf/public_html/_vti_pvt deptodoc.btr
1999.12.17 23:41 B D:\FrontPage Webs\Content\meinweb\_vti_pvt\service.cnf --> www.addr.com /usr6/home/awolf/public_html/_vti_pvt service.cnf
1999.12.17 23:42 B D:\FrontPage Webs\Content\meinweb\_vti_pvt\linkinfo.cnf --> www.addr.com /usr6/home/awolf/public_html/_vti_pvt linkinfo.cnf
1999.12.17 23:48 B D:\FrontPage Webs\Content\meinweb\_vti_pvt\service.lck --> www.addr.com /usr6/home/awolf/public_html/_vti_pvt service.lck
1999.12.17 23:49 B D:\FrontPage Webs\Content\meinweb\_vti_pvt\doctodep.btr --> www.addr.com /usr6/home/awolf/public_html/_vti_pvt doctodep.btr
1999.12.17 23:49 B D:\FrontPage Webs\Content\meinweb\_vti_pvt\deptodoc.btr --> www.addr.com /usr6/home/awolf/public_html/_vti_pvt deptodoc.btr
1999.12.17 23:49 B D:\FrontPage Webs\Content\meinweb\_vti_pvt\service.cnf --> www.addr.com /usr6/home/awolf/public_html/_vti_pvt service.cnf
1999.12.17 23:49 B D:\FrontPage Webs\Content\meinweb\_vti_pvt\linkinfo.cnf --> www.addr.com /usr6/home/awolf/public_html/_vti_pvt linkinfo.cnf
1999.12.17 23:49 B D:\FrontPage Webs\Content\meinweb\_vti_pvt\structure.cnf --> www.addr.com /usr6/home/awolf/public_html/_vti_pvt structure.cnf
1999.12.17 23:49 B D:\FrontPage Webs\Content\meinweb\_vti_pvt\service.cnf.sc --> www.addr.com /usr6/home/awolf/public_html/_vti_pvt service.cnf.sc
1999.12.17 23:49 B D:\FrontPage Webs\Content\meinweb\_vti_pvt\writeto.cnf --> www.addr.com /usr6/home/awolf/public_html/_vti_pvt writeto.cnf
1999.12.19 16:53 B D:\FrontPage Webs\Content\meinweb\_vti_pvt\service.lck --> www.jeans-land.de /_vti_pvt service.lck
1999.12.19 16:54 B D:\FrontPage Webs\Content\meinweb\_vti_pvt\doctodep.btr --> www.jeans-land.de /_vti_pvt doctodep.btr
1999.12.19 16:54 B D:\FrontPage Webs\Content\meinweb\_vti_pvt\deptodoc.btr --> www.jeans-land.de /_vti_pvt deptodoc.btr
1999.12.19 16:54 B D:\FrontPage Webs\Content\meinweb\_vti_pvt\structure.cnf --> www.jeans-land.de /_vti_pvt structure.cnf
1999.12.19 16:54 B D:\FrontPage Webs\Content\meinweb\_vti_pvt\service.cnf --> www.jeans-land.de /_vti_pvt service.cnf
1999.12.19 16:54 B D:\FrontPage Webs\Content\meinweb\_vti_pvt\linkinfo.cnf --> www.jeans-land.de /_vti_pvt linkinfo.cnf
