vti_encoding:SR|utf8-nl
vti_extenderversion:SR|3.0.2.1330
vti_timelastmodified:TR|21 Dec 1998 23:03:45 -0000
98.12.21 23:02 B D:\\FrontPage Webs\\Content\\meinweb\\_borders\\_vti_cnf\\RedTab.JPG --> www.homepages.de /_borders/_vti_cnf RedTab.JPG
99.01.05 08:24 B D:
99.01.05 21:27 B D:
99.01.06 10:28 B D:
99.01.12 19:36 B D:
99.01.12 21:19 B D:
99.01.13 08:27 B D:
99.01.16 18:54 B D:
99.03.16 21:09 B D:
99.03.16 22:09 B D:
99.03.24 19:29 B D:
99.03.24 23:26 B D:
99.06.11 23:18 B D:
99.08.01 10:56 B D:
1999.10.23 00:58 B D:
1999.10.23 11:04 B D:
1999.10.25 19:54 B D:
