98.12.21 23:05 B D:\FrontPage Webs\Content\meinweb\_themes\themes.inf --> www.homepages.de /_themes themes.inf
99.01.05 08:30 B D:\FrontPage Webs\Content\meinweb\_themes\themes.inf --> www.addr.com /usr/home/awolf/_themes themes.inf
99.01.05 08:31 B D:\FrontPage Webs\Content\meinweb\_themes\WS_FTP.LOG --> www.addr.com /usr/home/awolf/_themes WS_FTP.LOG
99.01.05 21:37 B D:\FrontPage Webs\Content\meinweb\_themes\themes.inf --> www.addr.com /usr/home/awolf/_themes themes.inf
99.01.05 21:37 B D:\FrontPage Webs\Content\meinweb\_themes\WS_FTP.LOG --> www.addr.com /usr/home/awolf/_themes WS_FTP.LOG
99.01.06 10:35 B D:\FrontPage Webs\Content\meinweb\_themes\themes.inf --> www.addr.com /usr/home/awolf/public_html/_themes themes.inf
99.01.06 10:35 B D:\FrontPage Webs\Content\meinweb\_themes\WS_FTP.LOG --> www.addr.com /usr/home/awolf/public_html/_themes WS_FTP.LOG
99.01.12 19:44 B D:\FrontPage Webs\Content\meinweb\_themes\themes.inf --> www.addr.com /usr/home/awolf/public_html/_themes themes.inf
99.01.12 19:44 B D:\FrontPage Webs\Content\meinweb\_themes\WS_FTP.LOG --> www.addr.com /usr/home/awolf/public_html/_themes WS_FTP.LOG
99.01.13 08:38 B D:\FrontPage Webs\Content\meinweb\_themes\themes.inf --> www.addr.com /usr/home/awolf/public_html/_themes themes.inf
99.01.13 08:38 B D:\FrontPage Webs\Content\meinweb\_themes\WS_FTP.LOG --> www.addr.com /usr/home/awolf/public_html/_themes WS_FTP.LOG
99.01.16 18:11 B D:\FrontPage Webs\Content\meinweb\_themes\themes.inf --> www.addr.com /usr/home/awolf/public_html/_themes themes.inf
99.01.16 18:11 B D:\FrontPage Webs\Content\meinweb\_themes\WS_FTP.LOG --> www.addr.com /usr/home/awolf/public_html/_themes WS_FTP.LOG
99.01.16 19:03 B D:\FrontPage Webs\Content\meinweb\_themes\themes.inf --> www.addr.com /usr/home/awolf/public_html/_themes themes.inf
99.01.16 19:03 B D:\FrontPage Webs\Content\meinweb\_themes\WS_FTP.LOG --> www.addr.com /usr/home/awolf/public_html/_themes WS_FTP.LOG
99.03.16 21:19 B D:\FrontPage Webs\Content\meinweb\_themes\themes.inf --> www.addr.com /usr/home/awolf/public_html/_themes themes.inf
99.03.16 21:19 B D:\FrontPage Webs\Content\meinweb\_themes\WS_FTP.LOG --> www.addr.com /usr/home/awolf/public_html/_themes WS_FTP.LOG
99.03.16 22:24 B D:\FrontPage Webs\Content\meinweb\_themes\themes.inf --> www.addr.com /usr/home/awolf/public_html/_themes themes.inf
99.03.16 22:24 B D:\FrontPage Webs\Content\meinweb\_themes\WS_FTP.LOG --> www.addr.com /usr/home/awolf/public_html/_themes WS_FTP.LOG
99.03.24 23:40 B D:\FrontPage Webs\Content\meinweb\_themes\themes.inf --> www.addr.com /usr/home/awolf/public_html/_themes themes.inf
99.03.24 23:40 B D:\FrontPage Webs\Content\meinweb\_themes\WS_FTP.LOG --> www.addr.com /usr/home/awolf/public_html/_themes WS_FTP.LOG
99.06.11 23:26 B D:\FrontPage Webs\Content\meinweb\_themes\themes.inf --> www.addr.com /usr6/home/awolf/public_html/_themes themes.inf
99.06.11 23:26 B D:\FrontPage Webs\Content\meinweb\_themes\WS_FTP.LOG --> www.addr.com /usr6/home/awolf/public_html/_themes WS_FTP.LOG
1999.10.26 08:55 B D:\FrontPage Webs\Content\meinweb\_themes\themes.inf --> www.jeans-land.de /_themes themes.inf
